<14>Apr 13 12:21:01 Ron LEEF:1.0|Palo Alto Networks|PAN-OS Syslog Integration|7.1.14|allow|cat=PA Series Traffic|ReceiveTime=2018/04/13 12:21:01|SerialNumber=001122334455|Type=PA Series Traffic|subtype=deny|devTime=Apr 13 2018 12:21:01 GMT|src=10.0.0.113|dst=10.0.2.14|srcPostNAT=0.0.0.0|dstPostNAT=0.0.0.0|RuleName=All_to_Servers|usrName=SIOC\root|SourceUser=SIOC\root|DestinationUser=|Application=ssl|VirtualSystem=vsys1|SourceZone=Users|DestinationZone=Servers|IngressInterface=ae1.40|EgressInterface=ae1.20|LogForwardingProfile=SIOC_Alerts|SessionID=312844|RepeatCount=1|srcPort=65465|dstPort=5675|srcPostNATPort=0|dstPostNATPort=0|Flags=0x4000|proto=tcp|action=allow|totalBytes=2871|dstBytes=70|srcBytes=2801|totalPackets=5|StartTime=2018/04/13 12:21:01|ElapsedTime=0|URLCategory=computer-and-internet-info|sequence=241584115|ActionFlags=0x0|SourceLocation=10.0.0.0-10.255.255.255|DestinationLocation=10.0.0.0-10.255.255.255|dstPackets=1|srcPackets=4|SessionEndReason=policy-deny|DeviceGroupHierarchyL1=0|DeviceGroupHierarchyL2=0|DeviceGroupHierarchyL3=0|DeviceGroupHierarchyL4=0|vSrcName=|DeviceName=PA-3050_HA1|ActionSource=from-policy
2
<29>Apr 13 12:21:02 ProxySG: 250047 Administrator login, user 'admin', from 10.0.0.228(0) NORMAL_EVENT authconsole.cpp 487
<14>Apr 13 12:21:03 Charlie LEEF:1.0|Palo Alto Networks|PAN-OS Syslog Integration|7.1.14|reset-both|cat=PA Series Traffic|ReceiveTime=2018/04/13 12:21:03|SerialNumber=001122334455|Type=PA Series Traffic|subtype=deny|devTime=Apr 13 2018 12:21:03 GMT|src=180.165.4.245|dst=10.0.2.178|srcPostNAT=0.0.0.0|dstPostNAT=0.0.0.0|RuleName=All_to_Servers|usrName=SIOC\asteele|SourceUser=SIOC\asteele|DestinationUser=|Application=ssl|VirtualSystem=vsys1|SourceZone=Users|DestinationZone=Servers|IngressInterface=ae1.40|EgressInterface=ae1.20|LogForwardingProfile=SIOC_Alerts|SessionID=312844|RepeatCount=1|srcPort=58847|dstPort=14493|srcPostNATPort=0|dstPostNATPort=0|Flags=0x4000|proto=tcp|action=reset-both|totalBytes=2871|dstBytes=70|srcBytes=2801|totalPackets=5|StartTime=2018/04/13 12:21:03|ElapsedTime=0|URLCategory=government|sequence=241584115|ActionFlags=0x0|SourceLocation=10.0.0.0-10.255.255.255|DestinationLocation=10.0.0.0-10.255.255.255|dstPackets=1|srcPackets=4|SessionEndReason=policy_deny|DeviceGroupHierarchyL1=0|DeviceGroupHierarchyL2=0|DeviceGroupHierarchyL3=0|DeviceGroupHierarchyL4=0|vSrcName=|DeviceName=PA-3050_HA1|ActionSource=from-policy
1
Bluecoat|src=10.0.1.114|srcport=63101|dst=247.98.196.85|dstport=443|username=rcampbell|devicetime=2018/04/13 12:21:05 GMT]|s-action=TCP_CLIENT_REFRESH|sc-status=302|cs-method=GET|time-taken=1|sc-bytes=185|cs-bytes=216|cs-uri-scheme=tcp|cs-host=array611-prod.do.dsp.mp.microsoft.com/join/|cs-uri-path=/|cs-uri-query=-|cs-uri-extension=-|cs-auth-group=SIOC\Internet|rs(Content-Type)=-|cs(User-Agent)=Mozilla/5.0 (Windows NT 10.0; Win64; x64; rv:58.0) Gecko/20100101 Firefox/58.0|cs(Referer)=-|sc-filter-result=OBSERVED|filter-category=Technology/Internet|cs-uri=tcp://array611-prod.do.dsp.mp.microsoft.com/join/:443
<14>Apr 13 12:21:05 Fred LEEF:1.0|Palo Alto Networks|PAN-OS Syslog Integration|7.1.14|allow|cat=PA Series Traffic|ReceiveTime=2018/04/13 12:21:05|SerialNumber=001122334455|Type=PA Series Traffic|subtype=deny|devTime=Apr 13 2018 12:21:05 GMT|src=10.0.0.192|dst=10.0.2.216|srcPostNAT=0.0.0.0|dstPostNAT=0.0.0.0|RuleName=All_to_Servers|usrName=SIOC\pallen|SourceUser=SIOC\pallen|DestinationUser=|Application=web-browsing|VirtualSystem=vsys1|SourceZone=Users|DestinationZone=Servers|IngressInterface=ae1.40|EgressInterface=ae1.20|LogForwardingProfile=SIOC_Alerts|SessionID=312844|RepeatCount=1|srcPort=28182|dstPort=39974|srcPostNATPort=0|dstPostNATPort=0|Flags=0x4000|proto=tcp|action=allow|totalBytes=2871|dstBytes=70|srcBytes=2801|totalPackets=5|StartTime=2018/04/13 12:21:05|ElapsedTime=0|URLCategory=internet-portals|sequence=241584115|ActionFlags=0x0|SourceLocation=10.0.0.0-10.255.255.255|DestinationLocation=10.0.0.0-10.255.255.255|dstPackets=1|srcPackets=4|SessionEndReason=decrypt-error|DeviceGroupHierarchyL1=0|DeviceGroupHierarchyL2=0|DeviceGroupHierarchyL3=0|DeviceGroupHierarchyL4=0|vSrcName=|DeviceName=PA-3050_HA1|ActionSource=from-policy
<14>Apr 13 12:21:05 Ginny LEEF:1.0|Palo Alto Networks|PAN-OS Syslog Integration|7.1.14|deny|cat=PA Series Traffic|ReceiveTime=2018/04/13 12:21:05|SerialNumber=001122334455|Type=PA Series Traffic|subtype=drop|devTime=Apr 13 2018 12:21:05 GMT|src=10.0.0.113|dst=245.228.157.142|srcPostNAT=0.0.0.0|dstPostNAT=0.0.0.0|RuleName=External|usrName=SIOC\dalvarez|SourceUser=SIOC\dalvarez|DestinationUser=|Application=google-base|VirtualSystem=vsys1|SourceZone=Users|DestinationZone=External|IngressInterface=ae1.40|EgressInterface=ae1.20|LogForwardingProfile=SIOC_Alerts|SessionID=312844|RepeatCount=1|srcPort=9605|dstPort=3178|srcPostNATPort=0|dstPostNATPort=0|Flags=0x4000|proto=tcp|action=deny|totalBytes=2871|dstBytes=70|srcBytes=2801|totalPackets=5|StartTime=2018/04/13 12:21:05|ElapsedTime=0|URLCategory=reference-and-research|sequence=241584115|ActionFlags=0x0|SourceLocation=10.0.0.0-10.255.255.255|DestinationLocation=10.0.0.0-10.255.255.255|dstPackets=1|srcPackets=4|SessionEndReason=n/a|DeviceGroupHierarchyL1=0|DeviceGroupHierarchyL2=0|DeviceGroupHierarchyL3=0|DeviceGroupHierarchyL4=0|vSrcName=|DeviceName=PA-3050_HA1|ActionSource=from-policy
<13>Apr 13 12:21:05 Antonech AgentDevice=WindowsLog    AgentLogFile=Security    PluginVersion=7.2.7.20    Source=Microsoft-Windows-Security-Auditing    Computer=Ballanomy    OriginatingComputer=10.0.0.192    User=    Domain=    EventID=4634    EventIDCode=4634    EventType=8    EventCategory=0    RecordNumber=644124781    TimeGenerated=1523478419    TimeWritten=1523478419    Level=Log Always    Keywords=Audit Success	Task=SE_ADT_LOGON_LOGOFF	Opcode=Info	Message=An account was logged off.  Subject:  Security ID:  NULL SID  Account Name:  -  Account Domain:  -  Logon ID:  0x0  Logon Type:   3  Impersonation Level:  Impersonation  New Logon:  Security ID:  SIOC\alambert  Account Name:  alambert  Account Domain:  SIOC  Logon ID:  0xE9A64342  Logon GUID:  {905B9F13-F6D8-8DD9-719B-933E40659F0E}  Process Information:  Process ID:  0x0  Process Name:  -  Network Information:  Workstation Name: -  Source Network Address: 10.0.0.3  Source Port:  23245  Detailed Authentication Information:  Logon Process:  Kerberos  Authentication Package
1
Bluecoat|src=10.0.1.252|srcport=18017|dst=57.243.144.94|dstport=443|username=vford|devicetime=2018/04/13 12:21:05 GMT]|s-action=TCP_DENIED|sc-status=403|cs-method=CONNECT|time-taken=1|sc-bytes=185|cs-bytes=216|cs-uri-scheme=tcp|cs-host=ghostery-collector.ghostery.com/v2/lookuptable|cs-uri-path=/|cs-uri-query=-|cs-uri-extension=-|cs-auth-group=SIOC\Internet|rs(Content-Type)=-|cs(User-Agent)=Mozilla/5.0 (Windows NT 6.1; Win64; x64) AppleWebKit/537.36 (KHTML, like Gecko) Chrome/65.0.3325.181 Safari/537.36|cs(Referer)=-|sc-filter-result=DENIED|filter-category=Technology/Internet|cs-uri=tcp://ghostery-collector.ghostery.com/v2/lookuptable:443
<13>Apr 13 12:21:05 Antonech AgentDevice=WindowsLog    AgentLogFile=Security    PluginVersion=7.2.7.20    Source=Microsoft-Windows-Security-Auditing    Computer=Antonech    OriginatingComputer=10.0.0.3    User=    Domain=    EventID=4672    EventIDCode=4672    EventType=8    EventCategory=0    RecordNumber=644124781    TimeGenerated=1523478419    TimeWritten=1523478419    Level=Log Always    Keywords=Audit Success	Task=SE_ADT_LOGON_SPECIALLOGON	Opcode=Info	Message=Special privileges assigned to new logon.  Subject:  Security ID:  NULL SID  Account Name:  -  Account Domain:  -  Logon ID:  0x0  Logon Type:   3  Impersonation Level:  Impersonation  New Logon:  Security ID:  SIOC\mhicks  Account Name:  mhicks  Account Domain:  SIOC  Logon ID:  0xE9A64342  Logon GUID:  {905B9F13-F6D8-8DD9-719B-933E40659F0E}  Process Information:  Process ID:  0x0  Process Name:  -  Network Information:  Workstation Name: -  Source Network Address: 10.0.0.3  Source Port:  5274  Detailed Authentication Information:  Logon Process:  Kerberos  Authentication Package
<13>Apr 13 12:21:05 BeatGrabs AgentDevice=WindowsLog    AgentLogFile=Security    PluginVersion=7.2.7.20    Source=Microsoft-Windows-Security-Auditing    Computer=Antonech    OriginatingComputer=10.0.0.3    User=    Domain=    EventID=4624    EventIDCode=4624    EventType=8    EventCategory=0    RecordNumber=644124781    TimeGenerated=1523478419    TimeWritten=1523478419    Level=Log Always    Keywords=Audit Success	Task=SE_ADT_LOGON_LOGON	Opcode=Info	Message=An account was successfully logged on.  Subject:  Security ID:  NULL SID  Account Name:  -  Account Domain:  -  Logon ID:  0x0  Logon Type:   3  Impersonation Level:  Impersonation  New Logon:  Security ID:  SIOC\bmathis  Account Name:  bmathis  Account Domain:  SIOC  Logon ID:  0xE9A64342  Logon GUID:  {905B9F13-F6D8-8DD9-719B-933E40659F0E}  Process Information:  Process ID:  0x0  Process Name:  -  Network Information:  Workstation Name: -  Source Network Address: 10.0.0.228  Source Port:  28696  Detailed Authentication Information:  Logon Process:  Kerberos  Authentication Package
<14>Apr 13 12:21:06 Fred LEEF:1.0|Palo Alto Networks|PAN-OS Syslog Integration|7.1.14|allow|cat=PA Series Traffic|ReceiveTime=2018/04/13 12:21:06|SerialNumber=001122334455|Type=PA Series Traffic|subtype=deny|devTime=Apr 13 2018 12:21:06 GMT|src=10.0.0.192|dst=10.0.2.216|srcPostNAT=0.0.0.0|dstPostNAT=0.0.0.0|RuleName=All_to_Servers|usrName=SIOC\cblake|SourceUser=SIOC\cblake|DestinationUser=|Application=ssl|VirtualSystem=vsys1|SourceZone=Users|DestinationZone=Servers|IngressInterface=ae1.40|EgressInterface=ae1.20|LogForwardingProfile=SIOC_Alerts|SessionID=312844|RepeatCount=1|srcPort=27465|dstPort=57970|srcPostNATPort=0|dstPostNATPort=0|Flags=0x4000|proto=tcp|action=allow|totalBytes=2871|dstBytes=70|srcBytes=2801|totalPackets=5|StartTime=2018/04/13 12:21:06|ElapsedTime=0|URLCategory=computer-and-internet-info|sequence=241584115|ActionFlags=0x0|SourceLocation=10.0.0.0-10.255.255.255|DestinationLocation=10.0.0.0-10.255.255.255|dstPackets=1|srcPackets=4|SessionEndReason=policy-deny|DeviceGroupHierarchyL1=0|DeviceGroupHierarchyL2=0|DeviceGroupHierarchyL3=0|DeviceGroupHierarchyL4=0|vSrcName=|DeviceName=PA-3050_HA1|ActionSource=from-policy
<13>Apr 13 12:21:07 Alitorce AgentDevice=WindowsLog    AgentLogFile=Security    PluginVersion=7.2.7.20    Source=Microsoft-Windows-Security-Auditing    Computer=Antonech    OriginatingComputer=10.0.0.3    User=    Domain=    EventID=4672    EventIDCode=4672    EventType=8    EventCategory=0    RecordNumber=644124781    TimeGenerated=1523478419    TimeWritten=1523478419    Level=Log Always    Keywords=Audit Success	Task=SE_ADT_LOGON_SPECIALLOGON	Opcode=Info	Message=Special privileges assigned to new logon.  Subject:  Security ID:  NULL SID  Account Name:  -  Account Domain:  -  Logon ID:  0x0  Logon Type:   3  Impersonation Level:  Impersonation  New Logon:  Security ID:  SIOC\  Account Name:    Account Domain:  SIOC  Logon ID:  0xE9A64342  Logon GUID:  {905B9F13-F6D8-8DD9-719B-933E40659F0E}  Process Information:  Process ID:  0x0  Process Name:  -  Network Information:  Workstation Name: -  Source Network Address: 10.0.0.113  Source Port:  27597  Detailed Authentication Information:  Logon Process:  Kerberos  Authentication Package
<14>Apr 13 12:21:08 Arthur LEEF:1.0|Palo Alto Networks|PAN-OS Syslog Integration|7.1.14|general| ReceiveTime=2018/04/13 12:21:08|SerialNumber=001122334455|cat=SYSTEM|subtype=general|devTime=Apr 13 2018 12:21:08 GMT|VirtualSystem=|Filename=|Module=general|sev=1|Severity=informational|msg="User "psaunders logged in via Web from 10.0.0.228 using https"|sequence=84438|ActionFlags=0x0|DeviceGroupHierarchyL1=0|DeviceGroupHierarchyL2=0|DeviceGroupHierarchyL3=0|DeviceGroupHierarchyL4=0|vSrcName=|DeviceName=Arthur
<13>Apr 13 12:21:09 BeatGrabs AgentDevice=WindowsLog    AgentLogFile=Security    PluginVersion=7.2.7.20    Source=Microsoft-Windows-Security-Auditing    Computer=Ballanomy    OriginatingComputer=10.0.0.192    User=    Domain=    EventID=4634    EventIDCode=4634    EventType=8    EventCategory=0    RecordNumber=644124781    TimeGenerated=1523478419    TimeWritten=1523478419    Level=Log Always    Keywords=Audit Success	Task=SE_ADT_LOGON_LOGOFF	Opcode=Info	Message=An account was logged off.  Subject:  Security ID:  NULL SID  Account Name:  -  Account Domain:  -  Logon ID:  0x0  Logon Type:   3  Impersonation Level:  Impersonation  New Logon:  Security ID:  SIOC\wwalton  Account Name:  wwalton  Account Domain:  SIOC  Logon ID:  0xE9A64342  Logon GUID:  {905B9F13-F6D8-8DD9-719B-933E40659F0E}  Process Information:  Process ID:  0x0  Process Name:  -  Network Information:  Workstation Name: -  Source Network Address: 10.0.0.228  Source Port:  10531  Detailed Authentication Information:  Logon Process:  Kerberos  Authentication Package
<14>1 2018-04-13T12:21:09000000-04:00 Ursicinus sshd[5837]: Accepted publickey for jhiggins from 10.0.1.63 port 53114 ssh2: RSA 2a:50:1b:8b:93:7c:28:0a:d4:70:00:eb:03:d1:b2:14:cb:f5:db:ec
1
Bluecoat|src=10.0.1.81|srcport=50932|dst=100.74.229.250|dstport=80|username=award|devicetime=2018/04/13 12:21:10 GMT]|s-action=TCP_REFRESH_MISS|sc-status=200|cs-method=GET|time-taken=1|sc-bytes=185|cs-bytes=216|cs-uri-scheme=tcp|cs-host=5-22-3-app.agent.datadoghq.com/|cs-uri-path=/|cs-uri-query=-|cs-uri-extension=-|cs-auth-group=SIOC\Internet|rs(Content-Type)=-|cs(User-Agent)=Mozilla/5.0 (Windows NT 6.1; WOW64; Trident/7.0; rv:11.0) like Gecko|cs(Referer)=-|sc-filter-result=OBSERVED|filter-category=Technology/Internet|cs-uri=tcp://5-22-3-app.agent.datadoghq.com/:443
<13>Apr 13 12:21:12 Alitorce AgentDevice=WindowsLog    AgentLogFile=Security    PluginVersion=7.2.7.20    Source=Microsoft-Windows-Security-Auditing    Computer=Ballanomy    OriginatingComputer=10.0.0.192    User=    Domain=    EventID=4624    EventIDCode=4624    EventType=8    EventCategory=0    RecordNumber=644124781    TimeGenerated=1523478419    TimeWritten=1523478419    Level=Log Always    Keywords=Audit Success	Task=SE_ADT_LOGON_LOGON	Opcode=Info	Message=An account was successfully logged on.  Subject:  Security ID:  NULL SID  Account Name:  -  Account Domain:  -  Logon ID:  0x0  Logon Type:   3  Impersonation Level:  Impersonation  New Logon:  Security ID:  SIOC\twilson  Account Name:  twilson  Account Domain:  SIOC  Logon ID:  0xE9A64342  Logon GUID:  {905B9F13-F6D8-8DD9-719B-933E40659F0E}  Process Information:  Process ID:  0x0  Process Name:  -  Network Information:  Workstation Name: -  Source Network Address: 10.0.0.113  Source Port:  41001  Detailed Authentication Information:  Logon Process:  Kerberos  Authentication Package
<86>Apr 13 12:21:12 Novatian sshd[4328]: Failed password for rpeterson from 10.0.1.215 port 56401 ssh2
<13>Apr 13 12:21:13 Antonech AgentDevice=WindowsLog    AgentLogFile=Security    PluginVersion=7.2.7.20    Source=Microsoft-Windows-Security-Auditing    Computer=BeatGrabs    OriginatingComputer=10.0.0.228    User=    Domain=    EventID=4624    EventIDCode=4624    EventType=8    EventCategory=0    RecordNumber=644124781    TimeGenerated=1523478419    TimeWritten=1523478419    Level=Log Always    Keywords=Audit Success	Task=SE_ADT_LOGON_LOGON	Opcode=Info	Message=An account was successfully logged on.  Subject:  Security ID:  NULL SID  Account Name:  -  Account Domain:  -  Logon ID:  0x0  Logon Type:   3  Impersonation Level:  Impersonation  New Logon:  Security ID:  SIOC\kblack  Account Name:  kblack  Account Domain:  SIOC  Logon ID:  0xE9A64342  Logon GUID:  {905B9F13-F6D8-8DD9-719B-933E40659F0E}  Process Information:  Process ID:  0x0  Process Name:  -  Network Information:  Workstation Name: -  Source Network Address: 10.0.0.3  Source Port:  23397  Detailed Authentication Information:  Logon Process:  Kerberos  Authentication Package
<14>1 2018-04-10T17:40:13.308962-04:00 Christopher sshd[5279]: Connection from 10.0.1.89 port 23995 on 10.0.1.89 port 22
<13>Apr 13 12:21:14 Antonech AgentDevice=WindowsLog    AgentLogFile=Security    PluginVersion=7.2.7.20    Source=Microsoft-Windows-Security-Auditing    Computer=Alitorce    OriginatingComputer=10.0.0.113    User=    Domain=    EventID=4672    EventIDCode=4672    EventType=8    EventCategory=0    RecordNumber=644124781    TimeGenerated=1523478419    TimeWritten=1523478419    Level=Log Always    Keywords=Audit Success	Task=SE_ADT_LOGON_SPECIALLOGON	Opcode=Info	Message=Special privileges assigned to new logon.  Subject:  Security ID:  NULL SID  Account Name:  -  Account Domain:  -  Logon ID:  0x0  Logon Type:   3  Impersonation Level:  Impersonation  New Logon:  Security ID:  SIOC\gfreeman  Account Name:  gfreeman  Account Domain:  SIOC  Logon ID:  0xE9A64342  Logon GUID:  {905B9F13-F6D8-8DD9-719B-933E40659F0E}  Process Information:  Process ID:  0x0  Process Name:  -  Network Information:  Workstation Name: -  Source Network Address: 10.0.0.3  Source Port:  50023  Detailed Authentication Information:  Logon Process:  Kerberos  Authentication Package
1
Bluecoat|src=10.0.1.251|srcport=21404|dst=9.41.29.28|dstport=80|username=cbarnes|devicetime=2018/04/13 12:21:15 GMT]|s-action=TCP_DENIED|sc-status=403|cs-method=CONNECT|time-taken=1|sc-bytes=185|cs-bytes=216|cs-uri-scheme=tcp|cs-host=torrid.com|cs-uri-path=/|cs-uri-query=-|cs-uri-extension=-|cs-auth-group=SIOC\Internet|rs(Content-Type)=-|cs(User-Agent)=Mozilla/5.0 (Windows NT 10.0; WOW64; Trident/7.0; Touch; rv:11.0) like Gecko|cs(Referer)=-|sc-filter-result=DENIED|filter-category=Technology/Internet|cs-uri=tcp://torrid.com:443
<14>1 2018-04-10T17:40:13.308962-04:00 Gregory sshd[5279]: Connection from 10.0.1.97 port 8471 on 10.0.1.97 port 22
<14>1 2018-04-10T17:40:13.308962-04:00 Honorius sshd[5279]: Connection from 10.0.1.80 port 55471 on 10.0.1.80 port 22
1
Bluecoat|src=10.0.1.114|srcport=51677|dst=125.242.210.224|dstport=443|username=cnorton|devicetime=2018/04/13 12:21:15 GMT]|s-action=TCP_HIT|sc-status=200|cs-method=GET|time-taken=1|sc-bytes=185|cs-bytes=216|cs-uri-scheme=tcp|cs-host=www.msftconnecttest.com|cs-uri-path=/|cs-uri-query=-|cs-uri-extension=-|cs-auth-group=SIOC\Internet|rs(Content-Type)=-|cs(User-Agent)=Mozilla/5.0 (X11; Linux x86_64) AppleWebKit/537.36 (KHTML, like Gecko) Ubuntu Chromium/64.0.3282.167 Chrome/64.0.3282.167 Safari/537.36|cs(Referer)=-|sc-filter-result=OBSERVED|filter-category=Technology/Internet|cs-uri=tcp://www.msftconnecttest.com:443
<13>Apr 13 12:21:16 Ballanomy AgentDevice=WindowsLog    AgentLogFile=Security    PluginVersion=7.2.7.20    Source=Microsoft-Windows-Security-Auditing    Computer=Ballanomy    OriginatingComputer=10.0.0.192    User=    Domain=    EventID=4634    EventIDCode=4634    EventType=8    EventCategory=0    RecordNumber=644124781    TimeGenerated=1523478419    TimeWritten=1523478419    Level=Log Always    Keywords=Audit Success	Task=SE_ADT_LOGON_LOGOFF	Opcode=Info	Message=An account was logged off.  Subject:  Security ID:  NULL SID  Account Name:  -  Account Domain:  -  Logon ID:  0x0  Logon Type:   3  Impersonation Level:  Impersonation  New Logon:  Security ID:  SIOC\shunt  Account Name:  shunt  Account Domain:  SIOC  Logon ID:  0xE9A64342  Logon GUID:  {905B9F13-F6D8-8DD9-719B-933E40659F0E}  Process Information:  Process ID:  0x0  Process Name:  -  Network Information:  Workstation Name: -  Source Network Address: 10.0.0.192  Source Port:  54263  Detailed Authentication Information:  Logon Process:  Kerberos  Authentication Package
<13>Apr 13 12:21:16 Antonech AgentDevice=WindowsLog    AgentLogFile=Security    PluginVersion=7.2.7.20    Source=Microsoft-Windows-Security-Auditing    Computer=Alitorce    OriginatingComputer=10.0.0.113    User=    Domain=    EventID=4634    EventIDCode=4634    EventType=8    EventCategory=0    RecordNumber=644124781    TimeGenerated=1523478419    TimeWritten=1523478419    Level=Log Always    Keywords=Audit Success	Task=SE_ADT_LOGON_LOGOFF	Opcode=Info	Message=An account was logged off.  Subject:  Security ID:  NULL SID  Account Name:  -  Account Domain:  -  Logon ID:  0x0  Logon Type:   3  Impersonation Level:  Impersonation  New Logon:  Security ID:  SIOC\ddavidson  Account Name:  ddavidson  Account Domain:  SIOC  Logon ID:  0xE9A64342  Logon GUID:  {905B9F13-F6D8-8DD9-719B-933E40659F0E}  Process Information:  Process ID:  0x0  Process Name:  -  Network Information:  Workstation Name: -  Source Network Address: 10.0.0.3  Source Port:  904  Detailed Authentication Information:  Logon Process:  Kerberos  Authentication Package
2
Bluecoat|src=10.0.0.228|srcport=58215|dst=206.225.139.40|dstport=80|username=smartin|devicetime=2018/04/13 12:21:18 GMT]|s-action=TCP_RESCAN_HIT|sc-status=200|cs-method=GET|time-taken=1|sc-bytes=185|cs-bytes=216|cs-uri-scheme=tcp|cs-host=osce12-0-en.url.trendmicro.com|cs-uri-path=/|cs-uri-query=-|cs-uri-extension=-|cs-auth-group=SIOC\Internet|rs(Content-Type)=-|cs(User-Agent)=Mozilla/5.0 (Windows NT 10.0; Win64; x64; rv:59.0) Gecko/20100101 Firefox/59.0|cs(Referer)=-|sc-filter-result=OBSERVED|filter-category=Technology/Internet|cs-uri=tcp://osce12-0-en.url.trendmicro.com:443
<13>Apr 13 12:21:18 Ballanomy AgentDevice=WindowsLog    AgentLogFile=Security    PluginVersion=7.2.7.20    Source=Microsoft-Windows-Security-Auditing    Computer=Antonech    OriginatingComputer=10.0.0.3    User=    Domain=    EventID=4672    EventIDCode=4672    EventType=8    EventCategory=0    RecordNumber=644124781    TimeGenerated=1523478419    TimeWritten=1523478419    Level=Log Always    Keywords=Audit Success	Task=SE_ADT_LOGON_SPECIALLOGON	Opcode=Info	Message=Special privileges assigned to new logon.  Subject:  Security ID:  NULL SID  Account Name:  -  Account Domain:  -  Logon ID:  0x0  Logon Type:   3  Impersonation Level:  Impersonation  New Logon:  Security ID:  SIOC\shines  Account Name:  shines  Account Domain:  SIOC  Logon ID:  0xE9A64342  Logon GUID:  {905B9F13-F6D8-8DD9-719B-933E40659F0E}  Process Information:  Process ID:  0x0  Process Name:  -  Network Information:  Workstation Name: -  Source Network Address: 10.0.0.192  Source Port:  34564  Detailed Authentication Information:  Logon Process:  Kerberos  Authentication Package
<13>Apr 13 12:21:19 BeatGrabs AgentDevice=WindowsLog    AgentLogFile=Security    PluginVersion=7.2.7.20    Source=Microsoft-Windows-Security-Auditing    Computer=Antonech    OriginatingComputer=10.0.0.3    User=    Domain=    EventID=4776    EventIDCode=4776    EventType=8    EventCategory=0    RecordNumber=644124781    TimeGenerated=1523478419    TimeWritten=1523478419    Level=Log Always    Keywords=Audit Success	Task=SE_ADT_ACCOUNTLOGON_CREDENTIALVALIDATION	Opcode=Info	Message=The computer attempted to validate the credentials for an account.  Subject:  Security ID:  NULL SID  Account Name:  -  Account Domain:  -  Logon ID:  0x0  Logon Type:   3  Impersonation Level:  Impersonation  New Logon:  Security ID:  SIOC\gstephens  Account Name:  gstephens  Account Domain:  SIOC  Logon ID:  0xE9A64342  Logon GUID:  {905B9F13-F6D8-8DD9-719B-933E40659F0E}  Process Information:  Process ID:  0x0  Process Name:  -  Network Information:  Workstation Name: -  Source Network Address: 10.0.0.228  Source Port:  50980  Detailed Authentication Information:  Logon Process:  Kerberos  Authentication Package
2
Bluecoat|src=10.0.0.113|srcport=125|dst=139.213.54.157|dstport=80|username=bbowers|devicetime=2018/04/13 12:21:19 GMT]|s-action=TCP_HIT|sc-status=200|cs-method=GET|time-taken=1|sc-bytes=185|cs-bytes=216|cs-uri-scheme=tcp|cs-host=www.msftconnecttest.com|cs-uri-path=/|cs-uri-query=-|cs-uri-extension=-|cs-auth-group=SIOC\Internet|rs(Content-Type)=-|cs(User-Agent)=Mozilla/5.0 (Macintosh; Intel Mac OS X 10_10_5) AppleWebKit/603.3.8 (KHTML, like Gecko) Version/10.1.2 Safari/603.3.8|cs(Referer)=-|sc-filter-result=OBSERVED|filter-category=Technology/Internet|cs-uri=tcp://www.msftconnecttest.com:443
<14>Apr 13 12:21:20 Percy LEEF:1.0|Palo Alto Networks|PAN-OS Syslog Integration|7.1.14|allow|cat=PA Series Traffic|ReceiveTime=2018/04/13 12:21:20|SerialNumber=001122334455|Type=PA Series Traffic|subtype=end|devTime=Apr 13 2018 12:21:20 GMT|src=138.231.22.139|dst=203.47.125.76|srcPostNAT=0.0.0.0|dstPostNAT=0.0.0.0|RuleName=External|usrName=SIOC\lmoreno|SourceUser=SIOC\lmoreno|DestinationUser=|Application=google-base|VirtualSystem=vsys1|SourceZone=Users|DestinationZone=External|IngressInterface=ae1.40|EgressInterface=ae1.20|LogForwardingProfile=SIOC_Alerts|SessionID=312844|RepeatCount=1|srcPort=18716|dstPort=1309|srcPostNATPort=0|dstPostNATPort=0|Flags=0x4000|proto=tcp|action=allow|totalBytes=2871|dstBytes=70|srcBytes=2801|totalPackets=5|StartTime=2018/04/13 12:21:20|ElapsedTime=0|URLCategory=search-engines|sequence=241584115|ActionFlags=0x0|SourceLocation=10.0.0.0-10.255.255.255|DestinationLocation=10.0.0.0-10.255.255.255|dstPackets=1|srcPackets=4|SessionEndReason=n/a|DeviceGroupHierarchyL1=0|DeviceGroupHierarchyL2=0|DeviceGroupHierarchyL3=0|DeviceGroupHierarchyL4=0|vSrcName=|DeviceName=PA-3050_HA1|ActionSource=from-policy
<13>Apr 13 12:21:22 BeatGrabs AgentDevice=WindowsLog    AgentLogFile=Security    PluginVersion=7.2.7.20    Source=Microsoft-Windows-Security-Auditing    Computer=BeatGrabs    OriginatingComputer=10.0.0.228    User=    Domain=    EventID=4634    EventIDCode=4634    EventType=8    EventCategory=0    RecordNumber=644124781    TimeGenerated=1523478419    TimeWritten=1523478419    Level=Log Always    Keywords=Audit Success	Task=SE_ADT_LOGON_LOGOFF	Opcode=Info	Message=An account was logged off.  Subject:  Security ID:  NULL SID  Account Name:  -  Account Domain:  -  Logon ID:  0x0  Logon Type:   3  Impersonation Level:  Impersonation  New Logon:  Security ID:  SIOC\psaunders  Account Name:  psaunders  Account Domain:  SIOC  Logon ID:  0xE9A64342  Logon GUID:  {905B9F13-F6D8-8DD9-719B-933E40659F0E}  Process Information:  Process ID:  0x0  Process Name:  -  Network Information:  Workstation Name: -  Source Network Address: 10.0.0.228  Source Port:  36590  Detailed Authentication Information:  Logon Process:  Kerberos  Authentication Package
<13>Apr 13 12:21:22 Alitorce AgentDevice=WindowsLog    AgentLogFile=Security    PluginVersion=7.2.7.20    Source=Microsoft-Windows-Security-Auditing    Computer=BeatGrabs    OriginatingComputer=10.0.0.228    User=    Domain=    EventID=4672    EventIDCode=4672    EventType=8    EventCategory=0    RecordNumber=644124781    TimeGenerated=1523478419    TimeWritten=1523478419    Level=Log Always    Keywords=Audit Success	Task=SE_ADT_LOGON_SPECIALLOGON	Opcode=Info	Message=Special privileges assigned to new logon.  Subject:  Security ID:  NULL SID  Account Name:  -  Account Domain:  -  Logon ID:  0x0  Logon Type:   3  Impersonation Level:  Impersonation  New Logon:  Security ID:  SIOC\jporter  Account Name:  jporter  Account Domain:  SIOC  Logon ID:  0xE9A64342  Logon GUID:  {905B9F13-F6D8-8DD9-719B-933E40659F0E}  Process Information:  Process ID:  0x0  Process Name:  -  Network Information:  Workstation Name: -  Source Network Address: 10.0.0.113  Source Port:  35115  Detailed Authentication Information:  Logon Process:  Kerberos  Authentication Package
1
<29>Apr 13 12:21:23 ProxySG: 250047 Administrator login, user 'admin', from 10.0.1.45(0) NORMAL_EVENT authconsole.cpp 487
<13>Apr 13 12:21:23 BeatGrabs AgentDevice=WindowsLog    AgentLogFile=Security    PluginVersion=7.2.7.20    Source=Microsoft-Windows-Security-Auditing    Computer=Ballanomy    OriginatingComputer=10.0.0.192    User=    Domain=    EventID=4634    EventIDCode=4634    EventType=8    EventCategory=0    RecordNumber=644124781    TimeGenerated=1523478419    TimeWritten=1523478419    Level=Log Always    Keywords=Audit Success	Task=SE_ADT_LOGON_LOGOFF	Opcode=Info	Message=An account was logged off.  Subject:  Security ID:  NULL SID  Account Name:  -  Account Domain:  -  Logon ID:  0x0  Logon Type:   3  Impersonation Level:  Impersonation  New Logon:  Security ID:  SIOC\igarner  Account Name:  igarner  Account Domain:  SIOC  Logon ID:  0xE9A64342  Logon GUID:  {905B9F13-F6D8-8DD9-719B-933E40659F0E}  Process Information:  Process ID:  0x0  Process Name:  -  Network Information:  Workstation Name: -  Source Network Address: 10.0.0.228  Source Port:  4594  Detailed Authentication Information:  Logon Process:  Kerberos  Authentication Package
<13>Apr 13 12:21:24 Antonech AgentDevice=WindowsLog    AgentLogFile=Security    PluginVersion=7.2.7.20    Source=Microsoft-Windows-Security-Auditing    Computer=Alitorce    OriginatingComputer=10.0.0.113    User=    Domain=    EventID=4672    EventIDCode=4672    EventType=8    EventCategory=0    RecordNumber=644124781    TimeGenerated=1523478419    TimeWritten=1523478419    Level=Log Always    Keywords=Audit Success	Task=SE_ADT_LOGON_SPECIALLOGON	Opcode=Info	Message=Special privileges assigned to new logon.  Subject:  Security ID:  NULL SID  Account Name:  -  Account Domain:  -  Logon ID:  0x0  Logon Type:   3  Impersonation Level:  Impersonation  New Logon:  Security ID:  SIOC\jarnold  Account Name:  jarnold  Account Domain:  SIOC  Logon ID:  0xE9A64342  Logon GUID:  {905B9F13-F6D8-8DD9-719B-933E40659F0E}  Process Information:  Process ID:  0x0  Process Name:  -  Network Information:  Workstation Name: -  Source Network Address: 10.0.0.3  Source Port:  65319  Detailed Authentication Information:  Logon Process:  Kerberos  Authentication Package
<13>Apr 13 12:21:25 Alitorce AgentDevice=WindowsLog    AgentLogFile=Security    PluginVersion=7.2.7.20    Source=Microsoft-Windows-Security-Auditing    Computer=Alitorce    OriginatingComputer=10.0.0.113    User=    Domain=    EventID=4776    EventIDCode=4776    EventType=8    EventCategory=0    RecordNumber=644124781    TimeGenerated=1523478419    TimeWritten=1523478419    Level=Log Always    Keywords=Audit Success	Task=SE_ADT_ACCOUNTLOGON_CREDENTIALVALIDATION	Opcode=Info	Message=The computer attempted to validate the credentials for an account.  Subject:  Security ID:  NULL SID  Account Name:  -  Account Domain:  -  Logon ID:  0x0  Logon Type:   3  Impersonation Level:  Impersonation  New Logon:  Security ID:  SIOC\  Account Name:    Account Domain:  SIOC  Logon ID:  0xE9A64342  Logon GUID:  {905B9F13-F6D8-8DD9-719B-933E40659F0E}  Process Information:  Process ID:  0x0  Process Name:  -  Network Information:  Workstation Name: -  Source Network Address: 10.0.0.113  Source Port:  18534  Detailed Authentication Information:  Logon Process:  Kerberos  Authentication Package
<13>Apr 13 12:21:25 Ballanomy AgentDevice=WindowsLog    AgentLogFile=Security    PluginVersion=7.2.7.20    Source=Microsoft-Windows-Security-Auditing    Computer=Alitorce    OriginatingComputer=10.0.0.113    User=    Domain=    EventID=4776    EventIDCode=4776    EventType=8    EventCategory=0    RecordNumber=644124781    TimeGenerated=1523478419    TimeWritten=1523478419    Level=Log Always    Keywords=Audit Success	Task=SE_ADT_ACCOUNTLOGON_CREDENTIALVALIDATION	Opcode=Info	Message=The computer attempted to validate the credentials for an account.  Subject:  Security ID:  NULL SID  Account Name:  -  Account Domain:  -  Logon ID:  0x0  Logon Type:   3  Impersonation Level:  Impersonation  New Logon:  Security ID:  SIOC\mriley  Account Name:  mriley  Account Domain:  SIOC  Logon ID:  0xE9A64342  Logon GUID:  {905B9F13-F6D8-8DD9-719B-933E40659F0E}  Process Information:  Process ID:  0x0  Process Name:  -  Network Information:  Workstation Name: -  Source Network Address: 10.0.0.192  Source Port:  64037  Detailed Authentication Information:  Logon Process:  Kerberos  Authentication Package
<13>Apr 13 12:21:26 Antonech AgentDevice=WindowsLog    AgentLogFile=Security    PluginVersion=7.2.7.20    Source=Microsoft-Windows-Security-Auditing    Computer=BeatGrabs    OriginatingComputer=10.0.0.228    User=    Domain=    EventID=4634    EventIDCode=4634    EventType=8    EventCategory=0    RecordNumber=644124781    TimeGenerated=1523478419    TimeWritten=1523478419    Level=Log Always    Keywords=Audit Success	Task=SE_ADT_LOGON_LOGOFF	Opcode=Info	Message=An account was logged off.  Subject:  Security ID:  NULL SID  Account Name:  -  Account Domain:  -  Logon ID:  0x0  Logon Type:   3  Impersonation Level:  Impersonation  New Logon:  Security ID:  SIOC\mhicks  Account Name:  mhicks  Account Domain:  SIOC  Logon ID:  0xE9A64342  Logon GUID:  {905B9F13-F6D8-8DD9-719B-933E40659F0E}  Process Information:  Process ID:  0x0  Process Name:  -  Network Information:  Workstation Name: -  Source Network Address: 10.0.0.3  Source Port:  63807  Detailed Authentication Information:  Logon Process:  Kerberos  Authentication Package
1
Bluecoat|src=10.0.1.215|srcport=16364|dst=125.144.26.166|dstport=80|username=|devicetime=2018/04/13 12:21:27 GMT]|s-action=TCP_MISS|sc-status=301|cs-method=GET|time-taken=1|sc-bytes=185|cs-bytes=216|cs-uri-scheme=tcp|cs-host=cdn.content.prod.cms.msn.com/singletile/summary/alias/experiencebyname/today?market=he-IL&source=appxmanifest&tenant=amp&vertical=news|cs-uri-path=/|cs-uri-query=-|cs-uri-extension=-|cs-auth-group=SIOC\Internet|rs(Content-Type)=-|cs(User-Agent)=Mozilla/5.0 (Windows NT 6.1; Win64; x64) AppleWebKit/537.36 (KHTML, like Gecko) Chrome/65.0.3325.181 Safari/537.36|cs(Referer)=-|sc-filter-result=OBSERVED|filter-category=Technology/Internet|cs-uri=tcp://cdn.content.prod.cms.msn.com/singletile/summary/alias/experiencebyname/today?market=he-IL&source=appxmanifest&tenant=amp&vertical=news:443
1
Bluecoat|src=10.0.1.167|srcport=48707|dst=232.227.56.254|dstport=443|username=alambert|devicetime=2018/04/13 12:21:28 GMT]|s-action=TCP_ERR_MISS|sc-status=503|cs-method=GET|time-taken=1|sc-bytes=185|cs-bytes=216|cs-uri-scheme=tcp|cs-host=torrid.com|cs-uri-path=/|cs-uri-query=-|cs-uri-extension=-|cs-auth-group=SIOC\Internet|rs(Content-Type)=-|cs(User-Agent)=Mozilla/5.0 (Windows NT 10.0; Win64; x64; rv:59.0) Gecko/20100101 Firefox/59.0|cs(Referer)=-|sc-filter-result=DENIED|filter-category=Technology/Internet|cs-uri=tcp://torrid.com:443
2
Bluecoat|src=10.0.0.192|srcport=55616|dst=210.208.188.188|dstport=80|username=bbowers|devicetime=2018/04/13 12:21:28 GMT]|s-action=TCP_NC_MISS_RST|sc-status=200|cs-method=GET|time-taken=1|sc-bytes=185|cs-bytes=216|cs-uri-scheme=tcp|cs-host=www.msftconnecttest.com|cs-uri-path=/|cs-uri-query=-|cs-uri-extension=-|cs-auth-group=SIOC\Internet|rs(Content-Type)=-|cs(User-Agent)=Mozilla/5.0 (Windows NT 10.0; WOW64; Trident/7.0; rv:11.0) like Gecko|cs(Referer)=-|sc-filter-result=OBSERVED|filter-category=Technology/Internet|cs-uri=tcp://www.msftconnecttest.com:443
<13>Apr 13 12:21:28 Alitorce AgentDevice=WindowsLog    AgentLogFile=Security    PluginVersion=7.2.7.20    Source=Microsoft-Windows-Security-Auditing    Computer=BeatGrabs    OriginatingComputer=10.0.0.228    User=    Domain=    EventID=4776    EventIDCode=4776    EventType=8    EventCategory=0    RecordNumber=644124781    TimeGenerated=1523478419    TimeWritten=1523478419    Level=Log Always    Keywords=Audit Success	Task=SE_ADT_ACCOUNTLOGON_CREDENTIALVALIDATION	Opcode=Info	Message=The computer attempted to validate the credentials for an account.  Subject:  Security ID:  NULL SID  Account Name:  -  Account Domain:  -  Logon ID:  0x0  Logon Type:   3  Impersonation Level:  Impersonation  New Logon:  Security ID:  SIOC\rcampbell  Account Name:  rcampbell  Account Domain:  SIOC  Logon ID:  0xE9A64342  Logon GUID:  {905B9F13-F6D8-8DD9-719B-933E40659F0E}  Process Information:  Process ID:  0x0  Process Name:  -  Network Information:  Workstation Name: -  Source Network Address: 10.0.0.113  Source Port:  19367  Detailed Authentication Information:  Logon Process:  Kerberos  Authentication Package
<13>Apr 13 12:21:28 Antonech AgentDevice=WindowsLog    AgentLogFile=Security    PluginVersion=7.2.7.20    Source=Microsoft-Windows-Security-Auditing    Computer=Alitorce    OriginatingComputer=10.0.0.113    User=    Domain=    EventID=4672    EventIDCode=4672    EventType=8    EventCategory=0    RecordNumber=644124781    TimeGenerated=1523478419    TimeWritten=1523478419    Level=Log Always    Keywords=Audit Success	Task=SE_ADT_LOGON_SPECIALLOGON	Opcode=Info	Message=Special privileges assigned to new logon.  Subject:  Security ID:  NULL SID  Account Name:  -  Account Domain:  -  Logon ID:  0x0  Logon Type:   3  Impersonation Level:  Impersonation  New Logon:  Security ID:  SIOC\cpeters  Account Name:  cpeters  Account Domain:  SIOC  Logon ID:  0xE9A64342  Logon GUID:  {905B9F13-F6D8-8DD9-719B-933E40659F0E}  Process Information:  Process ID:  0x0  Process Name:  -  Network Information:  Workstation Name: -  Source Network Address: 10.0.0.3  Source Port:  28369  Detailed Authentication Information:  Logon Process:  Kerberos  Authentication Package
<13>Apr 13 12:21:29 BeatGrabs AgentDevice=WindowsLog    AgentLogFile=Security    PluginVersion=7.2.7.20    Source=Microsoft-Windows-Security-Auditing    Computer=BeatGrabs    OriginatingComputer=10.0.0.228    User=    Domain=    EventID=4672    EventIDCode=4672    EventType=8    EventCategory=0    RecordNumber=644124781    TimeGenerated=1523478419    TimeWritten=1523478419    Level=Log Always    Keywords=Audit Success	Task=SE_ADT_LOGON_SPECIALLOGON	Opcode=Info	Message=Special privileges assigned to new logon.  Subject:  Security ID:  NULL SID  Account Name:  -  Account Domain:  -  Logon ID:  0x0  Logon Type:   3  Impersonation Level:  Impersonation  New Logon:  Security ID:  SIOC\dwheeler  Account Name:  dwheeler  Account Domain:  SIOC  Logon ID:  0xE9A64342  Logon GUID:  {905B9F13-F6D8-8DD9-719B-933E40659F0E}  Process Information:  Process ID:  0x0  Process Name:  -  Network Information:  Workstation Name: -  Source Network Address: 10.0.0.228  Source Port:  766  Detailed Authentication Information:  Logon Process:  Kerberos  Authentication Package
1
Bluecoat|src=10.0.1.63|srcport=58971|dst=189.81.20.62|dstport=443|username=thowell|devicetime=2018/04/13 12:21:29 GMT]|s-action=ACCELERATED|sc-status=0|cs-method=CONNECT|time-taken=1|sc-bytes=185|cs-bytes=216|cs-uri-scheme=tcp|cs-host=raw.githubusercontent.com/|cs-uri-path=/|cs-uri-query=-|cs-uri-extension=-|cs-auth-group=SIOC\Internet|rs(Content-Type)=-|cs(User-Agent)=Mozilla/5.0 (iPad; CPU OS 11_2_6 like Mac OS X) AppleWebKit/604.5.6 (KHTML, like Gecko) Version/11.0 Mobile/15D100 Safari/604.1|cs(Referer)=-|sc-filter-result=OBSERVED|filter-category=Technology/Internet|cs-uri=tcp://raw.githubusercontent.com/:443
<14>1 2018-04-13T12:21:29000000-04:00 Adalberteris sshd[5837]: Accepted publickey for jhiggins from 10.0.1.66 port 46432 ssh2: RSA 2a:50:1b:8b:93:7c:28:0a:d4:70:00:eb:03:d1:b2:14:cb:f5:db:ec
1
Bluecoat|src=10.0.1.56|srcport=28761|dst=228.212.140.240|dstport=80|username=atucker|devicetime=2018/04/13 12:21:30 GMT]|s-action=TCP_DENIED|sc-status=403|cs-method=CONNECT|time-taken=1|sc-bytes=185|cs-bytes=216|cs-uri-scheme=tcp|cs-host=cloud-ec-asn.amp.cisco.com/|cs-uri-path=/|cs-uri-query=-|cs-uri-extension=-|cs-auth-group=SIOC\Internet|rs(Content-Type)=-|cs(User-Agent)=Mozilla/5.0 (Macintosh; Intel Mac OS X 10_13_3) AppleWebKit/537.36 (KHTML, like Gecko) Chrome/65.0.3325.181 Safari/537.36|cs(Referer)=-|sc-filter-result=DENIED|filter-category=Technology/Internet|cs-uri=tcp://cloud-ec-asn.amp.cisco.com/:443
<13>Apr 13 12:21:30 BeatGrabs AgentDevice=WindowsLog    AgentLogFile=Security    PluginVersion=7.2.7.20    Source=Microsoft-Windows-Security-Auditing    Computer=Alitorce    OriginatingComputer=10.0.0.113    User=    Domain=    EventID=4672    EventIDCode=4672    EventType=8    EventCategory=0    RecordNumber=644124781    TimeGenerated=1523478419    TimeWritten=1523478419    Level=Log Always    Keywords=Audit Success	Task=SE_ADT_LOGON_SPECIALLOGON	Opcode=Info	Message=Special privileges assigned to new logon.  Subject:  Security ID:  NULL SID  Account Name:  -  Account Domain:  -  Logon ID:  0x0  Logon Type:   3  Impersonation Level:  Impersonation  New Logon:  Security ID:  SIOC\cbarnes  Account Name:  cbarnes  Account Domain:  SIOC  Logon ID:  0xE9A64342  Logon GUID:  {905B9F13-F6D8-8DD9-719B-933E40659F0E}  Process Information:  Process ID:  0x0  Process Name:  -  Network Information:  Workstation Name: -  Source Network Address: 10.0.0.228  Source Port:  13766  Detailed Authentication Information:  Logon Process:  Kerberos  Authentication Package
<13>Apr 13 12:21:31 Ballanomy AgentDevice=WindowsLog    AgentLogFile=Security    PluginVersion=7.2.7.20    Source=Microsoft-Windows-Security-Auditing    Computer=BeatGrabs    OriginatingComputer=10.0.0.228    User=    Domain=    EventID=4624    EventIDCode=4624    EventType=8    EventCategory=0    RecordNumber=644124781    TimeGenerated=1523478419    TimeWritten=1523478419    Level=Log Always    Keywords=Audit Success	Task=SE_ADT_LOGON_LOGON	Opcode=Info	Message=An account was successfully logged on.  Subject:  Security ID:  NULL SID  Account Name:  -  Account Domain:  -  Logon ID:  0x0  Logon Type:   3  Impersonation Level:  Impersonation  New Logon:  Security ID:  SIOC\kgarza  Account Name:  kgarza  Account Domain:  SIOC  Logon ID:  0xE9A64342  Logon GUID:  {905B9F13-F6D8-8DD9-719B-933E40659F0E}  Process Information:  Process ID:  0x0  Process Name:  -  Network Information:  Workstation Name: -  Source Network Address: 10.0.0.192  Source Port:  43086  Detailed Authentication Information:  Logon Process:  Kerberos  Authentication Package
2
Bluecoat|src=10.0.0.113|srcport=34426|dst=49.18.72.73|dstport=443|username=fcaldwell|devicetime=2018/04/13 12:21:31 GMT]|s-action=TCP_CLIENT_REFRESH|sc-status=302|cs-method=GET|time-taken=1|sc-bytes=185|cs-bytes=216|cs-uri-scheme=tcp|cs-host=osce12-0-en.url.trendmicro.com|cs-uri-path=/|cs-uri-query=-|cs-uri-extension=-|cs-auth-group=SIOC\Internet|rs(Content-Type)=-|cs(User-Agent)=Mozilla/5.0 (Windows NT 6.1; Win64; x64) AppleWebKit/537.36 (KHTML, like Gecko) Chrome/64.0.3282.186 Safari/537.36Mozilla/5.0 (Macintosh; Intel Mac OS X 10_13_3) AppleWebKit/537.36 (KHTML, like Gecko) Chrome/65.0.3325.162 Safari/537.36|cs(Referer)=-|sc-filter-result=OBSERVED|filter-category=Technology/Internet|cs-uri=tcp://osce12-0-en.url.trendmicro.com:443
2
<29>Apr 13 12:21:32 ProxySG: 250047 Administrator login, user 'admin', from 10.0.0.192(0) NORMAL_EVENT authconsole.cpp 487
<13>Apr 13 12:21:32 Ballanomy AgentDevice=WindowsLog    AgentLogFile=Security    PluginVersion=7.2.7.20    Source=Microsoft-Windows-Security-Auditing    Computer=Ballanomy    OriginatingComputer=10.0.0.192    User=    Domain=    EventID=4672    EventIDCode=4672    EventType=8    EventCategory=0    RecordNumber=644124781    TimeGenerated=1523478419    TimeWritten=1523478419    Level=Log Always    Keywords=Audit Success	Task=SE_ADT_LOGON_SPECIALLOGON	Opcode=Info	Message=Special privileges assigned to new logon.  Subject:  Security ID:  NULL SID  Account Name:  -  Account Domain:  -  Logon ID:  0x0  Logon Type:   3  Impersonation Level:  Impersonation  New Logon:  Security ID:  SIOC\cpeters  Account Name:  cpeters  Account Domain:  SIOC  Logon ID:  0xE9A64342  Logon GUID:  {905B9F13-F6D8-8DD9-719B-933E40659F0E}  Process Information:  Process ID:  0x0  Process Name:  -  Network Information:  Workstation Name: -  Source Network Address: 10.0.0.192  Source Port:  33075  Detailed Authentication Information:  Logon Process:  Kerberos  Authentication Package
1
Bluecoat|src=10.0.1.81|srcport=43176|dst=161.125.99.215|dstport=443|username=rrios|devicetime=2018/04/13 12:21:33 GMT]|s-action=TCP_CLIENT_REFRESH|sc-status=302|cs-method=GET|time-taken=1|sc-bytes=185|cs-bytes=216|cs-uri-scheme=tcp|cs-host=raw.githubusercontent.com/|cs-uri-path=/|cs-uri-query=-|cs-uri-extension=-|cs-auth-group=SIOC\Internet|rs(Content-Type)=-|cs(User-Agent)=Mozilla/5.0 (Windows NT 10.0; Win64; x64; rv:59.0) Gecko/20100101 Firefox/59.0|cs(Referer)=-|sc-filter-result=OBSERVED|filter-category=Technology/Internet|cs-uri=tcp://raw.githubusercontent.com/:443
<13>Apr 13 12:21:34 Alitorce AgentDevice=WindowsLog    AgentLogFile=Security    PluginVersion=7.2.7.20    Source=Microsoft-Windows-Security-Auditing    Computer=Alitorce    OriginatingComputer=10.0.0.113    User=    Domain=    EventID=4672    EventIDCode=4672    EventType=8    EventCategory=0    RecordNumber=644124781    TimeGenerated=1523478419    TimeWritten=1523478419    Level=Log Always    Keywords=Audit Success	Task=SE_ADT_LOGON_SPECIALLOGON	Opcode=Info	Message=Special privileges assigned to new logon.  Subject:  Security ID:  NULL SID  Account Name:  -  Account Domain:  -  Logon ID:  0x0  Logon Type:   3  Impersonation Level:  Impersonation  New Logon:  Security ID:  SIOC\scrawford  Account Name:  scrawford  Account Domain:  SIOC  Logon ID:  0xE9A64342  Logon GUID:  {905B9F13-F6D8-8DD9-719B-933E40659F0E}  Process Information:  Process ID:  0x0  Process Name:  -  Network Information:  Workstation Name: -  Source Network Address: 10.0.0.113  Source Port:  47919  Detailed Authentication Information:  Logon Process:  Kerberos  Authentication Package
<13>Apr 13 12:21:34 Ballanomy AgentDevice=WindowsLog    AgentLogFile=Security    PluginVersion=7.2.7.20    Source=Microsoft-Windows-Security-Auditing    Computer=Antonech    OriginatingComputer=10.0.0.3    User=    Domain=    EventID=4624    EventIDCode=4624    EventType=8    EventCategory=0    RecordNumber=644124781    TimeGenerated=1523478419    TimeWritten=1523478419    Level=Log Always    Keywords=Audit Success	Task=SE_ADT_LOGON_LOGON	Opcode=Info	Message=An account was successfully logged on.  Subject:  Security ID:  NULL SID  Account Name:  -  Account Domain:  -  Logon ID:  0x0  Logon Type:   3  Impersonation Level:  Impersonation  New Logon:  Security ID:  SIOC\jsimon  Account Name:  jsimon  Account Domain:  SIOC  Logon ID:  0xE9A64342  Logon GUID:  {905B9F13-F6D8-8DD9-719B-933E40659F0E}  Process Information:  Process ID:  0x0  Process Name:  -  Network Information:  Workstation Name: -  Source Network Address: 10.0.0.192  Source Port:  58732  Detailed Authentication Information:  Logon Process:  Kerberos  Authentication Package
<13>Apr 13 12:21:35 Alitorce AgentDevice=WindowsLog    AgentLogFile=Security    PluginVersion=7.2.7.20    Source=Microsoft-Windows-Security-Auditing    Computer=Ballanomy    OriginatingComputer=10.0.0.192    User=    Domain=    EventID=4776    EventIDCode=4776    EventType=8    EventCategory=0    RecordNumber=644124781    TimeGenerated=1523478419    TimeWritten=1523478419    Level=Log Always    Keywords=Audit Success	Task=SE_ADT_ACCOUNTLOGON_CREDENTIALVALIDATION	Opcode=Info	Message=The computer attempted to validate the credentials for an account.  Subject:  Security ID:  NULL SID  Account Name:  -  Account Domain:  -  Logon ID:  0x0  Logon Type:   3  Impersonation Level:  Impersonation  New Logon:  Security ID:  SIOC\dalvarez  Account Name:  dalvarez  Account Domain:  SIOC  Logon ID:  0xE9A64342  Logon GUID:  {905B9F13-F6D8-8DD9-719B-933E40659F0E}  Process Information:  Process ID:  0x0  Process Name:  -  Network Information:  Workstation Name: -  Source Network Address: 10.0.0.113  Source Port:  57258  Detailed Authentication Information:  Logon Process:  Kerberos  Authentication Package
<13>Apr 13 12:21:37 Alitorce AgentDevice=WindowsLog    AgentLogFile=Security    PluginVersion=7.2.7.20    Source=Microsoft-Windows-Security-Auditing    Computer=Antonech    OriginatingComputer=10.0.0.3    User=    Domain=    EventID=4672    EventIDCode=4672    EventType=8    EventCategory=0    RecordNumber=644124781    TimeGenerated=1523478419    TimeWritten=1523478419    Level=Log Always    Keywords=Audit Success	Task=SE_ADT_LOGON_SPECIALLOGON	Opcode=Info	Message=Special privileges assigned to new logon.  Subject:  Security ID:  NULL SID  Account Name:  -  Account Domain:  -  Logon ID:  0x0  Logon Type:   3  Impersonation Level:  Impersonation  New Logon:  Security ID:  SIOC\kblack  Account Name:  kblack  Account Domain:  SIOC  Logon ID:  0xE9A64342  Logon GUID:  {905B9F13-F6D8-8DD9-719B-933E40659F0E}  Process Information:  Process ID:  0x0  Process Name:  -  Network Information:  Workstation Name: -  Source Network Address: 10.0.0.113  Source Port:  1407  Detailed Authentication Information:  Logon Process:  Kerberos  Authentication Package
<13>Apr 13 12:21:38 BeatGrabs AgentDevice=WindowsLog    AgentLogFile=Security    PluginVersion=7.2.7.20    Source=Microsoft-Windows-Security-Auditing    Computer=Antonech    OriginatingComputer=10.0.0.3    User=    Domain=    EventID=4634    EventIDCode=4634    EventType=8    EventCategory=0    RecordNumber=644124781    TimeGenerated=1523478419    TimeWritten=1523478419    Level=Log Always    Keywords=Audit Success	Task=SE_ADT_LOGON_LOGOFF	Opcode=Info	Message=An account was logged off.  Subject:  Security ID:  NULL SID  Account Name:  -  Account Domain:  -  Logon ID:  0x0  Logon Type:   3  Impersonation Level:  Impersonation  New Logon:  Security ID:  SIOC\award  Account Name:  award  Account Domain:  SIOC  Logon ID:  0xE9A64342  Logon GUID:  {905B9F13-F6D8-8DD9-719B-933E40659F0E}  Process Information:  Process ID:  0x0  Process Name:  -  Network Information:  Workstation Name: -  Source Network Address: 10.0.0.228  Source Port:  8700  Detailed Authentication Information:  Logon Process:  Kerberos  Authentication Package
