<13>Apr 13 12:36:11 BeatGrabs AgentDevice=WindowsLog    AgentLogFile=Security    PluginVersion=7.2.7.20    Source=Microsoft-Windows-Security-Auditing    Computer=Antonech    OriginatingComputer=10.0.0.3    User=    Domain=    EventID=4624    EventIDCode=4624    EventType=8    EventCategory=0    RecordNumber=644124781    TimeGenerated=1523478419    TimeWritten=1523478419    Level=Log Always    Keywords=Audit Success	Task=SE_ADT_LOGON_LOGON	Opcode=Info	Message=An account was successfully logged on.  Subject:  Security ID:  NULL SID  Account Name:  -  Account Domain:  -  Logon ID:  0x0  Logon Type:   3  Impersonation Level:  Impersonation  New Logon:  Security ID:  SIOC\rgraves  Account Name:  rgraves  Account Domain:  SIOC  Logon ID:  0xE9A64342  Logon GUID:  {905B9F13-F6D8-8DD9-719B-933E40659F0E}  Process Information:  Process ID:  0x0  Process Name:  -  Network Information:  Workstation Name: -  Source Network Address: 10.0.0.228  Source Port:  37750  Detailed Authentication Information:  Logon Process:  Kerberos  Authentication Package
<14>1 2018-04-13T12:36:12000000-04:00 Sylvester sshd[5837]: Accepted publickey for nrice from 10.0.1.236 port 56789 ssh2: RSA 2a:50:1b:8b:93:7c:28:0a:d4:70:00:eb:03:d1:b2:14:cb:f5:db:ec
2
Bluecoat|src=10.0.0.192|srcport=14144|dst=174.133.32.16|dstport=80|username=gstephens|devicetime=2018/04/13 12:36:13 GMT]|s-action=TCP_REFRESH_MISS|sc-status=200|cs-method=GET|time-taken=1|sc-bytes=185|cs-bytes=216|cs-uri-scheme=tcp|cs-host=1.client-channel.google.com/|cs-uri-path=/|cs-uri-query=-|cs-uri-extension=-|cs-auth-group=SIOC\Internet|rs(Content-Type)=-|cs(User-Agent)=Mozilla/5.0 (iPad; CPU OS 11_2_6 like Mac OS X) AppleWebKit/604.5.6 (KHTML, like Gecko) Version/11.0 Mobile/15D100 Safari/604.1|cs(Referer)=-|sc-filter-result=OBSERVED|filter-category=Technology/Internet|cs-uri=tcp://1.client-channel.google.com/:443
<13>Apr 13 12:36:13 Antonech AgentDevice=WindowsLog    AgentLogFile=Security    PluginVersion=7.2.7.20    Source=Microsoft-Windows-Security-Auditing    Computer=Alitorce    OriginatingComputer=10.0.0.113    User=    Domain=    EventID=4634    EventIDCode=4634    EventType=8    EventCategory=0    RecordNumber=644124781    TimeGenerated=1523478419    TimeWritten=1523478419    Level=Log Always    Keywords=Audit Success	Task=SE_ADT_LOGON_LOGOFF	Opcode=Info	Message=An account was logged off.  Subject:  Security ID:  NULL SID  Account Name:  -  Account Domain:  -  Logon ID:  0x0  Logon Type:   3  Impersonation Level:  Impersonation  New Logon:  Security ID:  SIOC\vford  Account Name:  vford  Account Domain:  SIOC  Logon ID:  0xE9A64342  Logon GUID:  {905B9F13-F6D8-8DD9-719B-933E40659F0E}  Process Information:  Process ID:  0x0  Process Name:  -  Network Information:  Workstation Name: -  Source Network Address: 10.0.0.3  Source Port:  36163  Detailed Authentication Information:  Logon Process:  Kerberos  Authentication Package
<85>Apr 13 12:36:14 John passwd: pam_unix(passwd:chauthtok): password changed for abryant
<13>Apr 13 12:36:15 Ballanomy AgentDevice=WindowsLog    AgentLogFile=Security    PluginVersion=7.2.7.20    Source=Microsoft-Windows-Security-Auditing    Computer=Alitorce    OriginatingComputer=10.0.0.113    User=    Domain=    EventID=4634    EventIDCode=4634    EventType=8    EventCategory=0    RecordNumber=644124781    TimeGenerated=1523478419    TimeWritten=1523478419    Level=Log Always    Keywords=Audit Success	Task=SE_ADT_LOGON_LOGOFF	Opcode=Info	Message=An account was logged off.  Subject:  Security ID:  NULL SID  Account Name:  -  Account Domain:  -  Logon ID:  0x0  Logon Type:   3  Impersonation Level:  Impersonation  New Logon:  Security ID:  SIOC\eturner  Account Name:  eturner  Account Domain:  SIOC  Logon ID:  0xE9A64342  Logon GUID:  {905B9F13-F6D8-8DD9-719B-933E40659F0E}  Process Information:  Process ID:  0x0  Process Name:  -  Network Information:  Workstation Name: -  Source Network Address: 10.0.0.192  Source Port:  55367  Detailed Authentication Information:  Logon Process:  Kerberos  Authentication Package
2
Bluecoat|src=10.0.0.228|srcport=56658|dst=116.157.157.180|dstport=80|username=root|devicetime=2018/04/13 12:36:16 GMT]|s-action=TCP_ERR_MISS|sc-status=503|cs-method=GET|time-taken=1|sc-bytes=185|cs-bytes=216|cs-uri-scheme=tcp|cs-host=www.msftconnecttest.com|cs-uri-path=/|cs-uri-query=-|cs-uri-extension=-|cs-auth-group=SIOC\Internet|rs(Content-Type)=-|cs(User-Agent)=Mozilla/5.0 (iPad; CPU OS 11_2_6 like Mac OS X) AppleWebKit/604.5.6 (KHTML, like Gecko) Version/11.0 Mobile/15D100 Safari/604.1|cs(Referer)=-|sc-filter-result=DENIED|filter-category=Technology/Internet|cs-uri=tcp://www.msftconnecttest.com:443
<13>Apr 13 12:36:17 Alitorce AgentDevice=WindowsLog    AgentLogFile=Security    PluginVersion=7.2.7.20    Source=Microsoft-Windows-Security-Auditing    Computer=BeatGrabs    OriginatingComputer=10.0.0.228    User=    Domain=    EventID=4776    EventIDCode=4776    EventType=8    EventCategory=0    RecordNumber=644124781    TimeGenerated=1523478419    TimeWritten=1523478419    Level=Log Always    Keywords=Audit Success	Task=SE_ADT_ACCOUNTLOGON_CREDENTIALVALIDATION	Opcode=Info	Message=The computer attempted to validate the credentials for an account.  Subject:  Security ID:  NULL SID  Account Name:  -  Account Domain:  -  Logon ID:  0x0  Logon Type:   3  Impersonation Level:  Impersonation  New Logon:  Security ID:  SIOC\vpotter  Account Name:  vpotter  Account Domain:  SIOC  Logon ID:  0xE9A64342  Logon GUID:  {905B9F13-F6D8-8DD9-719B-933E40659F0E}  Process Information:  Process ID:  0x0  Process Name:  -  Network Information:  Workstation Name: -  Source Network Address: 10.0.0.113  Source Port:  943  Detailed Authentication Information:  Logon Process:  Kerberos  Authentication Package
1
Bluecoat|src=10.0.1.217|srcport=12737|dst=142.177.199.65|dstport=443|username=dwheeler|devicetime=2018/04/13 12:36:18 GMT]|s-action=TCP_RESCAN_HIT|sc-status=200|cs-method=GET|time-taken=1|sc-bytes=185|cs-bytes=216|cs-uri-scheme=tcp|cs-host=cdn.content.prod.cms.msn.com/singletile/summary/alias/experiencebyname/today?market=he-IL&source=appxmanifest&tenant=amp&vertical=news|cs-uri-path=/|cs-uri-query=-|cs-uri-extension=-|cs-auth-group=SIOC\Internet|rs(Content-Type)=-|cs(User-Agent)=Mozilla/5.0 (iPad; CPU OS 11_2_6 like Mac OS X) AppleWebKit/604.5.6 (KHTML, like Gecko) Version/11.0 Mobile/15D100 Safari/604.1|cs(Referer)=-|sc-filter-result=OBSERVED|filter-category=Technology/Internet|cs-uri=tcp://cdn.content.prod.cms.msn.com/singletile/summary/alias/experiencebyname/today?market=he-IL&source=appxmanifest&tenant=amp&vertical=news:443
<13>Apr 13 12:36:18 BeatGrabs AgentDevice=WindowsLog    AgentLogFile=Security    PluginVersion=7.2.7.20    Source=Microsoft-Windows-Security-Auditing    Computer=Antonech    OriginatingComputer=10.0.0.3    User=    Domain=    EventID=4672    EventIDCode=4672    EventType=8    EventCategory=0    RecordNumber=644124781    TimeGenerated=1523478419    TimeWritten=1523478419    Level=Log Always    Keywords=Audit Success	Task=SE_ADT_LOGON_SPECIALLOGON	Opcode=Info	Message=Special privileges assigned to new logon.  Subject:  Security ID:  NULL SID  Account Name:  -  Account Domain:  -  Logon ID:  0x0  Logon Type:   3  Impersonation Level:  Impersonation  New Logon:  Security ID:  SIOC\cramsey  Account Name:  cramsey  Account Domain:  SIOC  Logon ID:  0xE9A64342  Logon GUID:  {905B9F13-F6D8-8DD9-719B-933E40659F0E}  Process Information:  Process ID:  0x0  Process Name:  -  Network Information:  Workstation Name: -  Source Network Address: 10.0.0.228  Source Port:  31695  Detailed Authentication Information:  Logon Process:  Kerberos  Authentication Package
<13>Apr 13 12:36:19 Antonech AgentDevice=WindowsLog    AgentLogFile=Security    PluginVersion=7.2.7.20    Source=Microsoft-Windows-Security-Auditing    Computer=Antonech    OriginatingComputer=10.0.0.3    User=    Domain=    EventID=4672    EventIDCode=4672    EventType=8    EventCategory=0    RecordNumber=644124781    TimeGenerated=1523478419    TimeWritten=1523478419    Level=Log Always    Keywords=Audit Success	Task=SE_ADT_LOGON_SPECIALLOGON	Opcode=Info	Message=Special privileges assigned to new logon.  Subject:  Security ID:  NULL SID  Account Name:  -  Account Domain:  -  Logon ID:  0x0  Logon Type:   3  Impersonation Level:  Impersonation  New Logon:  Security ID:  SIOC\gstephens  Account Name:  gstephens  Account Domain:  SIOC  Logon ID:  0xE9A64342  Logon GUID:  {905B9F13-F6D8-8DD9-719B-933E40659F0E}  Process Information:  Process ID:  0x0  Process Name:  -  Network Information:  Workstation Name: -  Source Network Address: 10.0.0.3  Source Port:  20773  Detailed Authentication Information:  Logon Process:  Kerberos  Authentication Package
1
Bluecoat|src=10.0.1.92|srcport=4985|dst=81.225.57.55|dstport=443|username=dstevens|devicetime=2018/04/13 12:36:21 GMT]|s-action=TCP_AUTH_HIT|sc-status=200|cs-method=GET|time-taken=1|sc-bytes=185|cs-bytes=216|cs-uri-scheme=tcp|cs-host=www.msftconnecttest.com|cs-uri-path=/|cs-uri-query=-|cs-uri-extension=-|cs-auth-group=SIOC\Internet|rs(Content-Type)=-|cs(User-Agent)=Mozilla/5.0 (Windows NT 10.0; Win64; x64) AppleWebKit/537.36 (KHTML, like Gecko) Chrome/64.0.3282.186 Safari/537.36 OPR/51.0.2830.55|cs(Referer)=-|sc-filter-result=OBSERVED|filter-category=Technology/Internet|cs-uri=tcp://www.msftconnecttest.com:443
2
<29>Apr 13 12:36:21 ProxySG: 250047 Administrator login, user 'admin', from 10.0.0.228(0) NORMAL_EVENT authconsole.cpp 487
<13>Apr 13 12:36:21 Ballanomy AgentDevice=WindowsLog    AgentLogFile=Security    PluginVersion=7.2.7.20    Source=Microsoft-Windows-Security-Auditing    Computer=Alitorce    OriginatingComputer=10.0.0.113    User=    Domain=    EventID=4634    EventIDCode=4634    EventType=8    EventCategory=0    RecordNumber=644124781    TimeGenerated=1523478419    TimeWritten=1523478419    Level=Log Always    Keywords=Audit Success	Task=SE_ADT_LOGON_LOGOFF	Opcode=Info	Message=An account was logged off.  Subject:  Security ID:  NULL SID  Account Name:  -  Account Domain:  -  Logon ID:  0x0  Logon Type:   3  Impersonation Level:  Impersonation  New Logon:  Security ID:  SIOC\emassey  Account Name:  emassey  Account Domain:  SIOC  Logon ID:  0xE9A64342  Logon GUID:  {905B9F13-F6D8-8DD9-719B-933E40659F0E}  Process Information:  Process ID:  0x0  Process Name:  -  Network Information:  Workstation Name: -  Source Network Address: 10.0.0.192  Source Port:  6351  Detailed Authentication Information:  Logon Process:  Kerberos  Authentication Package
<13>Apr 13 12:36:23 Antonech AgentDevice=WindowsLog    AgentLogFile=Security    PluginVersion=7.2.7.20    Source=Microsoft-Windows-Security-Auditing    Computer=Antonech    OriginatingComputer=10.0.0.3    User=    Domain=    EventID=4776    EventIDCode=4776    EventType=8    EventCategory=0    RecordNumber=644124781    TimeGenerated=1523478419    TimeWritten=1523478419    Level=Log Always    Keywords=Audit Success	Task=SE_ADT_ACCOUNTLOGON_CREDENTIALVALIDATION	Opcode=Info	Message=The computer attempted to validate the credentials for an account.  Subject:  Security ID:  NULL SID  Account Name:  -  Account Domain:  -  Logon ID:  0x0  Logon Type:   3  Impersonation Level:  Impersonation  New Logon:  Security ID:  SIOC\blawrence  Account Name:  blawrence  Account Domain:  SIOC  Logon ID:  0xE9A64342  Logon GUID:  {905B9F13-F6D8-8DD9-719B-933E40659F0E}  Process Information:  Process ID:  0x0  Process Name:  -  Network Information:  Workstation Name: -  Source Network Address: 10.0.0.3  Source Port:  3188  Detailed Authentication Information:  Logon Process:  Kerberos  Authentication Package
<13>Apr 13 12:36:23 Ballanomy AgentDevice=WindowsLog    AgentLogFile=Security    PluginVersion=7.2.7.20    Source=Microsoft-Windows-Security-Auditing    Computer=Ballanomy    OriginatingComputer=10.0.0.192    User=    Domain=    EventID=4634    EventIDCode=4634    EventType=8    EventCategory=0    RecordNumber=644124781    TimeGenerated=1523478419    TimeWritten=1523478419    Level=Log Always    Keywords=Audit Success	Task=SE_ADT_LOGON_LOGOFF	Opcode=Info	Message=An account was logged off.  Subject:  Security ID:  NULL SID  Account Name:  -  Account Domain:  -  Logon ID:  0x0  Logon Type:   3  Impersonation Level:  Impersonation  New Logon:  Security ID:  SIOC\abryant  Account Name:  abryant  Account Domain:  SIOC  Logon ID:  0xE9A64342  Logon GUID:  {905B9F13-F6D8-8DD9-719B-933E40659F0E}  Process Information:  Process ID:  0x0  Process Name:  -  Network Information:  Workstation Name: -  Source Network Address: 10.0.0.192  Source Port:  12322  Detailed Authentication Information:  Logon Process:  Kerberos  Authentication Package
1
Bluecoat|src=10.0.1.63|srcport=9303|dst=51.38.63.11|dstport=443|username=jhodges|devicetime=2018/04/13 12:36:24 GMT]|s-action=TCP_HIT|sc-status=200|cs-method=GET|time-taken=1|sc-bytes=185|cs-bytes=216|cs-uri-scheme=tcp|cs-host=www.msftconnecttest.com|cs-uri-path=/|cs-uri-query=-|cs-uri-extension=-|cs-auth-group=SIOC\Internet|rs(Content-Type)=-|cs(User-Agent)=Mozilla/5.0 (Windows NT 10.0; WOW64; Trident/7.0; rv:11.0) like Gecko|cs(Referer)=-|sc-filter-result=OBSERVED|filter-category=Technology/Internet|cs-uri=tcp://www.msftconnecttest.com:443
1
<29>Apr 13 12:36:24 ProxySG: 250047 Administrator login, user 'admin', from 10.0.1.92(0) NORMAL_EVENT authconsole.cpp 487
1
Bluecoat|src=10.0.1.45|srcport=51202|dst=159.67.233.240|dstport=80|username=rgraves|devicetime=2018/04/13 12:36:24 GMT]|s-action=DENIED|sc-status=0|cs-method=CONNECT|time-taken=1|sc-bytes=185|cs-bytes=216|cs-uri-scheme=tcp|cs-host=ghostery-collector.ghostery.com/v2/lookuptable|cs-uri-path=/|cs-uri-query=-|cs-uri-extension=-|cs-auth-group=SIOC\Internet|rs(Content-Type)=-|cs(User-Agent)=Mozilla/5.0 (Macintosh; Intel Mac OS X 10_10_5) AppleWebKit/603.3.8 (KHTML, like Gecko) Version/10.1.2 Safari/603.3.8|cs(Referer)=-|sc-filter-result=DENIED|filter-category=Technology/Internet|cs-uri=tcp://ghostery-collector.ghostery.com/v2/lookuptable:443
2
Bluecoat|src=10.0.0.3|srcport=51710|dst=199.201.127.189|dstport=443|username=abryant|devicetime=2018/04/13 12:36:24 GMT]|s-action=TCP_DENIED|sc-status=403|cs-method=CONNECT|time-taken=1|sc-bytes=185|cs-bytes=216|cs-uri-scheme=tcp|cs-host=ghostery-collector.ghostery.com/v2/lookuptable|cs-uri-path=/|cs-uri-query=-|cs-uri-extension=-|cs-auth-group=SIOC\Internet|rs(Content-Type)=-|cs(User-Agent)=Mozilla/5.0 (Windows NT 10.0; Win64; x64; rv:59.0) Gecko/20100101 Firefox/59.0|cs(Referer)=-|sc-filter-result=DENIED|filter-category=Technology/Internet|cs-uri=tcp://ghostery-collector.ghostery.com/v2/lookuptable:443
<13>Apr 13 12:36:26 Antonech AgentDevice=WindowsLog    AgentLogFile=Security    PluginVersion=7.2.7.20    Source=Microsoft-Windows-Security-Auditing    Computer=Alitorce    OriginatingComputer=10.0.0.113    User=    Domain=    EventID=4672    EventIDCode=4672    EventType=8    EventCategory=0    RecordNumber=644124781    TimeGenerated=1523478419    TimeWritten=1523478419    Level=Log Always    Keywords=Audit Success	Task=SE_ADT_LOGON_SPECIALLOGON	Opcode=Info	Message=Special privileges assigned to new logon.  Subject:  Security ID:  NULL SID  Account Name:  -  Account Domain:  -  Logon ID:  0x0  Logon Type:   3  Impersonation Level:  Impersonation  New Logon:  Security ID:  SIOC\thowell  Account Name:  thowell  Account Domain:  SIOC  Logon ID:  0xE9A64342  Logon GUID:  {905B9F13-F6D8-8DD9-719B-933E40659F0E}  Process Information:  Process ID:  0x0  Process Name:  -  Network Information:  Workstation Name: -  Source Network Address: 10.0.0.3  Source Port:  34464  Detailed Authentication Information:  Logon Process:  Kerberos  Authentication Package
<13>Apr 13 12:36:27 BeatGrabs AgentDevice=WindowsLog    AgentLogFile=Security    PluginVersion=7.2.7.20    Source=Microsoft-Windows-Security-Auditing    Computer=Ballanomy    OriginatingComputer=10.0.0.192    User=    Domain=    EventID=4672    EventIDCode=4672    EventType=8    EventCategory=0    RecordNumber=644124781    TimeGenerated=1523478419    TimeWritten=1523478419    Level=Log Always    Keywords=Audit Success	Task=SE_ADT_LOGON_SPECIALLOGON	Opcode=Info	Message=Special privileges assigned to new logon.  Subject:  Security ID:  NULL SID  Account Name:  -  Account Domain:  -  Logon ID:  0x0  Logon Type:   3  Impersonation Level:  Impersonation  New Logon:  Security ID:  SIOC\  Account Name:    Account Domain:  SIOC  Logon ID:  0xE9A64342  Logon GUID:  {905B9F13-F6D8-8DD9-719B-933E40659F0E}  Process Information:  Process ID:  0x0  Process Name:  -  Network Information:  Workstation Name: -  Source Network Address: 10.0.0.228  Source Port:  2883  Detailed Authentication Information:  Logon Process:  Kerberos  Authentication Package
2
<29>Apr 13 12:36:29 ProxySG: 250047 Administrator login, user 'admin', from 10.0.0.228(0) NORMAL_EVENT authconsole.cpp 487
<13>Apr 13 12:36:29 BeatGrabs AgentDevice=WindowsLog    AgentLogFile=Security    PluginVersion=7.2.7.20    Source=Microsoft-Windows-Security-Auditing    Computer=BeatGrabs    OriginatingComputer=10.0.0.228    User=    Domain=    EventID=4634    EventIDCode=4634    EventType=8    EventCategory=0    RecordNumber=644124781    TimeGenerated=1523478419    TimeWritten=1523478419    Level=Log Always    Keywords=Audit Success	Task=SE_ADT_LOGON_LOGOFF	Opcode=Info	Message=An account was logged off.  Subject:  Security ID:  NULL SID  Account Name:  -  Account Domain:  -  Logon ID:  0x0  Logon Type:   3  Impersonation Level:  Impersonation  New Logon:  Security ID:  SIOC\dwheeler  Account Name:  dwheeler  Account Domain:  SIOC  Logon ID:  0xE9A64342  Logon GUID:  {905B9F13-F6D8-8DD9-719B-933E40659F0E}  Process Information:  Process ID:  0x0  Process Name:  -  Network Information:  Workstation Name: -  Source Network Address: 10.0.0.228  Source Port:  10453  Detailed Authentication Information:  Logon Process:  Kerberos  Authentication Package
<14>Apr 13 12:36:30 Charlie LEEF:1.0|Palo Alto Networks|PAN-OS Syslog Integration|7.1.14|allow|cat=PA Series Traffic|ReceiveTime=2018/04/13 12:36:30|SerialNumber=001122334455|Type=PA Series Traffic|subtype=end|devTime=Apr 13 2018 12:36:30 GMT|src=10.0.1.243|dst=10.0.2.254|srcPostNAT=0.0.0.0|dstPostNAT=0.0.0.0|RuleName=All_to_Servers|usrName=SIOC\asmith|SourceUser=SIOC\asmith|DestinationUser=|Application=ssl|VirtualSystem=vsys1|SourceZone=Users|DestinationZone=Servers|IngressInterface=ae1.40|EgressInterface=ae1.20|LogForwardingProfile=SIOC_Alerts|SessionID=312844|RepeatCount=1|srcPort=57841|dstPort=16405|srcPostNATPort=0|dstPostNATPort=0|Flags=0x4000|proto=tcp|action=allow|totalBytes=2871|dstBytes=70|srcBytes=2801|totalPackets=5|StartTime=2018/04/13 12:36:30|ElapsedTime=0|URLCategory=computer-and-internet-info|sequence=241584115|ActionFlags=0x0|SourceLocation=10.0.0.0-10.255.255.255|DestinationLocation=10.0.0.0-10.255.255.255|dstPackets=1|srcPackets=4|SessionEndReason=tcp-fin|DeviceGroupHierarchyL1=0|DeviceGroupHierarchyL2=0|DeviceGroupHierarchyL3=0|DeviceGroupHierarchyL4=0|vSrcName=|DeviceName=PA-3050_HA1|ActionSource=from-policy
<14>Apr 13 12:36:31 Bill LEEF:1.0|Palo Alto Networks|PAN-OS Syslog Integration|7.1.14|globalprotectgateway-logout-succ| ReceiveTime=2018/04/13 12:36:31|SerialNumber=001122334455|cat=SYSTEM|subtype=globalprotect|devTime=Apr 12 2018 16:28:22 GMT|VirtualSystem=|Filename=GP-SSLVPN_Gateway2-N|Module=general|sev=1|Severity=informational|msg="GlobalProtect gateway user logout succeeded. User name: , Client OS version: Microsoft Windows 10 Pro , 64-bit, Reason: user session expired."|sequence=84466|ActionFlags=0x0|DeviceGroupHierarchyL1=0|DeviceGroupHierarchyL2=0|DeviceGroupHierarchyL3=0|DeviceGroupHierarchyL4=0|vSrcName=|DeviceName=Bill
<14>Apr 13 12:36:32 Percy LEEF:1.0|Palo Alto Networks|PAN-OS Syslog Integration|7.1.14|general| ReceiveTime=2018/04/13 12:36:32|SerialNumber=001122334455|cat=SYSTEM|subtype=general|devTime=Apr 13 2018 12:36:32 GMT|VirtualSystem=|Filename=|Module=general|sev=1|Severity=informational|msg="User "bhammond logged in via Web from 10.0.0.3 using https"|sequence=84438|ActionFlags=0x0|DeviceGroupHierarchyL1=0|DeviceGroupHierarchyL2=0|DeviceGroupHierarchyL3=0|DeviceGroupHierarchyL4=0|vSrcName=|DeviceName=Percy
<14>Apr 13 12:36:32 Bill LEEF:1.0|Palo Alto Networks|PAN-OS Syslog Integration|7.1.14|general| ReceiveTime=2018/04/13 12:36:32|SerialNumber=001122334455|cat=SYSTEM|subtype=general|devTime=Apr 13 2018 12:36:32 GMT|VirtualSystem=|Filename=|Module=general|sev=1|Severity=informational|msg="User "ddavidson logged in via Web from 10.0.0.113 using https"|sequence=84438|ActionFlags=0x0|DeviceGroupHierarchyL1=0|DeviceGroupHierarchyL2=0|DeviceGroupHierarchyL3=0|DeviceGroupHierarchyL4=0|vSrcName=|DeviceName=Bill
<13>Apr 13 12:36:32 Antonech AgentDevice=WindowsLog    AgentLogFile=Security    PluginVersion=7.2.7.20    Source=Microsoft-Windows-Security-Auditing    Computer=Ballanomy    OriginatingComputer=10.0.0.192    User=    Domain=    EventID=4776    EventIDCode=4776    EventType=8    EventCategory=0    RecordNumber=644124781    TimeGenerated=1523478419    TimeWritten=1523478419    Level=Log Always    Keywords=Audit Success	Task=SE_ADT_ACCOUNTLOGON_CREDENTIALVALIDATION	Opcode=Info	Message=The computer attempted to validate the credentials for an account.  Subject:  Security ID:  NULL SID  Account Name:  -  Account Domain:  -  Logon ID:  0x0  Logon Type:   3  Impersonation Level:  Impersonation  New Logon:  Security ID:  SIOC\shines  Account Name:  shines  Account Domain:  SIOC  Logon ID:  0xE9A64342  Logon GUID:  {905B9F13-F6D8-8DD9-719B-933E40659F0E}  Process Information:  Process ID:  0x0  Process Name:  -  Network Information:  Workstation Name: -  Source Network Address: 10.0.0.3  Source Port:  52084  Detailed Authentication Information:  Logon Process:  Kerberos  Authentication Package
<14>1 2018-04-10T17:40:13.308962-04:00 Honorius sshd[5279]: Connection from 10.0.1.80 port 24035 on 10.0.1.80 port 22
1
Bluecoat|src=10.0.1.217|srcport=47370|dst=114.217.195.89|dstport=443|username=ohart|devicetime=2018/04/13 12:36:34 GMT]|s-action=TCP_MISS|sc-status=301|cs-method=GET|time-taken=1|sc-bytes=185|cs-bytes=216|cs-uri-scheme=tcp|cs-host=raw.githubusercontent.com/|cs-uri-path=/|cs-uri-query=-|cs-uri-extension=-|cs-auth-group=SIOC\Internet|rs(Content-Type)=-|cs(User-Agent)=Mozilla/5.0 (Windows NT 6.1; WOW64; Trident/7.0; rv:11.0) like Gecko|cs(Referer)=-|sc-filter-result=OBSERVED|filter-category=Technology/Internet|cs-uri=tcp://raw.githubusercontent.com/:443
1
Bluecoat|src=10.0.1.97|srcport=2637|dst=165.39.169.254|dstport=80|username=rjohnston|devicetime=2018/04/13 12:36:36 GMT]|s-action=TCP_CLIENT_REFRESH|sc-status=302|cs-method=GET|time-taken=1|sc-bytes=185|cs-bytes=216|cs-uri-scheme=tcp|cs-host=cloud-ec-asn.amp.cisco.com/|cs-uri-path=/|cs-uri-query=-|cs-uri-extension=-|cs-auth-group=SIOC\Internet|rs(Content-Type)=-|cs(User-Agent)=Mozilla/5.0 (Windows NT 10.0; Win64; x64; rv:59.0) Gecko/20100101 Firefox/59.0|cs(Referer)=-|sc-filter-result=OBSERVED|filter-category=Technology/Internet|cs-uri=tcp://cloud-ec-asn.amp.cisco.com/:443
2
Bluecoat|src=10.0.0.3|srcport=57088|dst=139.224.15.153|dstport=443|username=shunt|devicetime=2018/04/13 12:36:36 GMT]|s-action=TCP_HIT|sc-status=200|cs-method=GET|time-taken=1|sc-bytes=185|cs-bytes=216|cs-uri-scheme=tcp|cs-host=proxyworkerrolein3-his-eus-1.connector.his.msappproxy.net/|cs-uri-path=/|cs-uri-query=-|cs-uri-extension=-|cs-auth-group=SIOC\Internet|rs(Content-Type)=-|cs(User-Agent)=Mozilla/5.0 (Windows NT 6.1; Win64; x64) AppleWebKit/537.36 (KHTML, like Gecko) Chrome/64.0.3282.186 Safari/537.36Mozilla/5.0 (Macintosh; Intel Mac OS X 10_13_3) AppleWebKit/537.36 (KHTML, like Gecko) Chrome/65.0.3325.162 Safari/537.36|cs(Referer)=-|sc-filter-result=OBSERVED|filter-category=Technology/Internet|cs-uri=tcp://proxyworkerrolein3-his-eus-1.connector.his.msappproxy.net/:443
2
<29>Apr 13 12:36:36 ProxySG: 250017 Authentication failed from 10.0.0.3: user fbass (realm SIOC)(0) NORMAL_EVENT authutility.cpp 113
2
Bluecoat|src=10.0.0.3|srcport=27331|dst=227.204.31.161|dstport=80|username=gfreeman|devicetime=2018/04/13 12:36:37 GMT]|s-action=TCP_TUNNELED|sc-status=200|cs-method=CONNECT|time-taken=1|sc-bytes=185|cs-bytes=216|cs-uri-scheme=tcp|cs-host=torrid.com|cs-uri-path=/|cs-uri-query=-|cs-uri-extension=-|cs-auth-group=SIOC\Internet|rs(Content-Type)=-|cs(User-Agent)=Mozilla/5.0 (Windows NT 10.0; Win64; x64) AppleWebKit/537.36 (KHTML, like Gecko) Chrome/64.0.3282.186 Safari/537.36 OPR/51.0.2830.55|cs(Referer)=-|sc-filter-result=OBSERVED|filter-category=Technology/Internet|cs-uri=tcp://torrid.com:443
<13>Apr 13 12:36:39 Alitorce AgentDevice=WindowsLog    AgentLogFile=Security    PluginVersion=7.2.7.20    Source=Microsoft-Windows-Security-Auditing    Computer=Ballanomy    OriginatingComputer=10.0.0.192    User=    Domain=    EventID=4634    EventIDCode=4634    EventType=8    EventCategory=0    RecordNumber=644124781    TimeGenerated=1523478419    TimeWritten=1523478419    Level=Log Always    Keywords=Audit Success	Task=SE_ADT_LOGON_LOGOFF	Opcode=Info	Message=An account was logged off.  Subject:  Security ID:  NULL SID  Account Name:  -  Account Domain:  -  Logon ID:  0x0  Logon Type:   3  Impersonation Level:  Impersonation  New Logon:  Security ID:  SIOC\kweber  Account Name:  kweber  Account Domain:  SIOC  Logon ID:  0xE9A64342  Logon GUID:  {905B9F13-F6D8-8DD9-719B-933E40659F0E}  Process Information:  Process ID:  0x0  Process Name:  -  Network Information:  Workstation Name: -  Source Network Address: 10.0.0.113  Source Port:  23151  Detailed Authentication Information:  Logon Process:  Kerberos  Authentication Package
<13>Apr 13 12:36:39 Antonech AgentDevice=WindowsLog    AgentLogFile=Security    PluginVersion=7.2.7.20    Source=Microsoft-Windows-Security-Auditing    Computer=Antonech    OriginatingComputer=10.0.0.3    User=    Domain=    EventID=4624    EventIDCode=4624    EventType=8    EventCategory=0    RecordNumber=644124781    TimeGenerated=1523478419    TimeWritten=1523478419    Level=Log Always    Keywords=Audit Success	Task=SE_ADT_LOGON_LOGON	Opcode=Info	Message=An account was successfully logged on.  Subject:  Security ID:  NULL SID  Account Name:  -  Account Domain:  -  Logon ID:  0x0  Logon Type:   3  Impersonation Level:  Impersonation  New Logon:  Security ID:  SIOC\kblack  Account Name:  kblack  Account Domain:  SIOC  Logon ID:  0xE9A64342  Logon GUID:  {905B9F13-F6D8-8DD9-719B-933E40659F0E}  Process Information:  Process ID:  0x0  Process Name:  -  Network Information:  Workstation Name: -  Source Network Address: 10.0.0.3  Source Port:  26053  Detailed Authentication Information:  Logon Process:  Kerberos  Authentication Package
1
<29>Apr 13 12:36:39 ProxySG: 250017 Authentication failed from 10.0.1.252: user aalexander (realm SIOC)(0) NORMAL_EVENT authutility.cpp 113
1
Bluecoat|src=10.0.1.114|srcport=38754|dst=234.85.35.213|dstport=80|username=jbridges|devicetime=2018/04/13 12:36:40 GMT]|s-action=TCP_REFRESH_MISS|sc-status=200|cs-method=GET|time-taken=1|sc-bytes=185|cs-bytes=216|cs-uri-scheme=tcp|cs-host=5-22-3-app.agent.datadoghq.com/|cs-uri-path=/|cs-uri-query=-|cs-uri-extension=-|cs-auth-group=SIOC\Internet|rs(Content-Type)=-|cs(User-Agent)=Mozilla/5.0 (Windows NT 10.0; Win64; x64) AppleWebKit/537.36 (KHTML, like Gecko) Chrome/65.0.3325.162 Safari/537.36|cs(Referer)=-|sc-filter-result=OBSERVED|filter-category=Technology/Internet|cs-uri=tcp://5-22-3-app.agent.datadoghq.com/:443
<14>1 2018-04-10T17:40:13.308962-04:00 Anacletus sshd[5279]: Connection from 10.0.1.243 port 21357 on 10.0.1.243 port 22
2
Bluecoat|src=10.0.0.113|srcport=12073|dst=174.133.32.16|dstport=80|username=mneal|devicetime=2018/04/13 12:36:41 GMT]|s-action=TCP_DENIED|sc-status=403|cs-method=CONNECT|time-taken=1|sc-bytes=185|cs-bytes=216|cs-uri-scheme=tcp|cs-host=outlook.office365.com/|cs-uri-path=/|cs-uri-query=-|cs-uri-extension=-|cs-auth-group=SIOC\Internet|rs(Content-Type)=-|cs(User-Agent)=Mozilla/5.0 (Macintosh; Intel Mac OS X 10_13_3) AppleWebKit/537.36 (KHTML, like Gecko) Chrome/65.0.3325.181 Safari/537.36|cs(Referer)=-|sc-filter-result=DENIED|filter-category=Technology/Internet|cs-uri=tcp://outlook.office365.com/:443
<13>Apr 13 12:36:41 BeatGrabs AgentDevice=WindowsLog    AgentLogFile=Security    PluginVersion=7.2.7.20    Source=Microsoft-Windows-Security-Auditing    Computer=Ballanomy    OriginatingComputer=10.0.0.192    User=    Domain=    EventID=4672    EventIDCode=4672    EventType=8    EventCategory=0    RecordNumber=644124781    TimeGenerated=1523478419    TimeWritten=1523478419    Level=Log Always    Keywords=Audit Success	Task=SE_ADT_LOGON_SPECIALLOGON	Opcode=Info	Message=Special privileges assigned to new logon.  Subject:  Security ID:  NULL SID  Account Name:  -  Account Domain:  -  Logon ID:  0x0  Logon Type:   3  Impersonation Level:  Impersonation  New Logon:  Security ID:  SIOC\cmcbride  Account Name:  cmcbride  Account Domain:  SIOC  Logon ID:  0xE9A64342  Logon GUID:  {905B9F13-F6D8-8DD9-719B-933E40659F0E}  Process Information:  Process ID:  0x0  Process Name:  -  Network Information:  Workstation Name: -  Source Network Address: 10.0.0.228  Source Port:  31152  Detailed Authentication Information:  Logon Process:  Kerberos  Authentication Package
2
Bluecoat|src=10.0.0.192|srcport=16935|dst=141.123.121.110|dstport=80|username=kpratt|devicetime=2018/04/13 12:36:43 GMT]|s-action=TCP_DENIED|sc-status=403|cs-method=CONNECT|time-taken=1|sc-bytes=185|cs-bytes=216|cs-uri-scheme=tcp|cs-host=1.client-channel.google.com/|cs-uri-path=/|cs-uri-query=-|cs-uri-extension=-|cs-auth-group=SIOC\Internet|rs(Content-Type)=-|cs(User-Agent)=Mozilla/5.0 (Windows NT 10.0; WOW64; Trident/7.0; rv:11.0) like Gecko|cs(Referer)=-|sc-filter-result=DENIED|filter-category=Technology/Internet|cs-uri=tcp://1.client-channel.google.com/:443
<13>Apr 13 12:36:43 Alitorce AgentDevice=WindowsLog    AgentLogFile=Security    PluginVersion=7.2.7.20    Source=Microsoft-Windows-Security-Auditing    Computer=Alitorce    OriginatingComputer=10.0.0.113    User=    Domain=    EventID=4634    EventIDCode=4634    EventType=8    EventCategory=0    RecordNumber=644124781    TimeGenerated=1523478419    TimeWritten=1523478419    Level=Log Always    Keywords=Audit Success	Task=SE_ADT_LOGON_LOGOFF	Opcode=Info	Message=An account was logged off.  Subject:  Security ID:  NULL SID  Account Name:  -  Account Domain:  -  Logon ID:  0x0  Logon Type:   3  Impersonation Level:  Impersonation  New Logon:  Security ID:  SIOC\kweber  Account Name:  kweber  Account Domain:  SIOC  Logon ID:  0xE9A64342  Logon GUID:  {905B9F13-F6D8-8DD9-719B-933E40659F0E}  Process Information:  Process ID:  0x0  Process Name:  -  Network Information:  Workstation Name: -  Source Network Address: 10.0.0.113  Source Port:  22246  Detailed Authentication Information:  Logon Process:  Kerberos  Authentication Package
<13>Apr 13 12:36:45 BeatGrabs AgentDevice=WindowsLog    AgentLogFile=Security    PluginVersion=7.2.7.20    Source=Microsoft-Windows-Security-Auditing    Computer=BeatGrabs    OriginatingComputer=10.0.0.228    User=    Domain=    EventID=4634    EventIDCode=4634    EventType=8    EventCategory=0    RecordNumber=644124781    TimeGenerated=1523478419    TimeWritten=1523478419    Level=Log Always    Keywords=Audit Success	Task=SE_ADT_LOGON_LOGOFF	Opcode=Info	Message=An account was logged off.  Subject:  Security ID:  NULL SID  Account Name:  -  Account Domain:  -  Logon ID:  0x0  Logon Type:   3  Impersonation Level:  Impersonation  New Logon:  Security ID:  SIOC\ewagner  Account Name:  ewagner  Account Domain:  SIOC  Logon ID:  0xE9A64342  Logon GUID:  {905B9F13-F6D8-8DD9-719B-933E40659F0E}  Process Information:  Process ID:  0x0  Process Name:  -  Network Information:  Workstation Name: -  Source Network Address: 10.0.0.228  Source Port:  3480  Detailed Authentication Information:  Logon Process:  Kerberos  Authentication Package
<14>Apr 13 12:36:45 Ginny LEEF:1.0|Palo Alto Networks|PAN-OS Syslog Integration|7.1.14|allow|cat=PA Series Traffic|ReceiveTime=2018/04/13 12:36:45|SerialNumber=001122334455|Type=PA Series Traffic|subtype=end|devTime=Apr 13 2018 12:36:45 GMT|src=10.0.1.63|dst=66.48.71.74|srcPostNAT=0.0.0.0|dstPostNAT=0.0.0.0|RuleName=External|usrName=SIOC\rrodriguez|SourceUser=SIOC\rrodriguez|DestinationUser=|Application=ssl|VirtualSystem=vsys1|SourceZone=Users|DestinationZone=External|IngressInterface=ae1.40|EgressInterface=ae1.20|LogForwardingProfile=SIOC_Alerts|SessionID=312844|RepeatCount=1|srcPort=14148|dstPort=40616|srcPostNATPort=0|dstPostNATPort=0|Flags=0x4000|proto=tcp|action=allow|totalBytes=2871|dstBytes=70|srcBytes=2801|totalPackets=5|StartTime=2018/04/13 12:36:45|ElapsedTime=0|URLCategory=computer-and-internet-info|sequence=241584115|ActionFlags=0x0|SourceLocation=10.0.0.0-10.255.255.255|DestinationLocation=10.0.0.0-10.255.255.255|dstPackets=1|srcPackets=4|SessionEndReason=n/a|DeviceGroupHierarchyL1=0|DeviceGroupHierarchyL2=0|DeviceGroupHierarchyL3=0|DeviceGroupHierarchyL4=0|vSrcName=|DeviceName=PA-3050_HA1|ActionSource=from-policy
1
Bluecoat|src=10.0.1.80|srcport=15495|dst=95.127.0.123|dstport=80|username=emassey|devicetime=2018/04/13 12:36:46 GMT]|s-action=ACCELERATED|sc-status=0|cs-method=CONNECT|time-taken=1|sc-bytes=185|cs-bytes=216|cs-uri-scheme=tcp|cs-host=cdn.content.prod.cms.msn.com/singletile/summary/alias/experiencebyname/today?market=he-IL&source=appxmanifest&tenant=amp&vertical=news|cs-uri-path=/|cs-uri-query=-|cs-uri-extension=-|cs-auth-group=SIOC\Internet|rs(Content-Type)=-|cs(User-Agent)=Mozilla/5.0 (Windows NT 10.0; Win64; x64) AppleWebKit/537.36 (KHTML, like Gecko) Chrome/65.0.3325.162 Safari/537.36|cs(Referer)=-|sc-filter-result=OBSERVED|filter-category=Technology/Internet|cs-uri=tcp://cdn.content.prod.cms.msn.com/singletile/summary/alias/experiencebyname/today?market=he-IL&source=appxmanifest&tenant=amp&vertical=news:443
2
Bluecoat|src=10.0.0.228|srcport=12343|dst=131.18.215.79|dstport=443|username=rrios|devicetime=2018/04/13 12:36:46 GMT]|s-action=TCP_DENIED|sc-status=403|cs-method=CONNECT|time-taken=1|sc-bytes=185|cs-bytes=216|cs-uri-scheme=tcp|cs-host=osce12-0-en.url.trendmicro.com|cs-uri-path=/|cs-uri-query=-|cs-uri-extension=-|cs-auth-group=SIOC\Internet|rs(Content-Type)=-|cs(User-Agent)=Mozilla/5.0 (Macintosh; Intel Mac OS X 10_10_5) AppleWebKit/603.3.8 (KHTML, like Gecko) Version/10.1.2 Safari/603.3.8|cs(Referer)=-|sc-filter-result=DENIED|filter-category=Technology/Internet|cs-uri=tcp://osce12-0-en.url.trendmicro.com:443
2
Bluecoat|src=10.0.0.192|srcport=36084|dst=145.223.152.64|dstport=80|username=ohart|devicetime=2018/04/13 12:36:47 GMT]|s-action=DENIED|sc-status=0|cs-method=CONNECT|time-taken=1|sc-bytes=185|cs-bytes=216|cs-uri-scheme=tcp|cs-host=cloud-ec-asn.amp.cisco.com/|cs-uri-path=/|cs-uri-query=-|cs-uri-extension=-|cs-auth-group=SIOC\Internet|rs(Content-Type)=-|cs(User-Agent)=Mozilla/5.0 (Windows NT 10.0; Win64; x64) AppleWebKit/537.36 (KHTML, like Gecko) Chrome/64.0.3282.186 Safari/537.36 OPR/51.0.2830.55|cs(Referer)=-|sc-filter-result=DENIED|filter-category=Technology/Internet|cs-uri=tcp://cloud-ec-asn.amp.cisco.com/:443
<14>Apr 13 12:36:47 Arthur LEEF:1.0|Palo Alto Networks|PAN-OS Syslog Integration|7.1.14|allow|cat=PA Series Traffic|ReceiveTime=2018/04/13 12:36:47|SerialNumber=001122334455|Type=PA Series Traffic|subtype=end|devTime=Apr 13 2018 12:36:47 GMT|src=75.251.135.139|dst=214.190.34.115|srcPostNAT=0.0.0.0|dstPostNAT=0.0.0.0|RuleName=External|usrName=SIOC\jbridges|SourceUser=SIOC\jbridges|DestinationUser=|Application=web-browsing|VirtualSystem=vsys1|SourceZone=Users|DestinationZone=External|IngressInterface=ae1.40|EgressInterface=ae1.20|LogForwardingProfile=SIOC_Alerts|SessionID=312844|RepeatCount=1|srcPort=52356|dstPort=48627|srcPostNATPort=0|dstPostNATPort=0|Flags=0x4000|proto=tcp|action=allow|totalBytes=2871|dstBytes=70|srcBytes=2801|totalPackets=5|StartTime=2018/04/13 12:36:47|ElapsedTime=0|URLCategory=internet-portals|sequence=241584115|ActionFlags=0x0|SourceLocation=10.0.0.0-10.255.255.255|DestinationLocation=10.0.0.0-10.255.255.255|dstPackets=1|srcPackets=4|SessionEndReason=n/a|DeviceGroupHierarchyL1=0|DeviceGroupHierarchyL2=0|DeviceGroupHierarchyL3=0|DeviceGroupHierarchyL4=0|vSrcName=|DeviceName=PA-3050_HA1|ActionSource=from-policy
1
Bluecoat|src=10.0.1.114|srcport=64599|dst=95.127.0.123|dstport=80|username=alambert|devicetime=2018/04/13 12:36:48 GMT]|s-action=TCP_CLIENT_REFRESH|sc-status=302|cs-method=GET|time-taken=1|sc-bytes=185|cs-bytes=216|cs-uri-scheme=tcp|cs-host=outlook.office365.com/|cs-uri-path=/|cs-uri-query=-|cs-uri-extension=-|cs-auth-group=SIOC\Internet|rs(Content-Type)=-|cs(User-Agent)=Mozilla/5.0 (Macintosh; Intel Mac OS X 10_10_5) AppleWebKit/603.3.8 (KHTML, like Gecko) Version/10.1.2 Safari/603.3.8|cs(Referer)=-|sc-filter-result=OBSERVED|filter-category=Technology/Internet|cs-uri=tcp://outlook.office365.com/:443
<13>Apr 13 12:36:50 BeatGrabs AgentDevice=WindowsLog    AgentLogFile=Security    PluginVersion=7.2.7.20    Source=Microsoft-Windows-Security-Auditing    Computer=Antonech    OriginatingComputer=10.0.0.3    User=    Domain=    EventID=4776    EventIDCode=4776    EventType=8    EventCategory=0    RecordNumber=644124781    TimeGenerated=1523478419    TimeWritten=1523478419    Level=Log Always    Keywords=Audit Success	Task=SE_ADT_ACCOUNTLOGON_CREDENTIALVALIDATION	Opcode=Info	Message=The computer attempted to validate the credentials for an account.  Subject:  Security ID:  NULL SID  Account Name:  -  Account Domain:  -  Logon ID:  0x0  Logon Type:   3  Impersonation Level:  Impersonation  New Logon:  Security ID:  SIOC\mhicks  Account Name:  mhicks  Account Domain:  SIOC  Logon ID:  0xE9A64342  Logon GUID:  {905B9F13-F6D8-8DD9-719B-933E40659F0E}  Process Information:  Process ID:  0x0  Process Name:  -  Network Information:  Workstation Name: -  Source Network Address: 10.0.0.228  Source Port:  35365  Detailed Authentication Information:  Logon Process:  Kerberos  Authentication Package
1
Bluecoat|src=10.0.1.63|srcport=15726|dst=130.247.106.119|dstport=443|username=nrice|devicetime=2018/04/13 12:36:52 GMT]|s-action=TCP_DENIED|sc-status=403|cs-method=CONNECT|time-taken=1|sc-bytes=185|cs-bytes=216|cs-uri-scheme=tcp|cs-host=5-22-3-app.agent.datadoghq.com/|cs-uri-path=/|cs-uri-query=-|cs-uri-extension=-|cs-auth-group=SIOC\Internet|rs(Content-Type)=-|cs(User-Agent)=Mozilla/5.0 (Windows NT 10.0; WOW64; Trident/7.0; Touch; rv:11.0) like Gecko|cs(Referer)=-|sc-filter-result=DENIED|filter-category=Technology/Internet|cs-uri=tcp://5-22-3-app.agent.datadoghq.com/:443
<13>Apr 13 12:36:53 BeatGrabs AgentDevice=WindowsLog    AgentLogFile=Security    PluginVersion=7.2.7.20    Source=Microsoft-Windows-Security-Auditing    Computer=Ballanomy    OriginatingComputer=10.0.0.192    User=    Domain=    EventID=4672    EventIDCode=4672    EventType=8    EventCategory=0    RecordNumber=644124781    TimeGenerated=1523478419    TimeWritten=1523478419    Level=Log Always    Keywords=Audit Success	Task=SE_ADT_LOGON_SPECIALLOGON	Opcode=Info	Message=Special privileges assigned to new logon.  Subject:  Security ID:  NULL SID  Account Name:  -  Account Domain:  -  Logon ID:  0x0  Logon Type:   3  Impersonation Level:  Impersonation  New Logon:  Security ID:  SIOC\dholt  Account Name:  dholt  Account Domain:  SIOC  Logon ID:  0xE9A64342  Logon GUID:  {905B9F13-F6D8-8DD9-719B-933E40659F0E}  Process Information:  Process ID:  0x0  Process Name:  -  Network Information:  Workstation Name: -  Source Network Address: 10.0.0.228  Source Port:  19576  Detailed Authentication Information:  Logon Process:  Kerberos  Authentication Package
<85>Apr 13 12:36:54 Anacletus passwd: pam_unix(passwd:chauthtok): password changed for rgraves
<13>Apr 13 12:36:55 Antonech AgentDevice=WindowsLog    AgentLogFile=Security    PluginVersion=7.2.7.20    Source=Microsoft-Windows-Security-Auditing    Computer=Antonech    OriginatingComputer=10.0.0.3    User=    Domain=    EventID=4624    EventIDCode=4624    EventType=8    EventCategory=0    RecordNumber=644124781    TimeGenerated=1523478419    TimeWritten=1523478419    Level=Log Always    Keywords=Audit Success	Task=SE_ADT_LOGON_LOGON	Opcode=Info	Message=An account was successfully logged on.  Subject:  Security ID:  NULL SID  Account Name:  -  Account Domain:  -  Logon ID:  0x0  Logon Type:   3  Impersonation Level:  Impersonation  New Logon:  Security ID:  SIOC\dnunez  Account Name:  dnunez  Account Domain:  SIOC  Logon ID:  0xE9A64342  Logon GUID:  {905B9F13-F6D8-8DD9-719B-933E40659F0E}  Process Information:  Process ID:  0x0  Process Name:  -  Network Information:  Workstation Name: -  Source Network Address: 10.0.0.3  Source Port:  11979  Detailed Authentication Information:  Logon Process:  Kerberos  Authentication Package
<13>Apr 13 12:36:55 BeatGrabs AgentDevice=WindowsLog    AgentLogFile=Security    PluginVersion=7.2.7.20    Source=Microsoft-Windows-Security-Auditing    Computer=BeatGrabs    OriginatingComputer=10.0.0.228    User=    Domain=    EventID=4776    EventIDCode=4776    EventType=8    EventCategory=0    RecordNumber=644124781    TimeGenerated=1523478419    TimeWritten=1523478419    Level=Log Always    Keywords=Audit Success	Task=SE_ADT_ACCOUNTLOGON_CREDENTIALVALIDATION	Opcode=Info	Message=The computer attempted to validate the credentials for an account.  Subject:  Security ID:  NULL SID  Account Name:  -  Account Domain:  -  Logon ID:  0x0  Logon Type:   3  Impersonation Level:  Impersonation  New Logon:  Security ID:  SIOC\hwilkerson  Account Name:  hwilkerson  Account Domain:  SIOC  Logon ID:  0xE9A64342  Logon GUID:  {905B9F13-F6D8-8DD9-719B-933E40659F0E}  Process Information:  Process ID:  0x0  Process Name:  -  Network Information:  Workstation Name: -  Source Network Address: 10.0.0.228  Source Port:  21233  Detailed Authentication Information:  Logon Process:  Kerberos  Authentication Package
<14>Apr 13 12:36:57 Percy LEEF:1.0|Palo Alto Networks|PAN-OS Syslog Integration|7.1.14|allow|cat=PA Series Traffic|ReceiveTime=2018/04/13 12:36:57|SerialNumber=001122334455|Type=PA Series Traffic|subtype=end|devTime=Apr 13 2018 12:36:57 GMT|src=244.82.11.252|dst=155.21.119.136|srcPostNAT=0.0.0.0|dstPostNAT=0.0.0.0|RuleName=External|usrName=SIOC\gfreeman|SourceUser=SIOC\gfreeman|DestinationUser=|Application=web-browsing|VirtualSystem=vsys1|SourceZone=Users|DestinationZone=External|IngressInterface=ae1.40|EgressInterface=ae1.20|LogForwardingProfile=SIOC_Alerts|SessionID=312844|RepeatCount=1|srcPort=49973|dstPort=58952|srcPostNATPort=0|dstPostNATPort=0|Flags=0x4000|proto=tcp|action=allow|totalBytes=2871|dstBytes=70|srcBytes=2801|totalPackets=5|StartTime=2018/04/13 12:36:57|ElapsedTime=0|URLCategory=internet-portals|sequence=241584115|ActionFlags=0x0|SourceLocation=10.0.0.0-10.255.255.255|DestinationLocation=10.0.0.0-10.255.255.255|dstPackets=1|srcPackets=4|SessionEndReason=n/a|DeviceGroupHierarchyL1=0|DeviceGroupHierarchyL2=0|DeviceGroupHierarchyL3=0|DeviceGroupHierarchyL4=0|vSrcName=|DeviceName=PA-3050_HA1|ActionSource=from-policy
2
Bluecoat|src=10.0.0.3|srcport=28431|dst=3.74.21.196|dstport=80|username=cnorton|devicetime=2018/04/13 12:36:58 GMT]|s-action=TCP_ERR_MISS|sc-status=503|cs-method=GET|time-taken=1|sc-bytes=185|cs-bytes=216|cs-uri-scheme=tcp|cs-host=osce12-0-en.url.trendmicro.com|cs-uri-path=/|cs-uri-query=-|cs-uri-extension=-|cs-auth-group=SIOC\Internet|rs(Content-Type)=-|cs(User-Agent)=Mozilla/5.0 (Windows NT 6.1; WOW64; Trident/7.0; rv:11.0) like Gecko|cs(Referer)=-|sc-filter-result=DENIED|filter-category=Technology/Internet|cs-uri=tcp://osce12-0-en.url.trendmicro.com:443
<13>Apr 13 12:36:59 Antonech AgentDevice=WindowsLog    AgentLogFile=Security    PluginVersion=7.2.7.20    Source=Microsoft-Windows-Security-Auditing    Computer=Ballanomy    OriginatingComputer=10.0.0.192    User=    Domain=    EventID=4624    EventIDCode=4624    EventType=8    EventCategory=0    RecordNumber=644124781    TimeGenerated=1523478419    TimeWritten=1523478419    Level=Log Always    Keywords=Audit Success	Task=SE_ADT_LOGON_LOGON	Opcode=Info	Message=An account was successfully logged on.  Subject:  Security ID:  NULL SID  Account Name:  -  Account Domain:  -  Logon ID:  0x0  Logon Type:   3  Impersonation Level:  Impersonation  New Logon:  Security ID:  SIOC\cpeters  Account Name:  cpeters  Account Domain:  SIOC  Logon ID:  0xE9A64342  Logon GUID:  {905B9F13-F6D8-8DD9-719B-933E40659F0E}  Process Information:  Process ID:  0x0  Process Name:  -  Network Information:  Workstation Name: -  Source Network Address: 10.0.0.3  Source Port:  36958  Detailed Authentication Information:  Logon Process:  Kerberos  Authentication Package
2
<29>Apr 13 12:37:00 ProxySG: 250047 Administrator login, user 'admin', from 10.0.0.192(0) NORMAL_EVENT authconsole.cpp 487
<14>Apr 13 12:37:02 Arthur LEEF:1.0|Palo Alto Networks|PAN-OS Syslog Integration|7.1.14|reset-both|cat=PA Series Traffic|ReceiveTime=2018/04/13 12:37:02|SerialNumber=001122334455|Type=PA Series Traffic|subtype=deny|devTime=Apr 13 2018 12:37:02 GMT|src=115.97.9.70|dst=87.151.173.131|srcPostNAT=0.0.0.0|dstPostNAT=0.0.0.0|RuleName=External|usrName=SIOC\cnorton|SourceUser=SIOC\cnorton|DestinationUser=|Application=ssl|VirtualSystem=vsys1|SourceZone=Users|DestinationZone=External|IngressInterface=ae1.40|EgressInterface=ae1.20|LogForwardingProfile=SIOC_Alerts|SessionID=312844|RepeatCount=1|srcPort=5132|dstPort=27616|srcPostNATPort=0|dstPostNATPort=0|Flags=0x4000|proto=tcp|action=reset-both|totalBytes=2871|dstBytes=70|srcBytes=2801|totalPackets=5|StartTime=2018/04/13 12:37:02|ElapsedTime=0|URLCategory=computer-and-internet-info|sequence=241584115|ActionFlags=0x0|SourceLocation=10.0.0.0-10.255.255.255|DestinationLocation=10.0.0.0-10.255.255.255|dstPackets=1|srcPackets=4|SessionEndReason=n/a|DeviceGroupHierarchyL1=0|DeviceGroupHierarchyL2=0|DeviceGroupHierarchyL3=0|DeviceGroupHierarchyL4=0|vSrcName=|DeviceName=PA-3050_HA1|ActionSource=from-policy
<86>Apr 13 12:37:03 Anacletus sshd[4328]: Failed password for kpratt from 10.0.1.243 port 44456 ssh2
<14>Apr 13 12:37:05 George LEEF:1.0|Palo Alto Networks|PAN-OS Syslog Integration|7.1.14|globalprotectgateway-logout-succ| ReceiveTime=2018/04/13 12:37:05|SerialNumber=001122334455|cat=SYSTEM|subtype=globalprotect|devTime=Apr 12 2018 16:28:22 GMT|VirtualSystem=|Filename=GP-SSLVPN_Gateway2-N|Module=general|sev=1|Severity=informational|msg="GlobalProtect gateway user logout succeeded. User name: scrawford, Client OS version: Microsoft Windows 10 Pro , 64-bit, Reason: user session expired."|sequence=84466|ActionFlags=0x0|DeviceGroupHierarchyL1=0|DeviceGroupHierarchyL2=0|DeviceGroupHierarchyL3=0|DeviceGroupHierarchyL4=0|vSrcName=|DeviceName=George
<14>1 2018-04-13T12:37:05000000-04:00 Nicholas sshd[5837]: Accepted publickey for cbarnes from 10.0.1.240 port 15819 ssh2: RSA 2a:50:1b:8b:93:7c:28:0a:d4:70:00:eb:03:d1:b2:14:cb:f5:db:ec
<13>Apr 13 12:37:06 BeatGrabs AgentDevice=WindowsLog    AgentLogFile=Security    PluginVersion=7.2.7.20    Source=Microsoft-Windows-Security-Auditing    Computer=Antonech    OriginatingComputer=10.0.0.3    User=    Domain=    EventID=4776    EventIDCode=4776    EventType=8    EventCategory=0    RecordNumber=644124781    TimeGenerated=1523478419    TimeWritten=1523478419    Level=Log Always    Keywords=Audit Success	Task=SE_ADT_ACCOUNTLOGON_CREDENTIALVALIDATION	Opcode=Info	Message=The computer attempted to validate the credentials for an account.  Subject:  Security ID:  NULL SID  Account Name:  -  Account Domain:  -  Logon ID:  0x0  Logon Type:   3  Impersonation Level:  Impersonation  New Logon:  Security ID:  SIOC\mhicks  Account Name:  mhicks  Account Domain:  SIOC  Logon ID:  0xE9A64342  Logon GUID:  {905B9F13-F6D8-8DD9-719B-933E40659F0E}  Process Information:  Process ID:  0x0  Process Name:  -  Network Information:  Workstation Name: -  Source Network Address: 10.0.0.228  Source Port:  35815  Detailed Authentication Information:  Logon Process:  Kerberos  Authentication Package
