<13>Apr 13 12:20:16 Alitorce AgentDevice=WindowsLog    AgentLogFile=Security    PluginVersion=7.2.7.20    Source=Microsoft-Windows-Security-Auditing    Computer=Ballanomy    OriginatingComputer=10.0.0.192    User=    Domain=    EventID=4634    EventIDCode=4634    EventType=8    EventCategory=0    RecordNumber=644124781    TimeGenerated=1523478419    TimeWritten=1523478419    Level=Log Always    Keywords=Audit Success	Task=SE_ADT_LOGON_LOGOFF	Opcode=Info	Message=An account was logged off.  Subject:  Security ID:  NULL SID  Account Name:  -  Account Domain:  -  Logon ID:  0x0  Logon Type:   3  Impersonation Level:  Impersonation  New Logon:  Security ID:  SIOC\award  Account Name:  award  Account Domain:  SIOC  Logon ID:  0xE9A64342  Logon GUID:  {905B9F13-F6D8-8DD9-719B-933E40659F0E}  Process Information:  Process ID:  0x0  Process Name:  -  Network Information:  Workstation Name: -  Source Network Address: 10.0.0.113  Source Port:  31277  Detailed Authentication Information:  Logon Process:  Kerberos  Authentication Package
1
Bluecoat|src=10.0.1.50|srcport=37548|dst=16.140.178.221|dstport=80|username=jhiggins|devicetime=2018/04/13 12:20:16 GMT]|s-action=TCP_TUNNELED|sc-status=200|cs-method=CONNECT|time-taken=1|sc-bytes=185|cs-bytes=216|cs-uri-scheme=tcp|cs-host=torrid.com|cs-uri-path=/|cs-uri-query=-|cs-uri-extension=-|cs-auth-group=SIOC\Internet|rs(Content-Type)=-|cs(User-Agent)=Mozilla/5.0 (Windows NT 10.0; Win64; x64; rv:59.0) Gecko/20100101 Firefox/59.0|cs(Referer)=-|sc-filter-result=OBSERVED|filter-category=Technology/Internet|cs-uri=tcp://torrid.com:443
<13>Apr 13 12:20:16 Ballanomy AgentDevice=WindowsLog    AgentLogFile=Security    PluginVersion=7.2.7.20    Source=Microsoft-Windows-Security-Auditing    Computer=Alitorce    OriginatingComputer=10.0.0.113    User=    Domain=    EventID=4624    EventIDCode=4624    EventType=8    EventCategory=0    RecordNumber=644124781    TimeGenerated=1523478419    TimeWritten=1523478419    Level=Log Always    Keywords=Audit Success	Task=SE_ADT_LOGON_LOGON	Opcode=Info	Message=An account was successfully logged on.  Subject:  Security ID:  NULL SID  Account Name:  -  Account Domain:  -  Logon ID:  0x0  Logon Type:   3  Impersonation Level:  Impersonation  New Logon:  Security ID:  SIOC\rrios  Account Name:  rrios  Account Domain:  SIOC  Logon ID:  0xE9A64342  Logon GUID:  {905B9F13-F6D8-8DD9-719B-933E40659F0E}  Process Information:  Process ID:  0x0  Process Name:  -  Network Information:  Workstation Name: -  Source Network Address: 10.0.0.192  Source Port:  12000  Detailed Authentication Information:  Logon Process:  Kerberos  Authentication Package
<86>Apr 13 12:20:16 Innocent sshd[34325]: Connection closed by 10.0.1.122 [preauth]
<13>Apr 13 12:20:16 Antonech AgentDevice=WindowsLog    AgentLogFile=Security    PluginVersion=7.2.7.20    Source=Microsoft-Windows-Security-Auditing    Computer=Alitorce    OriginatingComputer=10.0.0.113    User=    Domain=    EventID=4672    EventIDCode=4672    EventType=8    EventCategory=0    RecordNumber=644124781    TimeGenerated=1523478419    TimeWritten=1523478419    Level=Log Always    Keywords=Audit Success	Task=SE_ADT_LOGON_SPECIALLOGON	Opcode=Info	Message=Special privileges assigned to new logon.  Subject:  Security ID:  NULL SID  Account Name:  -  Account Domain:  -  Logon ID:  0x0  Logon Type:   3  Impersonation Level:  Impersonation  New Logon:  Security ID:  SIOC\lgreene  Account Name:  lgreene  Account Domain:  SIOC  Logon ID:  0xE9A64342  Logon GUID:  {905B9F13-F6D8-8DD9-719B-933E40659F0E}  Process Information:  Process ID:  0x0  Process Name:  -  Network Information:  Workstation Name: -  Source Network Address: 10.0.0.3  Source Port:  18009  Detailed Authentication Information:  Logon Process:  Kerberos  Authentication Package
<14>Apr 13 12:20:17 Percy LEEF:1.0|Palo Alto Networks|PAN-OS Syslog Integration|7.1.14|reset-both|cat=PA Series Traffic|ReceiveTime=2018/04/13 12:20:17|SerialNumber=001122334455|Type=PA Series Traffic|subtype=deny|devTime=Apr 13 2018 12:20:17 GMT|src=243.181.57.190|dst=120.160.68.201|srcPostNAT=0.0.0.0|dstPostNAT=0.0.0.0|RuleName=External|usrName=SIOC\nnguyen|SourceUser=SIOC\nnguyen|DestinationUser=|Application=google-base|VirtualSystem=vsys1|SourceZone=Users|DestinationZone=External|IngressInterface=ae1.40|EgressInterface=ae1.20|LogForwardingProfile=SIOC_Alerts|SessionID=312844|RepeatCount=1|srcPort=5386|dstPort=60794|srcPostNATPort=0|dstPostNATPort=0|Flags=0x4000|proto=tcp|action=reset-both|totalBytes=2871|dstBytes=70|srcBytes=2801|totalPackets=5|StartTime=2018/04/13 12:20:17|ElapsedTime=0|URLCategory=search-engines|sequence=241584115|ActionFlags=0x0|SourceLocation=10.0.0.0-10.255.255.255|DestinationLocation=10.0.0.0-10.255.255.255|dstPackets=1|srcPackets=4|SessionEndReason=n/a|DeviceGroupHierarchyL1=0|DeviceGroupHierarchyL2=0|DeviceGroupHierarchyL3=0|DeviceGroupHierarchyL4=0|vSrcName=|DeviceName=PA-3050_HA1|ActionSource=from-policy
<14>Apr 13 12:20:17 Ron LEEF:1.0|Palo Alto Networks|PAN-OS Syslog Integration|7.1.14|allow|cat=PA Series Traffic|ReceiveTime=2018/04/13 12:20:17|SerialNumber=001122334455|Type=PA Series Traffic|subtype=deny|devTime=Apr 13 2018 12:20:17 GMT|src=10.0.1.252|dst=78.153.193.114|srcPostNAT=0.0.0.0|dstPostNAT=0.0.0.0|RuleName=External|usrName=SIOC\eturner|SourceUser=SIOC\eturner|DestinationUser=|Application=web-browsing|VirtualSystem=vsys1|SourceZone=Users|DestinationZone=External|IngressInterface=ae1.40|EgressInterface=ae1.20|LogForwardingProfile=SIOC_Alerts|SessionID=312844|RepeatCount=1|srcPort=27259|dstPort=32210|srcPostNATPort=0|dstPostNATPort=0|Flags=0x4000|proto=tcp|action=allow|totalBytes=2871|dstBytes=70|srcBytes=2801|totalPackets=5|StartTime=2018/04/13 12:20:17|ElapsedTime=0|URLCategory=internet-portals|sequence=241584115|ActionFlags=0x0|SourceLocation=10.0.0.0-10.255.255.255|DestinationLocation=10.0.0.0-10.255.255.255|dstPackets=1|srcPackets=4|SessionEndReason=n/a|DeviceGroupHierarchyL1=0|DeviceGroupHierarchyL2=0|DeviceGroupHierarchyL3=0|DeviceGroupHierarchyL4=0|vSrcName=|DeviceName=PA-3050_HA1|ActionSource=from-policy
2
<29>Apr 13 12:20:18 ProxySG: 250017 Authentication failed from 10.0.0.113: user kgarza (realm SIOC)(0) NORMAL_EVENT authutility.cpp 113
<13>Apr 13 12:20:18 BeatGrabs AgentDevice=WindowsLog    AgentLogFile=Security    PluginVersion=7.2.7.20    Source=Microsoft-Windows-Security-Auditing    Computer=Antonech    OriginatingComputer=10.0.0.3    User=    Domain=    EventID=4634    EventIDCode=4634    EventType=8    EventCategory=0    RecordNumber=644124781    TimeGenerated=1523478419    TimeWritten=1523478419    Level=Log Always    Keywords=Audit Success	Task=SE_ADT_LOGON_LOGOFF	Opcode=Info	Message=An account was logged off.  Subject:  Security ID:  NULL SID  Account Name:  -  Account Domain:  -  Logon ID:  0x0  Logon Type:   3  Impersonation Level:  Impersonation  New Logon:  Security ID:  SIOC\azimmerman  Account Name:  azimmerman  Account Domain:  SIOC  Logon ID:  0xE9A64342  Logon GUID:  {905B9F13-F6D8-8DD9-719B-933E40659F0E}  Process Information:  Process ID:  0x0  Process Name:  -  Network Information:  Workstation Name: -  Source Network Address: 10.0.0.228  Source Port:  47094  Detailed Authentication Information:  Logon Process:  Kerberos  Authentication Package
<13>Apr 13 12:20:19 BeatGrabs AgentDevice=WindowsLog    AgentLogFile=Security    PluginVersion=7.2.7.20    Source=Microsoft-Windows-Security-Auditing    Computer=Antonech    OriginatingComputer=10.0.0.3    User=    Domain=    EventID=4634    EventIDCode=4634    EventType=8    EventCategory=0    RecordNumber=644124781    TimeGenerated=1523478419    TimeWritten=1523478419    Level=Log Always    Keywords=Audit Success	Task=SE_ADT_LOGON_LOGOFF	Opcode=Info	Message=An account was logged off.  Subject:  Security ID:  NULL SID  Account Name:  -  Account Domain:  -  Logon ID:  0x0  Logon Type:   3  Impersonation Level:  Impersonation  New Logon:  Security ID:  SIOC\mwatkins  Account Name:  mwatkins  Account Domain:  SIOC  Logon ID:  0xE9A64342  Logon GUID:  {905B9F13-F6D8-8DD9-719B-933E40659F0E}  Process Information:  Process ID:  0x0  Process Name:  -  Network Information:  Workstation Name: -  Source Network Address: 10.0.0.228  Source Port:  20708  Detailed Authentication Information:  Logon Process:  Kerberos  Authentication Package
1
<29>Apr 13 12:20:19 ProxySG: 250047 Administrator login, user 'admin', from 10.0.1.114(0) NORMAL_EVENT authconsole.cpp 487
2
Bluecoat|src=10.0.0.113|srcport=42056|dst=247.98.196.85|dstport=80|username=ewagner|devicetime=2018/04/13 12:20:20 GMT]|s-action=TCP_MISS|sc-status=301|cs-method=GET|time-taken=1|sc-bytes=185|cs-bytes=216|cs-uri-scheme=tcp|cs-host=outlook.office365.com/|cs-uri-path=/|cs-uri-query=-|cs-uri-extension=-|cs-auth-group=SIOC\Internet|rs(Content-Type)=-|cs(User-Agent)=Mozilla/5.0 (Windows NT 10.0; Win64; x64; rv:58.0) Gecko/20100101 Firefox/58.0|cs(Referer)=-|sc-filter-result=OBSERVED|filter-category=Technology/Internet|cs-uri=tcp://outlook.office365.com/:443
1
Bluecoat|src=10.0.1.122|srcport=50853|dst=253.2.24.24|dstport=443|username=abryant|devicetime=2018/04/13 12:20:20 GMT]|s-action=TCP_MISS|sc-status=301|cs-method=GET|time-taken=1|sc-bytes=185|cs-bytes=216|cs-uri-scheme=tcp|cs-host=www.greensmoke.com/|cs-uri-path=/|cs-uri-query=-|cs-uri-extension=-|cs-auth-group=SIOC\Internet|rs(Content-Type)=-|cs(User-Agent)=Mozilla/5.0 (Windows NT 10.0; Win64; x64; rv:58.0) Gecko/20100101 Firefox/58.0|cs(Referer)=-|sc-filter-result=OBSERVED|filter-category=Technology/Internet|cs-uri=tcp://www.greensmoke.com/:443
<14>1 2018-04-13T12:20:22000000-04:00 Laurentius sshd[5837]: Accepted publickey for brodgers from 10.0.1.56 port 52690 ssh2: RSA 2a:50:1b:8b:93:7c:28:0a:d4:70:00:eb:03:d1:b2:14:cb:f5:db:ec
<13>Apr 13 12:20:23 BeatGrabs AgentDevice=WindowsLog    AgentLogFile=Security    PluginVersion=7.2.7.20    Source=Microsoft-Windows-Security-Auditing    Computer=BeatGrabs    OriginatingComputer=10.0.0.228    User=    Domain=    EventID=4776    EventIDCode=4776    EventType=8    EventCategory=0    RecordNumber=644124781    TimeGenerated=1523478419    TimeWritten=1523478419    Level=Log Always    Keywords=Audit Success	Task=SE_ADT_ACCOUNTLOGON_CREDENTIALVALIDATION	Opcode=Info	Message=The computer attempted to validate the credentials for an account.  Subject:  Security ID:  NULL SID  Account Name:  -  Account Domain:  -  Logon ID:  0x0  Logon Type:   3  Impersonation Level:  Impersonation  New Logon:  Security ID:  SIOC\cbarnes  Account Name:  cbarnes  Account Domain:  SIOC  Logon ID:  0xE9A64342  Logon GUID:  {905B9F13-F6D8-8DD9-719B-933E40659F0E}  Process Information:  Process ID:  0x0  Process Name:  -  Network Information:  Workstation Name: -  Source Network Address: 10.0.0.228  Source Port:  7171  Detailed Authentication Information:  Logon Process:  Kerberos  Authentication Package
<14>Apr 13 12:20:24 Fred LEEF:1.0|Palo Alto Networks|PAN-OS Syslog Integration|7.1.14|deny|cat=PA Series Traffic|ReceiveTime=2018/04/13 12:20:24|SerialNumber=001122334455|Type=PA Series Traffic|subtype=drop|devTime=Apr 13 2018 12:20:24 GMT|src=10.0.0.3|dst=59.43.31.171|srcPostNAT=0.0.0.0|dstPostNAT=0.0.0.0|RuleName=External|usrName=SIOC\root|SourceUser=SIOC\root|DestinationUser=|Application=web-browsing|VirtualSystem=vsys1|SourceZone=Users|DestinationZone=External|IngressInterface=ae1.40|EgressInterface=ae1.20|LogForwardingProfile=SIOC_Alerts|SessionID=312844|RepeatCount=1|srcPort=64316|dstPort=37710|srcPostNATPort=0|dstPostNATPort=0|Flags=0x4000|proto=tcp|action=deny|totalBytes=2871|dstBytes=70|srcBytes=2801|totalPackets=5|StartTime=2018/04/13 12:20:24|ElapsedTime=0|URLCategory=internet-portals|sequence=241584115|ActionFlags=0x0|SourceLocation=10.0.0.0-10.255.255.255|DestinationLocation=10.0.0.0-10.255.255.255|dstPackets=1|srcPackets=4|SessionEndReason=n/a|DeviceGroupHierarchyL1=0|DeviceGroupHierarchyL2=0|DeviceGroupHierarchyL3=0|DeviceGroupHierarchyL4=0|vSrcName=|DeviceName=PA-3050_HA1|ActionSource=from-policy
2
Bluecoat|src=10.0.0.3|srcport=12763|dst=97.253.172.64|dstport=443|username=ddavidson|devicetime=2018/04/13 12:20:25 GMT]|s-action=TCP_REFRESH_MISS|sc-status=200|cs-method=GET|time-taken=1|sc-bytes=185|cs-bytes=216|cs-uri-scheme=tcp|cs-host=proxyworkerrolein3-his-eus-1.connector.his.msappproxy.net/|cs-uri-path=/|cs-uri-query=-|cs-uri-extension=-|cs-auth-group=SIOC\Internet|rs(Content-Type)=-|cs(User-Agent)=Mozilla/5.0 (Windows NT 10.0; Win64; x64) AppleWebKit/537.36 (KHTML, like Gecko) Chrome/58.0.3029.110 Safari/537.36 Edge/16.16299|cs(Referer)=-|sc-filter-result=OBSERVED|filter-category=Technology/Internet|cs-uri=tcp://proxyworkerrolein3-his-eus-1.connector.his.msappproxy.net/:443
2
Bluecoat|src=10.0.0.3|srcport=54056|dst=9.9.67.169|dstport=443|username=ynorman|devicetime=2018/04/13 12:20:26 GMT]|s-action=TCP_MISS|sc-status=301|cs-method=GET|time-taken=1|sc-bytes=185|cs-bytes=216|cs-uri-scheme=tcp|cs-host=1.client-channel.google.com/|cs-uri-path=/|cs-uri-query=-|cs-uri-extension=-|cs-auth-group=SIOC\Internet|rs(Content-Type)=-|cs(User-Agent)=Mozilla/5.0 (Windows NT 10.0; WOW64; Trident/7.0; Touch; rv:11.0) like Gecko|cs(Referer)=-|sc-filter-result=OBSERVED|filter-category=Technology/Internet|cs-uri=tcp://1.client-channel.google.com/:443
1
Bluecoat|src=10.0.1.45|srcport=3577|dst=29.131.6.254|dstport=443|username=asteele|devicetime=2018/04/13 12:20:27 GMT]|s-action=TCP_NC_MISS_RST|sc-status=200|cs-method=GET|time-taken=1|sc-bytes=185|cs-bytes=216|cs-uri-scheme=tcp|cs-host=ghostery-collector.ghostery.com/v2/lookuptable|cs-uri-path=/|cs-uri-query=-|cs-uri-extension=-|cs-auth-group=SIOC\Internet|rs(Content-Type)=-|cs(User-Agent)=Mozilla/5.0 (Macintosh; Intel Mac OS X 10_13_3) AppleWebKit/537.36 (KHTML, like Gecko) Chrome/65.0.3325.181 Safari/537.36|cs(Referer)=-|sc-filter-result=OBSERVED|filter-category=Technology/Internet|cs-uri=tcp://ghostery-collector.ghostery.com/v2/lookuptable:443
1
Bluecoat|src=10.0.1.50|srcport=24847|dst=182.174.108.65|dstport=80|username=award|devicetime=2018/04/13 12:20:29 GMT]|s-action=TCP_MISS|sc-status=301|cs-method=GET|time-taken=1|sc-bytes=185|cs-bytes=216|cs-uri-scheme=tcp|cs-host=torrid.com|cs-uri-path=/|cs-uri-query=-|cs-uri-extension=-|cs-auth-group=SIOC\Internet|rs(Content-Type)=-|cs(User-Agent)=Mozilla/5.0 (Windows NT 10.0; Win64; x64; rv:58.0) Gecko/20100101 Firefox/58.0|cs(Referer)=-|sc-filter-result=OBSERVED|filter-category=Technology/Internet|cs-uri=tcp://torrid.com:443
<13>Apr 13 12:20:29 BeatGrabs AgentDevice=WindowsLog    AgentLogFile=Security    PluginVersion=7.2.7.20    Source=Microsoft-Windows-Security-Auditing    Computer=Alitorce    OriginatingComputer=10.0.0.113    User=    Domain=    EventID=4624    EventIDCode=4624    EventType=8    EventCategory=0    RecordNumber=644124781    TimeGenerated=1523478419    TimeWritten=1523478419    Level=Log Always    Keywords=Audit Success	Task=SE_ADT_LOGON_LOGON	Opcode=Info	Message=An account was successfully logged on.  Subject:  Security ID:  NULL SID  Account Name:  -  Account Domain:  -  Logon ID:  0x0  Logon Type:   3  Impersonation Level:  Impersonation  New Logon:  Security ID:  SIOC\cbarnes  Account Name:  cbarnes  Account Domain:  SIOC  Logon ID:  0xE9A64342  Logon GUID:  {905B9F13-F6D8-8DD9-719B-933E40659F0E}  Process Information:  Process ID:  0x0  Process Name:  -  Network Information:  Workstation Name: -  Source Network Address: 10.0.0.228  Source Port:  10152  Detailed Authentication Information:  Logon Process:  Kerberos  Authentication Package
<13>Apr 13 12:20:30 Ballanomy AgentDevice=WindowsLog    AgentLogFile=Security    PluginVersion=7.2.7.20    Source=Microsoft-Windows-Security-Auditing    Computer=Antonech    OriginatingComputer=10.0.0.3    User=    Domain=    EventID=4672    EventIDCode=4672    EventType=8    EventCategory=0    RecordNumber=644124781    TimeGenerated=1523478419    TimeWritten=1523478419    Level=Log Always    Keywords=Audit Success	Task=SE_ADT_LOGON_SPECIALLOGON	Opcode=Info	Message=Special privileges assigned to new logon.  Subject:  Security ID:  NULL SID  Account Name:  -  Account Domain:  -  Logon ID:  0x0  Logon Type:   3  Impersonation Level:  Impersonation  New Logon:  Security ID:  SIOC\ethornton  Account Name:  ethornton  Account Domain:  SIOC  Logon ID:  0xE9A64342  Logon GUID:  {905B9F13-F6D8-8DD9-719B-933E40659F0E}  Process Information:  Process ID:  0x0  Process Name:  -  Network Information:  Workstation Name: -  Source Network Address: 10.0.0.192  Source Port:  37956  Detailed Authentication Information:  Logon Process:  Kerberos  Authentication Package
<86>Apr 13 12:20:32 Felix sshd[34325]: Connection closed by 10.0.1.224 [preauth]
<13>Apr 13 12:20:34 Alitorce AgentDevice=WindowsLog    AgentLogFile=Security    PluginVersion=7.2.7.20    Source=Microsoft-Windows-Security-Auditing    Computer=Alitorce    OriginatingComputer=10.0.0.113    User=    Domain=    EventID=4672    EventIDCode=4672    EventType=8    EventCategory=0    RecordNumber=644124781    TimeGenerated=1523478419    TimeWritten=1523478419    Level=Log Always    Keywords=Audit Success	Task=SE_ADT_LOGON_SPECIALLOGON	Opcode=Info	Message=Special privileges assigned to new logon.  Subject:  Security ID:  NULL SID  Account Name:  -  Account Domain:  -  Logon ID:  0x0  Logon Type:   3  Impersonation Level:  Impersonation  New Logon:  Security ID:  SIOC\eturner  Account Name:  eturner  Account Domain:  SIOC  Logon ID:  0xE9A64342  Logon GUID:  {905B9F13-F6D8-8DD9-719B-933E40659F0E}  Process Information:  Process ID:  0x0  Process Name:  -  Network Information:  Workstation Name: -  Source Network Address: 10.0.0.113  Source Port:  35135  Detailed Authentication Information:  Logon Process:  Kerberos  Authentication Package
<86>Apr 13 12:20:35 Adalberteris sshd[34325]: Connection closed by 10.0.1.97 [preauth]
<13>Apr 13 12:20:36 Alitorce AgentDevice=WindowsLog    AgentLogFile=Security    PluginVersion=7.2.7.20    Source=Microsoft-Windows-Security-Auditing    Computer=Antonech    OriginatingComputer=10.0.0.3    User=    Domain=    EventID=4672    EventIDCode=4672    EventType=8    EventCategory=0    RecordNumber=644124781    TimeGenerated=1523478419    TimeWritten=1523478419    Level=Log Always    Keywords=Audit Success	Task=SE_ADT_LOGON_SPECIALLOGON	Opcode=Info	Message=Special privileges assigned to new logon.  Subject:  Security ID:  NULL SID  Account Name:  -  Account Domain:  -  Logon ID:  0x0  Logon Type:   3  Impersonation Level:  Impersonation  New Logon:  Security ID:  SIOC\bmathis  Account Name:  bmathis  Account Domain:  SIOC  Logon ID:  0xE9A64342  Logon GUID:  {905B9F13-F6D8-8DD9-719B-933E40659F0E}  Process Information:  Process ID:  0x0  Process Name:  -  Network Information:  Workstation Name: -  Source Network Address: 10.0.0.113  Source Port:  43058  Detailed Authentication Information:  Logon Process:  Kerberos  Authentication Package
<86>Apr 13 12:20:38 Dioscorus sshd[4328]: Failed password for jsimon from 10.0.1.92 port 49924 ssh2
<13>Apr 13 12:20:38 Alitorce AgentDevice=WindowsLog    AgentLogFile=Security    PluginVersion=7.2.7.20    Source=Microsoft-Windows-Security-Auditing    Computer=Antonech    OriginatingComputer=10.0.0.3    User=    Domain=    EventID=4776    EventIDCode=4776    EventType=8    EventCategory=0    RecordNumber=644124781    TimeGenerated=1523478419    TimeWritten=1523478419    Level=Log Always    Keywords=Audit Success	Task=SE_ADT_ACCOUNTLOGON_CREDENTIALVALIDATION	Opcode=Info	Message=The computer attempted to validate the credentials for an account.  Subject:  Security ID:  NULL SID  Account Name:  -  Account Domain:  -  Logon ID:  0x0  Logon Type:   3  Impersonation Level:  Impersonation  New Logon:  Security ID:  SIOC\psaunders  Account Name:  psaunders  Account Domain:  SIOC  Logon ID:  0xE9A64342  Logon GUID:  {905B9F13-F6D8-8DD9-719B-933E40659F0E}  Process Information:  Process ID:  0x0  Process Name:  -  Network Information:  Workstation Name: -  Source Network Address: 10.0.0.113  Source Port:  39658  Detailed Authentication Information:  Logon Process:  Kerberos  Authentication Package
1
Bluecoat|src=10.0.1.92|srcport=54113|dst=41.198.112.81|dstport=80|username=jarnold|devicetime=2018/04/13 12:20:39 GMT]|s-action=DENIED|sc-status=0|cs-method=CONNECT|time-taken=1|sc-bytes=185|cs-bytes=216|cs-uri-scheme=tcp|cs-host=grafana.com/|cs-uri-path=/|cs-uri-query=-|cs-uri-extension=-|cs-auth-group=SIOC\Internet|rs(Content-Type)=-|cs(User-Agent)=Mozilla/5.0 (iPad; CPU OS 11_2_6 like Mac OS X) AppleWebKit/604.5.6 (KHTML, like Gecko) Version/11.0 Mobile/15D100 Safari/604.1|cs(Referer)=-|sc-filter-result=DENIED|filter-category=Technology/Internet|cs-uri=tcp://grafana.com/:443
<13>Apr 13 12:20:39 Antonech AgentDevice=WindowsLog    AgentLogFile=Security    PluginVersion=7.2.7.20    Source=Microsoft-Windows-Security-Auditing    Computer=Ballanomy    OriginatingComputer=10.0.0.192    User=    Domain=    EventID=4634    EventIDCode=4634    EventType=8    EventCategory=0    RecordNumber=644124781    TimeGenerated=1523478419    TimeWritten=1523478419    Level=Log Always    Keywords=Audit Success	Task=SE_ADT_LOGON_LOGOFF	Opcode=Info	Message=An account was logged off.  Subject:  Security ID:  NULL SID  Account Name:  -  Account Domain:  -  Logon ID:  0x0  Logon Type:   3  Impersonation Level:  Impersonation  New Logon:  Security ID:  SIOC\jmaldonado  Account Name:  jmaldonado  Account Domain:  SIOC  Logon ID:  0xE9A64342  Logon GUID:  {905B9F13-F6D8-8DD9-719B-933E40659F0E}  Process Information:  Process ID:  0x0  Process Name:  -  Network Information:  Workstation Name: -  Source Network Address: 10.0.0.3  Source Port:  39543  Detailed Authentication Information:  Logon Process:  Kerberos  Authentication Package
<13>Apr 13 12:20:41 Ballanomy AgentDevice=WindowsLog    AgentLogFile=Security    PluginVersion=7.2.7.20    Source=Microsoft-Windows-Security-Auditing    Computer=BeatGrabs    OriginatingComputer=10.0.0.228    User=    Domain=    EventID=4776    EventIDCode=4776    EventType=8    EventCategory=0    RecordNumber=644124781    TimeGenerated=1523478419    TimeWritten=1523478419    Level=Log Always    Keywords=Audit Success	Task=SE_ADT_ACCOUNTLOGON_CREDENTIALVALIDATION	Opcode=Info	Message=The computer attempted to validate the credentials for an account.  Subject:  Security ID:  NULL SID  Account Name:  -  Account Domain:  -  Logon ID:  0x0  Logon Type:   3  Impersonation Level:  Impersonation  New Logon:  Security ID:  SIOC\lmoreno  Account Name:  lmoreno  Account Domain:  SIOC  Logon ID:  0xE9A64342  Logon GUID:  {905B9F13-F6D8-8DD9-719B-933E40659F0E}  Process Information:  Process ID:  0x0  Process Name:  -  Network Information:  Workstation Name: -  Source Network Address: 10.0.0.192  Source Port:  22770  Detailed Authentication Information:  Logon Process:  Kerberos  Authentication Package
1
Bluecoat|src=10.0.1.89|srcport=32922|dst=49.152.254.6|dstport=443|username=jsimon|devicetime=2018/04/13 12:20:41 GMT]|s-action=TCP_ERR_MISS|sc-status=503|cs-method=GET|time-taken=1|sc-bytes=185|cs-bytes=216|cs-uri-scheme=tcp|cs-host=calendar.google.com/|cs-uri-path=/|cs-uri-query=-|cs-uri-extension=-|cs-auth-group=SIOC\Internet|rs(Content-Type)=-|cs(User-Agent)=Mozilla/5.0 (X11; Linux x86_64) AppleWebKit/537.36 (KHTML, like Gecko) Ubuntu Chromium/64.0.3282.167 Chrome/64.0.3282.167 Safari/537.36|cs(Referer)=-|sc-filter-result=DENIED|filter-category=Technology/Internet|cs-uri=tcp://calendar.google.com/:443
1
Bluecoat|src=10.0.1.56|srcport=48017|dst=6.175.169.179|dstport=443|username=jmaldonado|devicetime=2018/04/13 12:20:42 GMT]|s-action=TCP_NC_MISS_RST|sc-status=200|cs-method=GET|time-taken=1|sc-bytes=185|cs-bytes=216|cs-uri-scheme=tcp|cs-host=osce12-0-en.url.trendmicro.com|cs-uri-path=/|cs-uri-query=-|cs-uri-extension=-|cs-auth-group=SIOC\Internet|rs(Content-Type)=-|cs(User-Agent)=Mozilla/5.0 (iPad; CPU OS 11_2_6 like Mac OS X) AppleWebKit/604.5.6 (KHTML, like Gecko) Version/11.0 Mobile/15D100 Safari/604.1|cs(Referer)=-|sc-filter-result=OBSERVED|filter-category=Technology/Internet|cs-uri=tcp://osce12-0-en.url.trendmicro.com:443
<13>Apr 13 12:20:42 Alitorce AgentDevice=WindowsLog    AgentLogFile=Security    PluginVersion=7.2.7.20    Source=Microsoft-Windows-Security-Auditing    Computer=Antonech    OriginatingComputer=10.0.0.3    User=    Domain=    EventID=4776    EventIDCode=4776    EventType=8    EventCategory=0    RecordNumber=644124781    TimeGenerated=1523478419    TimeWritten=1523478419    Level=Log Always    Keywords=Audit Success	Task=SE_ADT_ACCOUNTLOGON_CREDENTIALVALIDATION	Opcode=Info	Message=The computer attempted to validate the credentials for an account.  Subject:  Security ID:  NULL SID  Account Name:  -  Account Domain:  -  Logon ID:  0x0  Logon Type:   3  Impersonation Level:  Impersonation  New Logon:  Security ID:  SIOC\fhogan  Account Name:  fhogan  Account Domain:  SIOC  Logon ID:  0xE9A64342  Logon GUID:  {905B9F13-F6D8-8DD9-719B-933E40659F0E}  Process Information:  Process ID:  0x0  Process Name:  -  Network Information:  Workstation Name: -  Source Network Address: 10.0.0.113  Source Port:  15892  Detailed Authentication Information:  Logon Process:  Kerberos  Authentication Package
<14>Apr 13 12:20:43 Arthur LEEF:1.0|Palo Alto Networks|PAN-OS Syslog Integration|7.1.14|allow|cat=PA Series Traffic|ReceiveTime=2018/04/13 12:20:43|SerialNumber=001122334455|Type=PA Series Traffic|subtype=end|devTime=Apr 13 2018 12:20:43 GMT|src=10.0.1.252|dst=22.218.58.129|srcPostNAT=0.0.0.0|dstPostNAT=0.0.0.0|RuleName=External|usrName=SIOC\kpratt|SourceUser=SIOC\kpratt|DestinationUser=|Application=datadog|VirtualSystem=vsys1|SourceZone=Users|DestinationZone=External|IngressInterface=ae1.40|EgressInterface=ae1.20|LogForwardingProfile=SIOC_Alerts|SessionID=312844|RepeatCount=1|srcPort=21026|dstPort=7537|srcPostNATPort=0|dstPostNATPort=0|Flags=0x4000|proto=tcp|action=allow|totalBytes=2871|dstBytes=70|srcBytes=2801|totalPackets=5|StartTime=2018/04/13 12:20:43|ElapsedTime=0|URLCategory=computer-and-internet-info|sequence=241584115|ActionFlags=0x0|SourceLocation=10.0.0.0-10.255.255.255|DestinationLocation=10.0.0.0-10.255.255.255|dstPackets=1|srcPackets=4|SessionEndReason=n/a|DeviceGroupHierarchyL1=0|DeviceGroupHierarchyL2=0|DeviceGroupHierarchyL3=0|DeviceGroupHierarchyL4=0|vSrcName=|DeviceName=PA-3050_HA1|ActionSource=from-policy
<13>Apr 13 12:20:43 Antonech AgentDevice=WindowsLog    AgentLogFile=Security    PluginVersion=7.2.7.20    Source=Microsoft-Windows-Security-Auditing    Computer=Ballanomy    OriginatingComputer=10.0.0.192    User=    Domain=    EventID=4634    EventIDCode=4634    EventType=8    EventCategory=0    RecordNumber=644124781    TimeGenerated=1523478419    TimeWritten=1523478419    Level=Log Always    Keywords=Audit Success	Task=SE_ADT_LOGON_LOGOFF	Opcode=Info	Message=An account was logged off.  Subject:  Security ID:  NULL SID  Account Name:  -  Account Domain:  -  Logon ID:  0x0  Logon Type:   3  Impersonation Level:  Impersonation  New Logon:  Security ID:  SIOC\nrice  Account Name:  nrice  Account Domain:  SIOC  Logon ID:  0xE9A64342  Logon GUID:  {905B9F13-F6D8-8DD9-719B-933E40659F0E}  Process Information:  Process ID:  0x0  Process Name:  -  Network Information:  Workstation Name: -  Source Network Address: 10.0.0.3  Source Port:  42999  Detailed Authentication Information:  Logon Process:  Kerberos  Authentication Package
<13>Apr 13 12:20:44 Antonech AgentDevice=WindowsLog    AgentLogFile=Security    PluginVersion=7.2.7.20    Source=Microsoft-Windows-Security-Auditing    Computer=Antonech    OriginatingComputer=10.0.0.3    User=    Domain=    EventID=4634    EventIDCode=4634    EventType=8    EventCategory=0    RecordNumber=644124781    TimeGenerated=1523478419    TimeWritten=1523478419    Level=Log Always    Keywords=Audit Success	Task=SE_ADT_LOGON_LOGOFF	Opcode=Info	Message=An account was logged off.  Subject:  Security ID:  NULL SID  Account Name:  -  Account Domain:  -  Logon ID:  0x0  Logon Type:   3  Impersonation Level:  Impersonation  New Logon:  Security ID:  SIOC\vford  Account Name:  vford  Account Domain:  SIOC  Logon ID:  0xE9A64342  Logon GUID:  {905B9F13-F6D8-8DD9-719B-933E40659F0E}  Process Information:  Process ID:  0x0  Process Name:  -  Network Information:  Workstation Name: -  Source Network Address: 10.0.0.3  Source Port:  55110  Detailed Authentication Information:  Logon Process:  Kerberos  Authentication Package
1
Bluecoat|src=10.0.1.240|srcport=34910|dst=85.201.128.149|dstport=443|username=mneal|devicetime=2018/04/13 12:20:44 GMT]|s-action=TCP_HIT|sc-status=200|cs-method=GET|time-taken=1|sc-bytes=185|cs-bytes=216|cs-uri-scheme=tcp|cs-host=ghostery-collector.ghostery.com/v2/lookuptable|cs-uri-path=/|cs-uri-query=-|cs-uri-extension=-|cs-auth-group=SIOC\Internet|rs(Content-Type)=-|cs(User-Agent)=Mozilla/5.0 (compatible; MSIE 9.0; Windows NT 6.0; Trident/5.0; Trident/5.0)|cs(Referer)=-|sc-filter-result=OBSERVED|filter-category=Technology/Internet|cs-uri=tcp://ghostery-collector.ghostery.com/v2/lookuptable:443
1
<29>Apr 13 12:20:44 ProxySG: 250017 Authentication failed from 10.0.1.50: user jarnold (realm SIOC)(0) NORMAL_EVENT authutility.cpp 113
<13>Apr 13 12:20:45 Ballanomy AgentDevice=WindowsLog    AgentLogFile=Security    PluginVersion=7.2.7.20    Source=Microsoft-Windows-Security-Auditing    Computer=Ballanomy    OriginatingComputer=10.0.0.192    User=    Domain=    EventID=4634    EventIDCode=4634    EventType=8    EventCategory=0    RecordNumber=644124781    TimeGenerated=1523478419    TimeWritten=1523478419    Level=Log Always    Keywords=Audit Success	Task=SE_ADT_LOGON_LOGOFF	Opcode=Info	Message=An account was logged off.  Subject:  Security ID:  NULL SID  Account Name:  -  Account Domain:  -  Logon ID:  0x0  Logon Type:   3  Impersonation Level:  Impersonation  New Logon:  Security ID:  SIOC\cblake  Account Name:  cblake  Account Domain:  SIOC  Logon ID:  0xE9A64342  Logon GUID:  {905B9F13-F6D8-8DD9-719B-933E40659F0E}  Process Information:  Process ID:  0x0  Process Name:  -  Network Information:  Workstation Name: -  Source Network Address: 10.0.0.192  Source Port:  24412  Detailed Authentication Information:  Logon Process:  Kerberos  Authentication Package
<13>Apr 13 12:20:46 BeatGrabs AgentDevice=WindowsLog    AgentLogFile=Security    PluginVersion=7.2.7.20    Source=Microsoft-Windows-Security-Auditing    Computer=Alitorce    OriginatingComputer=10.0.0.113    User=    Domain=    EventID=4776    EventIDCode=4776    EventType=8    EventCategory=0    RecordNumber=644124781    TimeGenerated=1523478419    TimeWritten=1523478419    Level=Log Always    Keywords=Audit Success	Task=SE_ADT_ACCOUNTLOGON_CREDENTIALVALIDATION	Opcode=Info	Message=The computer attempted to validate the credentials for an account.  Subject:  Security ID:  NULL SID  Account Name:  -  Account Domain:  -  Logon ID:  0x0  Logon Type:   3  Impersonation Level:  Impersonation  New Logon:  Security ID:  SIOC\scrawford  Account Name:  scrawford  Account Domain:  SIOC  Logon ID:  0xE9A64342  Logon GUID:  {905B9F13-F6D8-8DD9-719B-933E40659F0E}  Process Information:  Process ID:  0x0  Process Name:  -  Network Information:  Workstation Name: -  Source Network Address: 10.0.0.228  Source Port:  55619  Detailed Authentication Information:  Logon Process:  Kerberos  Authentication Package
<13>Apr 13 12:20:47 Ballanomy AgentDevice=WindowsLog    AgentLogFile=Security    PluginVersion=7.2.7.20    Source=Microsoft-Windows-Security-Auditing    Computer=Ballanomy    OriginatingComputer=10.0.0.192    User=    Domain=    EventID=4634    EventIDCode=4634    EventType=8    EventCategory=0    RecordNumber=644124781    TimeGenerated=1523478419    TimeWritten=1523478419    Level=Log Always    Keywords=Audit Success	Task=SE_ADT_LOGON_LOGOFF	Opcode=Info	Message=An account was logged off.  Subject:  Security ID:  NULL SID  Account Name:  -  Account Domain:  -  Logon ID:  0x0  Logon Type:   3  Impersonation Level:  Impersonation  New Logon:  Security ID:  SIOC\kgarza  Account Name:  kgarza  Account Domain:  SIOC  Logon ID:  0xE9A64342  Logon GUID:  {905B9F13-F6D8-8DD9-719B-933E40659F0E}  Process Information:  Process ID:  0x0  Process Name:  -  Network Information:  Workstation Name: -  Source Network Address: 10.0.0.192  Source Port:  13009  Detailed Authentication Information:  Logon Process:  Kerberos  Authentication Package
2
Bluecoat|src=10.0.0.3|srcport=36134|dst=41.129.76.197|dstport=443|username=cnorton|devicetime=2018/04/13 12:20:47 GMT]|s-action=TCP_RESCAN_HIT|sc-status=200|cs-method=GET|time-taken=1|sc-bytes=185|cs-bytes=216|cs-uri-scheme=tcp|cs-host=proxyworkerrolein3-his-eus-1.connector.his.msappproxy.net/|cs-uri-path=/|cs-uri-query=-|cs-uri-extension=-|cs-auth-group=SIOC\Internet|rs(Content-Type)=-|cs(User-Agent)=Mozilla/5.0 (Windows NT 10.0; WOW64; Trident/7.0; rv:11.0) like Gecko|cs(Referer)=-|sc-filter-result=OBSERVED|filter-category=Technology/Internet|cs-uri=tcp://proxyworkerrolein3-his-eus-1.connector.his.msappproxy.net/:443
<13>Apr 13 12:20:47 Alitorce AgentDevice=WindowsLog    AgentLogFile=Security    PluginVersion=7.2.7.20    Source=Microsoft-Windows-Security-Auditing    Computer=Antonech    OriginatingComputer=10.0.0.3    User=    Domain=    EventID=4624    EventIDCode=4624    EventType=8    EventCategory=0    RecordNumber=644124781    TimeGenerated=1523478419    TimeWritten=1523478419    Level=Log Always    Keywords=Audit Success	Task=SE_ADT_LOGON_LOGON	Opcode=Info	Message=An account was successfully logged on.  Subject:  Security ID:  NULL SID  Account Name:  -  Account Domain:  -  Logon ID:  0x0  Logon Type:   3  Impersonation Level:  Impersonation  New Logon:  Security ID:  SIOC\igarner  Account Name:  igarner  Account Domain:  SIOC  Logon ID:  0xE9A64342  Logon GUID:  {905B9F13-F6D8-8DD9-719B-933E40659F0E}  Process Information:  Process ID:  0x0  Process Name:  -  Network Information:  Workstation Name: -  Source Network Address: 10.0.0.113  Source Port:  5096  Detailed Authentication Information:  Logon Process:  Kerberos  Authentication Package
2
Bluecoat|src=10.0.0.3|srcport=47539|dst=130.247.106.119|dstport=443|username=psaunders|devicetime=2018/04/13 12:20:49 GMT]|s-action=TCP_REFRESH_MISS|sc-status=200|cs-method=GET|time-taken=1|sc-bytes=185|cs-bytes=216|cs-uri-scheme=tcp|cs-host=outlook.office365.com/|cs-uri-path=/|cs-uri-query=-|cs-uri-extension=-|cs-auth-group=SIOC\Internet|rs(Content-Type)=-|cs(User-Agent)=Mozilla/5.0 (X11; Linux x86_64) AppleWebKit/537.36 (KHTML, like Gecko) Ubuntu Chromium/64.0.3282.167 Chrome/64.0.3282.167 Safari/537.36|cs(Referer)=-|sc-filter-result=OBSERVED|filter-category=Technology/Internet|cs-uri=tcp://outlook.office365.com/:443
<13>Apr 13 12:20:49 Alitorce AgentDevice=WindowsLog    AgentLogFile=Security    PluginVersion=7.2.7.20    Source=Microsoft-Windows-Security-Auditing    Computer=BeatGrabs    OriginatingComputer=10.0.0.228    User=    Domain=    EventID=4624    EventIDCode=4624    EventType=8    EventCategory=0    RecordNumber=644124781    TimeGenerated=1523478419    TimeWritten=1523478419    Level=Log Always    Keywords=Audit Success	Task=SE_ADT_LOGON_LOGON	Opcode=Info	Message=An account was successfully logged on.  Subject:  Security ID:  NULL SID  Account Name:  -  Account Domain:  -  Logon ID:  0x0  Logon Type:   3  Impersonation Level:  Impersonation  New Logon:  Security ID:  SIOC\dreid  Account Name:  dreid  Account Domain:  SIOC  Logon ID:  0xE9A64342  Logon GUID:  {905B9F13-F6D8-8DD9-719B-933E40659F0E}  Process Information:  Process ID:  0x0  Process Name:  -  Network Information:  Workstation Name: -  Source Network Address: 10.0.0.113  Source Port:  61215  Detailed Authentication Information:  Logon Process:  Kerberos  Authentication Package
<14>Apr 13 12:20:50 Charlie LEEF:1.0|Palo Alto Networks|PAN-OS Syslog Integration|7.1.14|globalprotectgateway-auth-fail| ReceiveTime=2018/04/13 12:20:50|SerialNumber=001122334455|cat=SYSTEM|subtype=globalprotect|devTime=Apr 13 2018 12:20:50 GMT|VirtualSystem=|Filename=GP-SSLVPN_Gateway2-N|Module=general|sev=1|Severity=informational|msg="GlobalProtect gateway user authentication failed. Login from: 6.150.50.138, User name: lgreene, Client OS version: Microsoft Windows 10 Pro , 64-bit, Reason: Authentication failed: User Authentication Failed, Auth type: profile."|sequence=82150|ActionFlags=0x0|DeviceGroupHierarchyL1=0|DeviceGroupHierarchyL2=0|DeviceGroupHierarchyL3=0|DeviceGroupHierarchyL4=0|vSrcName=|DeviceName=Charlie
1
Bluecoat|src=10.0.1.114|srcport=26589|dst=83.243.132.182|dstport=80|username=ethornton|devicetime=2018/04/13 12:20:51 GMT]|s-action=TCP_AUTH_HIT|sc-status=200|cs-method=GET|time-taken=1|sc-bytes=185|cs-bytes=216|cs-uri-scheme=tcp|cs-host=www.msftconnecttest.com|cs-uri-path=/|cs-uri-query=-|cs-uri-extension=-|cs-auth-group=SIOC\Internet|rs(Content-Type)=-|cs(User-Agent)=Mozilla/5.0 (Windows NT 10.0; Win64; x64) AppleWebKit/537.36 (KHTML, like Gecko) Chrome/64.0.3282.186 Safari/537.36|cs(Referer)=-|sc-filter-result=OBSERVED|filter-category=Technology/Internet|cs-uri=tcp://www.msftconnecttest.com:443
2
Bluecoat|src=10.0.0.113|srcport=43185|dst=145.1.236.214|dstport=80|username=dholt|devicetime=2018/04/13 12:20:53 GMT]|s-action=TCP_TUNNELED|sc-status=200|cs-method=CONNECT|time-taken=1|sc-bytes=185|cs-bytes=216|cs-uri-scheme=tcp|cs-host=1.client-channel.google.com/|cs-uri-path=/|cs-uri-query=-|cs-uri-extension=-|cs-auth-group=SIOC\Internet|rs(Content-Type)=-|cs(User-Agent)=Mozilla/5.0 (Windows NT 10.0; WOW64; Trident/7.0; Touch; rv:11.0) like Gecko|cs(Referer)=-|sc-filter-result=OBSERVED|filter-category=Technology/Internet|cs-uri=tcp://1.client-channel.google.com/:443
1
Bluecoat|src=10.0.1.81|srcport=40331|dst=222.234.90.33|dstport=443|username=alambert|devicetime=2018/04/13 12:20:54 GMT]|s-action=TCP_NC_MISS_RST|sc-status=200|cs-method=GET|time-taken=1|sc-bytes=185|cs-bytes=216|cs-uri-scheme=tcp|cs-host=www.greensmoke.com/|cs-uri-path=/|cs-uri-query=-|cs-uri-extension=-|cs-auth-group=SIOC\Internet|rs(Content-Type)=-|cs(User-Agent)=Mozilla/5.0 (Macintosh; Intel Mac OS X 10_10_5) AppleWebKit/603.3.8 (KHTML, like Gecko) Version/10.1.2 Safari/603.3.8|cs(Referer)=-|sc-filter-result=OBSERVED|filter-category=Technology/Internet|cs-uri=tcp://www.greensmoke.com/:443
<13>Apr 13 12:20:54 Alitorce AgentDevice=WindowsLog    AgentLogFile=Security    PluginVersion=7.2.7.20    Source=Microsoft-Windows-Security-Auditing    Computer=Alitorce    OriginatingComputer=10.0.0.113    User=    Domain=    EventID=4776    EventIDCode=4776    EventType=8    EventCategory=0    RecordNumber=644124781    TimeGenerated=1523478419    TimeWritten=1523478419    Level=Log Always    Keywords=Audit Success	Task=SE_ADT_ACCOUNTLOGON_CREDENTIALVALIDATION	Opcode=Info	Message=The computer attempted to validate the credentials for an account.  Subject:  Security ID:  NULL SID  Account Name:  -  Account Domain:  -  Logon ID:  0x0  Logon Type:   3  Impersonation Level:  Impersonation  New Logon:  Security ID:  SIOC\gfreeman  Account Name:  gfreeman  Account Domain:  SIOC  Logon ID:  0xE9A64342  Logon GUID:  {905B9F13-F6D8-8DD9-719B-933E40659F0E}  Process Information:  Process ID:  0x0  Process Name:  -  Network Information:  Workstation Name: -  Source Network Address: 10.0.0.113  Source Port:  27180  Detailed Authentication Information:  Logon Process:  Kerberos  Authentication Package
<13>Apr 13 12:20:54 BeatGrabs AgentDevice=WindowsLog    AgentLogFile=Security    PluginVersion=7.2.7.20    Source=Microsoft-Windows-Security-Auditing    Computer=BeatGrabs    OriginatingComputer=10.0.0.228    User=    Domain=    EventID=4672    EventIDCode=4672    EventType=8    EventCategory=0    RecordNumber=644124781    TimeGenerated=1523478419    TimeWritten=1523478419    Level=Log Always    Keywords=Audit Success	Task=SE_ADT_LOGON_SPECIALLOGON	Opcode=Info	Message=Special privileges assigned to new logon.  Subject:  Security ID:  NULL SID  Account Name:  -  Account Domain:  -  Logon ID:  0x0  Logon Type:   3  Impersonation Level:  Impersonation  New Logon:  Security ID:  SIOC\wwalton  Account Name:  wwalton  Account Domain:  SIOC  Logon ID:  0xE9A64342  Logon GUID:  {905B9F13-F6D8-8DD9-719B-933E40659F0E}  Process Information:  Process ID:  0x0  Process Name:  -  Network Information:  Workstation Name: -  Source Network Address: 10.0.0.228  Source Port:  37883  Detailed Authentication Information:  Logon Process:  Kerberos  Authentication Package
<13>Apr 13 12:20:55 Antonech AgentDevice=WindowsLog    AgentLogFile=Security    PluginVersion=7.2.7.20    Source=Microsoft-Windows-Security-Auditing    Computer=BeatGrabs    OriginatingComputer=10.0.0.228    User=    Domain=    EventID=4776    EventIDCode=4776    EventType=8    EventCategory=0    RecordNumber=644124781    TimeGenerated=1523478419    TimeWritten=1523478419    Level=Log Always    Keywords=Audit Success	Task=SE_ADT_ACCOUNTLOGON_CREDENTIALVALIDATION	Opcode=Info	Message=The computer attempted to validate the credentials for an account.  Subject:  Security ID:  NULL SID  Account Name:  -  Account Domain:  -  Logon ID:  0x0  Logon Type:   3  Impersonation Level:  Impersonation  New Logon:  Security ID:  SIOC\bbowers  Account Name:  bbowers  Account Domain:  SIOC  Logon ID:  0xE9A64342  Logon GUID:  {905B9F13-F6D8-8DD9-719B-933E40659F0E}  Process Information:  Process ID:  0x0  Process Name:  -  Network Information:  Workstation Name: -  Source Network Address: 10.0.0.3  Source Port:  10999  Detailed Authentication Information:  Logon Process:  Kerberos  Authentication Package
<14>1 2018-04-10T17:40:13.308962-04:00 Boniface sshd[5279]: Connection from 10.0.1.251 port 60956 on 10.0.1.251 port 22
2
<29>Apr 13 12:20:59 ProxySG: 250017 Authentication failed from 10.0.0.3: user jporter (realm SIOC)(0) NORMAL_EVENT authutility.cpp 113
<13>Apr 13 12:21:00 Antonech AgentDevice=WindowsLog    AgentLogFile=Security    PluginVersion=7.2.7.20    Source=Microsoft-Windows-Security-Auditing    Computer=BeatGrabs    OriginatingComputer=10.0.0.228    User=    Domain=    EventID=4776    EventIDCode=4776    EventType=8    EventCategory=0    RecordNumber=644124781    TimeGenerated=1523478419    TimeWritten=1523478419    Level=Log Always    Keywords=Audit Success	Task=SE_ADT_ACCOUNTLOGON_CREDENTIALVALIDATION	Opcode=Info	Message=The computer attempted to validate the credentials for an account.  Subject:  Security ID:  NULL SID  Account Name:  -  Account Domain:  -  Logon ID:  0x0  Logon Type:   3  Impersonation Level:  Impersonation  New Logon:  Security ID:  SIOC\fcaldwell  Account Name:  fcaldwell  Account Domain:  SIOC  Logon ID:  0xE9A64342  Logon GUID:  {905B9F13-F6D8-8DD9-719B-933E40659F0E}  Process Information:  Process ID:  0x0  Process Name:  -  Network Information:  Workstation Name: -  Source Network Address: 10.0.0.3  Source Port:  50851  Detailed Authentication Information:  Logon Process:  Kerberos  Authentication Package
<13>Apr 13 12:21:01 Antonech AgentDevice=WindowsLog    AgentLogFile=Security    PluginVersion=7.2.7.20    Source=Microsoft-Windows-Security-Auditing    Computer=Antonech    OriginatingComputer=10.0.0.3    User=    Domain=    EventID=4776    EventIDCode=4776    EventType=8    EventCategory=0    RecordNumber=644124781    TimeGenerated=1523478419    TimeWritten=1523478419    Level=Log Always    Keywords=Audit Success	Task=SE_ADT_ACCOUNTLOGON_CREDENTIALVALIDATION	Opcode=Info	Message=The computer attempted to validate the credentials for an account.  Subject:  Security ID:  NULL SID  Account Name:  -  Account Domain:  -  Logon ID:  0x0  Logon Type:   3  Impersonation Level:  Impersonation  New Logon:  Security ID:  SIOC\aalexander  Account Name:  aalexander  Account Domain:  SIOC  Logon ID:  0xE9A64342  Logon GUID:  {905B9F13-F6D8-8DD9-719B-933E40659F0E}  Process Information:  Process ID:  0x0  Process Name:  -  Network Information:  Workstation Name: -  Source Network Address: 10.0.0.3  Source Port:  30229  Detailed Authentication Information:  Logon Process:  Kerberos  Authentication Package
