<13>Apr 13 12:14:28 Antonech AgentDevice=WindowsLog    AgentLogFile=Security    PluginVersion=7.2.7.20    Source=Microsoft-Windows-Security-Auditing    Computer=Antonech    OriginatingComputer=10.0.0.3    User=    Domain=    EventID=4624    EventIDCode=4624    EventType=8    EventCategory=0    RecordNumber=644124781    TimeGenerated=1523478419    TimeWritten=1523478419    Level=Log Always    Keywords=Audit Success	Task=SE_ADT_LOGON_LOGON	Opcode=Info	Message=An account was successfully logged on.  Subject:  Security ID:  NULL SID  Account Name:  -  Account Domain:  -  Logon ID:  0x0  Logon Type:   3  Impersonation Level:  Impersonation  New Logon:  Security ID:  SIOC\jsimon  Account Name:  jsimon  Account Domain:  SIOC  Logon ID:  0xE9A64342  Logon GUID:  {905B9F13-F6D8-8DD9-719B-933E40659F0E}  Process Information:  Process ID:  0x0  Process Name:  -  Network Information:  Workstation Name: -  Source Network Address: 10.0.0.3  Source Port:  41842  Detailed Authentication Information:  Logon Process:  Kerberos  Authentication Package
<13>Apr 13 12:14:28 Antonech AgentDevice=WindowsLog    AgentLogFile=Security    PluginVersion=7.2.7.20    Source=Microsoft-Windows-Security-Auditing    Computer=Alitorce    OriginatingComputer=10.0.0.113    User=    Domain=    EventID=4624    EventIDCode=4624    EventType=8    EventCategory=0    RecordNumber=644124781    TimeGenerated=1523478419    TimeWritten=1523478419    Level=Log Always    Keywords=Audit Success	Task=SE_ADT_LOGON_LOGON	Opcode=Info	Message=An account was successfully logged on.  Subject:  Security ID:  NULL SID  Account Name:  -  Account Domain:  -  Logon ID:  0x0  Logon Type:   3  Impersonation Level:  Impersonation  New Logon:  Security ID:  SIOC\vpotter  Account Name:  vpotter  Account Domain:  SIOC  Logon ID:  0xE9A64342  Logon GUID:  {905B9F13-F6D8-8DD9-719B-933E40659F0E}  Process Information:  Process ID:  0x0  Process Name:  -  Network Information:  Workstation Name: -  Source Network Address: 10.0.0.3  Source Port:  8150  Detailed Authentication Information:  Logon Process:  Kerberos  Authentication Package
<14>Apr 13 12:14:29 Bill LEEF:1.0|Palo Alto Networks|PAN-OS Syslog Integration|7.1.14|allow|cat=PA Series Traffic|ReceiveTime=2018/04/13 12:14:29|SerialNumber=001122334455|Type=PA Series Traffic|subtype=deny|devTime=Apr 13 2018 12:14:29 GMT|src=89.149.179.247|dst=139.224.15.153|srcPostNAT=0.0.0.0|dstPostNAT=0.0.0.0|RuleName=External|usrName=SIOC\bfranklin|SourceUser=SIOC\bfranklin|DestinationUser=|Application=trend-micro|VirtualSystem=vsys1|SourceZone=Users|DestinationZone=External|IngressInterface=ae1.40|EgressInterface=ae1.20|LogForwardingProfile=SIOC_Alerts|SessionID=312844|RepeatCount=1|srcPort=46760|dstPort=43776|srcPostNATPort=0|dstPostNATPort=0|Flags=0x4000|proto=tcp|action=allow|totalBytes=2871|dstBytes=70|srcBytes=2801|totalPackets=5|StartTime=2018/04/13 12:14:29|ElapsedTime=0|URLCategory=text/html|sequence=241584115|ActionFlags=0x0|SourceLocation=10.0.0.0-10.255.255.255|DestinationLocation=10.0.0.0-10.255.255.255|dstPackets=1|srcPackets=4|SessionEndReason=n/a|DeviceGroupHierarchyL1=0|DeviceGroupHierarchyL2=0|DeviceGroupHierarchyL3=0|DeviceGroupHierarchyL4=0|vSrcName=|DeviceName=PA-3050_HA1|ActionSource=from-policy
<13>Apr 13 12:14:30 Alitorce AgentDevice=WindowsLog    AgentLogFile=Security    PluginVersion=7.2.7.20    Source=Microsoft-Windows-Security-Auditing    Computer=BeatGrabs    OriginatingComputer=10.0.0.228    User=    Domain=    EventID=4776    EventIDCode=4776    EventType=8    EventCategory=0    RecordNumber=644124781    TimeGenerated=1523478419    TimeWritten=1523478419    Level=Log Always    Keywords=Audit Success	Task=SE_ADT_ACCOUNTLOGON_CREDENTIALVALIDATION	Opcode=Info	Message=The computer attempted to validate the credentials for an account.  Subject:  Security ID:  NULL SID  Account Name:  -  Account Domain:  -  Logon ID:  0x0  Logon Type:   3  Impersonation Level:  Impersonation  New Logon:  Security ID:  SIOC\cramsey  Account Name:  cramsey  Account Domain:  SIOC  Logon ID:  0xE9A64342  Logon GUID:  {905B9F13-F6D8-8DD9-719B-933E40659F0E}  Process Information:  Process ID:  0x0  Process Name:  -  Network Information:  Workstation Name: -  Source Network Address: 10.0.0.113  Source Port:  12010  Detailed Authentication Information:  Logon Process:  Kerberos  Authentication Package
<13>Apr 13 12:14:31 Antonech AgentDevice=WindowsLog    AgentLogFile=Security    PluginVersion=7.2.7.20    Source=Microsoft-Windows-Security-Auditing    Computer=Alitorce    OriginatingComputer=10.0.0.113    User=    Domain=    EventID=4776    EventIDCode=4776    EventType=8    EventCategory=0    RecordNumber=644124781    TimeGenerated=1523478419    TimeWritten=1523478419    Level=Log Always    Keywords=Audit Success	Task=SE_ADT_ACCOUNTLOGON_CREDENTIALVALIDATION	Opcode=Info	Message=The computer attempted to validate the credentials for an account.  Subject:  Security ID:  NULL SID  Account Name:  -  Account Domain:  -  Logon ID:  0x0  Logon Type:   3  Impersonation Level:  Impersonation  New Logon:  Security ID:  SIOC\sbryan  Account Name:  sbryan  Account Domain:  SIOC  Logon ID:  0xE9A64342  Logon GUID:  {905B9F13-F6D8-8DD9-719B-933E40659F0E}  Process Information:  Process ID:  0x0  Process Name:  -  Network Information:  Workstation Name: -  Source Network Address: 10.0.0.3  Source Port:  59899  Detailed Authentication Information:  Logon Process:  Kerberos  Authentication Package
<13>Apr 13 12:14:32 Antonech AgentDevice=WindowsLog    AgentLogFile=Security    PluginVersion=7.2.7.20    Source=Microsoft-Windows-Security-Auditing    Computer=Antonech    OriginatingComputer=10.0.0.3    User=    Domain=    EventID=4634    EventIDCode=4634    EventType=8    EventCategory=0    RecordNumber=644124781    TimeGenerated=1523478419    TimeWritten=1523478419    Level=Log Always    Keywords=Audit Success	Task=SE_ADT_LOGON_LOGOFF	Opcode=Info	Message=An account was logged off.  Subject:  Security ID:  NULL SID  Account Name:  -  Account Domain:  -  Logon ID:  0x0  Logon Type:   3  Impersonation Level:  Impersonation  New Logon:  Security ID:  SIOC\azimmerman  Account Name:  azimmerman  Account Domain:  SIOC  Logon ID:  0xE9A64342  Logon GUID:  {905B9F13-F6D8-8DD9-719B-933E40659F0E}  Process Information:  Process ID:  0x0  Process Name:  -  Network Information:  Workstation Name: -  Source Network Address: 10.0.0.3  Source Port:  45534  Detailed Authentication Information:  Logon Process:  Kerberos  Authentication Package
<13>Apr 13 12:14:33 Alitorce AgentDevice=WindowsLog    AgentLogFile=Security    PluginVersion=7.2.7.20    Source=Microsoft-Windows-Security-Auditing    Computer=Ballanomy    OriginatingComputer=10.0.0.192    User=    Domain=    EventID=4624    EventIDCode=4624    EventType=8    EventCategory=0    RecordNumber=644124781    TimeGenerated=1523478419    TimeWritten=1523478419    Level=Log Always    Keywords=Audit Success	Task=SE_ADT_LOGON_LOGON	Opcode=Info	Message=An account was successfully logged on.  Subject:  Security ID:  NULL SID  Account Name:  -  Account Domain:  -  Logon ID:  0x0  Logon Type:   3  Impersonation Level:  Impersonation  New Logon:  Security ID:  SIOC\fcaldwell  Account Name:  fcaldwell  Account Domain:  SIOC  Logon ID:  0xE9A64342  Logon GUID:  {905B9F13-F6D8-8DD9-719B-933E40659F0E}  Process Information:  Process ID:  0x0  Process Name:  -  Network Information:  Workstation Name: -  Source Network Address: 10.0.0.113  Source Port:  578  Detailed Authentication Information:  Logon Process:  Kerberos  Authentication Package
<14>Apr 13 12:14:34 Charlie LEEF:1.0|Palo Alto Networks|PAN-OS Syslog Integration|7.1.14|general| ReceiveTime=2018/04/13 12:14:34|SerialNumber=001122334455|cat=SYSTEM|subtype=general|devTime=Apr 13 2018 12:14:34 GMT|VirtualSystem=|Filename=|Module=general|sev=1|Severity=informational|msg="User "ewallace logged in via Web from 10.0.0.228 using https"|sequence=84438|ActionFlags=0x0|DeviceGroupHierarchyL1=0|DeviceGroupHierarchyL2=0|DeviceGroupHierarchyL3=0|DeviceGroupHierarchyL4=0|vSrcName=|DeviceName=Charlie
1
Bluecoat|src=10.0.1.44|srcport=25788|dst=190.15.56.163|dstport=80|username=jwise|devicetime=2018/04/13 12:14:34 GMT]|s-action=TCP_CLIENT_REFRESH|sc-status=302|cs-method=GET|time-taken=1|sc-bytes=185|cs-bytes=216|cs-uri-scheme=tcp|cs-host=array611-prod.do.dsp.mp.microsoft.com/join/|cs-uri-path=/|cs-uri-query=-|cs-uri-extension=-|cs-auth-group=SIOC\Internet|rs(Content-Type)=-|cs(User-Agent)=Mozilla/5.0 (iPad; CPU OS 11_2_6 like Mac OS X) AppleWebKit/604.5.6 (KHTML, like Gecko) Version/11.0 Mobile/15D100 Safari/604.1|cs(Referer)=-|sc-filter-result=OBSERVED|filter-category=Technology/Internet|cs-uri=tcp://array611-prod.do.dsp.mp.microsoft.com/join/:443
1
Bluecoat|src=10.0.1.63|srcport=3120|dst=175.145.114.199|dstport=80|username=scrawford|devicetime=2018/04/13 12:14:34 GMT]|s-action=ACCELERATED|sc-status=0|cs-method=CONNECT|time-taken=1|sc-bytes=185|cs-bytes=216|cs-uri-scheme=tcp|cs-host=outlook.office365.com/|cs-uri-path=/|cs-uri-query=-|cs-uri-extension=-|cs-auth-group=SIOC\Internet|rs(Content-Type)=-|cs(User-Agent)=Mozilla/5.0 (Windows NT 10.0; WOW64; Trident/7.0; rv:11.0) like Gecko|cs(Referer)=-|sc-filter-result=OBSERVED|filter-category=Technology/Internet|cs-uri=tcp://outlook.office365.com/:443
<14>1 2018-04-13T12:14:35000000-04:00 Anacletus sshd[5837]: Accepted publickey for root from 10.0.1.243 port 64023 ssh2: RSA 2a:50:1b:8b:93:7c:28:0a:d4:70:00:eb:03:d1:b2:14:cb:f5:db:ec
2
Bluecoat|src=10.0.0.192|srcport=20350|dst=228.212.140.240|dstport=443|username=pallen|devicetime=2018/04/13 12:14:36 GMT]|s-action=TCP_ERR_MISS|sc-status=503|cs-method=GET|time-taken=1|sc-bytes=185|cs-bytes=216|cs-uri-scheme=tcp|cs-host=raw.githubusercontent.com/|cs-uri-path=/|cs-uri-query=-|cs-uri-extension=-|cs-auth-group=SIOC\Internet|rs(Content-Type)=-|cs(User-Agent)=Mozilla/5.0 (Windows NT 10.0; Win64; x64) AppleWebKit/537.36 (KHTML, like Gecko) Chrome/65.0.3325.181 Safari/537.36|cs(Referer)=-|sc-filter-result=DENIED|filter-category=Technology/Internet|cs-uri=tcp://raw.githubusercontent.com/:443
1
Bluecoat|src=10.0.1.195|srcport=5944|dst=115.167.50.180|dstport=443|username=rpadilla|devicetime=2018/04/13 12:14:38 GMT]|s-action=TCP_AUTH_HIT|sc-status=200|cs-method=GET|time-taken=1|sc-bytes=185|cs-bytes=216|cs-uri-scheme=tcp|cs-host=ghostery-collector.ghostery.com/v2/lookuptable|cs-uri-path=/|cs-uri-query=-|cs-uri-extension=-|cs-auth-group=SIOC\Internet|rs(Content-Type)=-|cs(User-Agent)=Mozilla/5.0 (X11; Linux x86_64) AppleWebKit/537.36 (KHTML, like Gecko) Ubuntu Chromium/64.0.3282.167 Chrome/64.0.3282.167 Safari/537.36|cs(Referer)=-|sc-filter-result=OBSERVED|filter-category=Technology/Internet|cs-uri=tcp://ghostery-collector.ghostery.com/v2/lookuptable:443
1
Bluecoat|src=10.0.1.252|srcport=64727|dst=134.252.156.232|dstport=80|username=sbryan|devicetime=2018/04/13 12:14:38 GMT]|s-action=TCP_CLIENT_REFRESH|sc-status=302|cs-method=GET|time-taken=1|sc-bytes=185|cs-bytes=216|cs-uri-scheme=tcp|cs-host=proxyworkerrolein3-his-eus-1.connector.his.msappproxy.net/|cs-uri-path=/|cs-uri-query=-|cs-uri-extension=-|cs-auth-group=SIOC\Internet|rs(Content-Type)=-|cs(User-Agent)=Mozilla/5.0 (Windows NT 10.0; WOW64; Trident/7.0; rv:11.0) like Gecko|cs(Referer)=-|sc-filter-result=OBSERVED|filter-category=Technology/Internet|cs-uri=tcp://proxyworkerrolein3-his-eus-1.connector.his.msappproxy.net/:443
2
Bluecoat|src=10.0.0.3|srcport=21437|dst=206.225.139.40|dstport=80|username=cramsey|devicetime=2018/04/13 12:14:40 GMT]|s-action=TCP_NC_MISS_RST|sc-status=200|cs-method=GET|time-taken=1|sc-bytes=185|cs-bytes=216|cs-uri-scheme=tcp|cs-host=cloud-ec-asn.amp.cisco.com/|cs-uri-path=/|cs-uri-query=-|cs-uri-extension=-|cs-auth-group=SIOC\Internet|rs(Content-Type)=-|cs(User-Agent)=Mozilla/5.0 (Windows NT 10.0; Win64; x64) AppleWebKit/537.36 (KHTML, like Gecko) Chrome/65.0.3325.162 Safari/537.36|cs(Referer)=-|sc-filter-result=OBSERVED|filter-category=Technology/Internet|cs-uri=tcp://cloud-ec-asn.amp.cisco.com/:443
<13>Apr 13 12:14:41 Ballanomy AgentDevice=WindowsLog    AgentLogFile=Security    PluginVersion=7.2.7.20    Source=Microsoft-Windows-Security-Auditing    Computer=BeatGrabs    OriginatingComputer=10.0.0.228    User=    Domain=    EventID=4634    EventIDCode=4634    EventType=8    EventCategory=0    RecordNumber=644124781    TimeGenerated=1523478419    TimeWritten=1523478419    Level=Log Always    Keywords=Audit Success	Task=SE_ADT_LOGON_LOGOFF	Opcode=Info	Message=An account was logged off.  Subject:  Security ID:  NULL SID  Account Name:  -  Account Domain:  -  Logon ID:  0x0  Logon Type:   3  Impersonation Level:  Impersonation  New Logon:  Security ID:  SIOC\asteele  Account Name:  asteele  Account Domain:  SIOC  Logon ID:  0xE9A64342  Logon GUID:  {905B9F13-F6D8-8DD9-719B-933E40659F0E}  Process Information:  Process ID:  0x0  Process Name:  -  Network Information:  Workstation Name: -  Source Network Address: 10.0.0.192  Source Port:  20209  Detailed Authentication Information:  Logon Process:  Kerberos  Authentication Package
<13>Apr 13 12:14:43 Antonech AgentDevice=WindowsLog    AgentLogFile=Security    PluginVersion=7.2.7.20    Source=Microsoft-Windows-Security-Auditing    Computer=BeatGrabs    OriginatingComputer=10.0.0.228    User=    Domain=    EventID=4776    EventIDCode=4776    EventType=8    EventCategory=0    RecordNumber=644124781    TimeGenerated=1523478419    TimeWritten=1523478419    Level=Log Always    Keywords=Audit Success	Task=SE_ADT_ACCOUNTLOGON_CREDENTIALVALIDATION	Opcode=Info	Message=The computer attempted to validate the credentials for an account.  Subject:  Security ID:  NULL SID  Account Name:  -  Account Domain:  -  Logon ID:  0x0  Logon Type:   3  Impersonation Level:  Impersonation  New Logon:  Security ID:  SIOC\asmith  Account Name:  asmith  Account Domain:  SIOC  Logon ID:  0xE9A64342  Logon GUID:  {905B9F13-F6D8-8DD9-719B-933E40659F0E}  Process Information:  Process ID:  0x0  Process Name:  -  Network Information:  Workstation Name: -  Source Network Address: 10.0.0.3  Source Port:  60072  Detailed Authentication Information:  Logon Process:  Kerberos  Authentication Package
<86>Apr 13 12:14:44 Ursicinus sshd[34325]: Connection closed by 10.0.1.217 [preauth]
<14>Apr 13 12:14:45 Ginny LEEF:1.0|Palo Alto Networks|PAN-OS Syslog Integration|7.1.14|allow|cat=PA Series Traffic|ReceiveTime=2018/04/13 12:14:45|SerialNumber=001122334455|Type=PA Series Traffic|subtype=end|devTime=Apr 13 2018 12:14:45 GMT|src=10.0.1.243|dst=10.0.2.22|srcPostNAT=0.0.0.0|dstPostNAT=0.0.0.0|RuleName=All_to_Servers|usrName=SIOC\dalvarez|SourceUser=SIOC\dalvarez|DestinationUser=|Application=datadog|VirtualSystem=vsys1|SourceZone=Users|DestinationZone=Servers|IngressInterface=ae1.40|EgressInterface=ae1.20|LogForwardingProfile=SIOC_Alerts|SessionID=312844|RepeatCount=1|srcPort=16939|dstPort=12326|srcPostNATPort=0|dstPostNATPort=0|Flags=0x4000|proto=tcp|action=allow|totalBytes=2871|dstBytes=70|srcBytes=2801|totalPackets=5|StartTime=2018/04/13 12:14:45|ElapsedTime=0|URLCategory=computer-and-internet-info|sequence=241584115|ActionFlags=0x0|SourceLocation=10.0.0.0-10.255.255.255|DestinationLocation=10.0.0.0-10.255.255.255|dstPackets=1|srcPackets=4|SessionEndReason=tcp-fin|DeviceGroupHierarchyL1=0|DeviceGroupHierarchyL2=0|DeviceGroupHierarchyL3=0|DeviceGroupHierarchyL4=0|vSrcName=|DeviceName=PA-3050_HA1|ActionSource=from-policy
<13>Apr 13 12:14:46 Alitorce AgentDevice=WindowsLog    AgentLogFile=Security    PluginVersion=7.2.7.20    Source=Microsoft-Windows-Security-Auditing    Computer=Antonech    OriginatingComputer=10.0.0.3    User=    Domain=    EventID=4624    EventIDCode=4624    EventType=8    EventCategory=0    RecordNumber=644124781    TimeGenerated=1523478419    TimeWritten=1523478419    Level=Log Always    Keywords=Audit Success	Task=SE_ADT_LOGON_LOGON	Opcode=Info	Message=An account was successfully logged on.  Subject:  Security ID:  NULL SID  Account Name:  -  Account Domain:  -  Logon ID:  0x0  Logon Type:   3  Impersonation Level:  Impersonation  New Logon:  Security ID:  SIOC\gstephens  Account Name:  gstephens  Account Domain:  SIOC  Logon ID:  0xE9A64342  Logon GUID:  {905B9F13-F6D8-8DD9-719B-933E40659F0E}  Process Information:  Process ID:  0x0  Process Name:  -  Network Information:  Workstation Name: -  Source Network Address: 10.0.0.113  Source Port:  40563  Detailed Authentication Information:  Logon Process:  Kerberos  Authentication Package
<13>Apr 13 12:14:48 BeatGrabs AgentDevice=WindowsLog    AgentLogFile=Security    PluginVersion=7.2.7.20    Source=Microsoft-Windows-Security-Auditing    Computer=Alitorce    OriginatingComputer=10.0.0.113    User=    Domain=    EventID=4672    EventIDCode=4672    EventType=8    EventCategory=0    RecordNumber=644124781    TimeGenerated=1523478419    TimeWritten=1523478419    Level=Log Always    Keywords=Audit Success	Task=SE_ADT_LOGON_SPECIALLOGON	Opcode=Info	Message=Special privileges assigned to new logon.  Subject:  Security ID:  NULL SID  Account Name:  -  Account Domain:  -  Logon ID:  0x0  Logon Type:   3  Impersonation Level:  Impersonation  New Logon:  Security ID:  SIOC\sbryan  Account Name:  sbryan  Account Domain:  SIOC  Logon ID:  0xE9A64342  Logon GUID:  {905B9F13-F6D8-8DD9-719B-933E40659F0E}  Process Information:  Process ID:  0x0  Process Name:  -  Network Information:  Workstation Name: -  Source Network Address: 10.0.0.228  Source Port:  13706  Detailed Authentication Information:  Logon Process:  Kerberos  Authentication Package
2
Bluecoat|src=10.0.0.228|srcport=29481|dst=158.27.220.211|dstport=80|username=hmclaughlin|devicetime=2018/04/13 12:14:48 GMT]|s-action=TCP_HIT|sc-status=200|cs-method=GET|time-taken=1|sc-bytes=185|cs-bytes=216|cs-uri-scheme=tcp|cs-host=outlook.office365.com/|cs-uri-path=/|cs-uri-query=-|cs-uri-extension=-|cs-auth-group=SIOC\Internet|rs(Content-Type)=-|cs(User-Agent)=Mozilla/5.0 (iPad; CPU OS 11_2_6 like Mac OS X) AppleWebKit/604.5.6 (KHTML, like Gecko) Version/11.0 Mobile/15D100 Safari/604.1|cs(Referer)=-|sc-filter-result=OBSERVED|filter-category=Technology/Internet|cs-uri=tcp://outlook.office365.com/:443
<13>Apr 13 12:14:48 Antonech AgentDevice=WindowsLog    AgentLogFile=Security    PluginVersion=7.2.7.20    Source=Microsoft-Windows-Security-Auditing    Computer=Antonech    OriginatingComputer=10.0.0.3    User=    Domain=    EventID=4672    EventIDCode=4672    EventType=8    EventCategory=0    RecordNumber=644124781    TimeGenerated=1523478419    TimeWritten=1523478419    Level=Log Always    Keywords=Audit Success	Task=SE_ADT_LOGON_SPECIALLOGON	Opcode=Info	Message=Special privileges assigned to new logon.  Subject:  Security ID:  NULL SID  Account Name:  -  Account Domain:  -  Logon ID:  0x0  Logon Type:   3  Impersonation Level:  Impersonation  New Logon:  Security ID:  SIOC\atucker  Account Name:  atucker  Account Domain:  SIOC  Logon ID:  0xE9A64342  Logon GUID:  {905B9F13-F6D8-8DD9-719B-933E40659F0E}  Process Information:  Process ID:  0x0  Process Name:  -  Network Information:  Workstation Name: -  Source Network Address: 10.0.0.3  Source Port:  60725  Detailed Authentication Information:  Logon Process:  Kerberos  Authentication Package
<13>Apr 13 12:14:50 Ballanomy AgentDevice=WindowsLog    AgentLogFile=Security    PluginVersion=7.2.7.20    Source=Microsoft-Windows-Security-Auditing    Computer=Antonech    OriginatingComputer=10.0.0.3    User=    Domain=    EventID=4634    EventIDCode=4634    EventType=8    EventCategory=0    RecordNumber=644124781    TimeGenerated=1523478419    TimeWritten=1523478419    Level=Log Always    Keywords=Audit Success	Task=SE_ADT_LOGON_LOGOFF	Opcode=Info	Message=An account was logged off.  Subject:  Security ID:  NULL SID  Account Name:  -  Account Domain:  -  Logon ID:  0x0  Logon Type:   3  Impersonation Level:  Impersonation  New Logon:  Security ID:  SIOC\ddavidson  Account Name:  ddavidson  Account Domain:  SIOC  Logon ID:  0xE9A64342  Logon GUID:  {905B9F13-F6D8-8DD9-719B-933E40659F0E}  Process Information:  Process ID:  0x0  Process Name:  -  Network Information:  Workstation Name: -  Source Network Address: 10.0.0.192  Source Port:  53721  Detailed Authentication Information:  Logon Process:  Kerberos  Authentication Package
<13>Apr 13 12:14:52 Ballanomy AgentDevice=WindowsLog    AgentLogFile=Security    PluginVersion=7.2.7.20    Source=Microsoft-Windows-Security-Auditing    Computer=Ballanomy    OriginatingComputer=10.0.0.192    User=    Domain=    EventID=4672    EventIDCode=4672    EventType=8    EventCategory=0    RecordNumber=644124781    TimeGenerated=1523478419    TimeWritten=1523478419    Level=Log Always    Keywords=Audit Success	Task=SE_ADT_LOGON_SPECIALLOGON	Opcode=Info	Message=Special privileges assigned to new logon.  Subject:  Security ID:  NULL SID  Account Name:  -  Account Domain:  -  Logon ID:  0x0  Logon Type:   3  Impersonation Level:  Impersonation  New Logon:  Security ID:  SIOC\mriley  Account Name:  mriley  Account Domain:  SIOC  Logon ID:  0xE9A64342  Logon GUID:  {905B9F13-F6D8-8DD9-719B-933E40659F0E}  Process Information:  Process ID:  0x0  Process Name:  -  Network Information:  Workstation Name: -  Source Network Address: 10.0.0.192  Source Port:  50047  Detailed Authentication Information:  Logon Process:  Kerberos  Authentication Package
<85>Apr 13 12:14:53 Victor passwd: pam_unix(passwd:chauthtok): password changed for vpotter
1
Bluecoat|src=10.0.1.89|srcport=38366|dst=25.248.214.160|dstport=443|username=bbrooks|devicetime=2018/04/13 12:14:53 GMT]|s-action=TCP_AUTH_HIT|sc-status=200|cs-method=GET|time-taken=1|sc-bytes=185|cs-bytes=216|cs-uri-scheme=tcp|cs-host=www.greensmoke.com/|cs-uri-path=/|cs-uri-query=-|cs-uri-extension=-|cs-auth-group=SIOC\Internet|rs(Content-Type)=-|cs(User-Agent)=Mozilla/5.0 (compatible; MSIE 9.0; Windows NT 6.0; Trident/5.0; Trident/5.0)|cs(Referer)=-|sc-filter-result=OBSERVED|filter-category=Technology/Internet|cs-uri=tcp://www.greensmoke.com/:443
<14>1 2018-04-13T12:14:54000000-04:00 Innocent sshd[5837]: Accepted publickey for sbryan from 10.0.1.81 port 40453 ssh2: RSA 2a:50:1b:8b:93:7c:28:0a:d4:70:00:eb:03:d1:b2:14:cb:f5:db:ec
<13>Apr 13 12:14:56 BeatGrabs AgentDevice=WindowsLog    AgentLogFile=Security    PluginVersion=7.2.7.20    Source=Microsoft-Windows-Security-Auditing    Computer=BeatGrabs    OriginatingComputer=10.0.0.228    User=    Domain=    EventID=4634    EventIDCode=4634    EventType=8    EventCategory=0    RecordNumber=644124781    TimeGenerated=1523478419    TimeWritten=1523478419    Level=Log Always    Keywords=Audit Success	Task=SE_ADT_LOGON_LOGOFF	Opcode=Info	Message=An account was logged off.  Subject:  Security ID:  NULL SID  Account Name:  -  Account Domain:  -  Logon ID:  0x0  Logon Type:   3  Impersonation Level:  Impersonation  New Logon:  Security ID:  SIOC\gfreeman  Account Name:  gfreeman  Account Domain:  SIOC  Logon ID:  0xE9A64342  Logon GUID:  {905B9F13-F6D8-8DD9-719B-933E40659F0E}  Process Information:  Process ID:  0x0  Process Name:  -  Network Information:  Workstation Name: -  Source Network Address: 10.0.0.228  Source Port:  48862  Detailed Authentication Information:  Logon Process:  Kerberos  Authentication Package
<13>Apr 13 12:14:56 Antonech AgentDevice=WindowsLog    AgentLogFile=Security    PluginVersion=7.2.7.20    Source=Microsoft-Windows-Security-Auditing    Computer=BeatGrabs    OriginatingComputer=10.0.0.228    User=    Domain=    EventID=4776    EventIDCode=4776    EventType=8    EventCategory=0    RecordNumber=644124781    TimeGenerated=1523478419    TimeWritten=1523478419    Level=Log Always    Keywords=Audit Success	Task=SE_ADT_ACCOUNTLOGON_CREDENTIALVALIDATION	Opcode=Info	Message=The computer attempted to validate the credentials for an account.  Subject:  Security ID:  NULL SID  Account Name:  -  Account Domain:  -  Logon ID:  0x0  Logon Type:   3  Impersonation Level:  Impersonation  New Logon:  Security ID:  SIOC\fcaldwell  Account Name:  fcaldwell  Account Domain:  SIOC  Logon ID:  0xE9A64342  Logon GUID:  {905B9F13-F6D8-8DD9-719B-933E40659F0E}  Process Information:  Process ID:  0x0  Process Name:  -  Network Information:  Workstation Name: -  Source Network Address: 10.0.0.3  Source Port:  38790  Detailed Authentication Information:  Logon Process:  Kerberos  Authentication Package
<14>1 2018-04-13T12:14:57000000-04:00 Novatian sshd[5837]: Accepted publickey for twilson from 10.0.1.215 port 7571 ssh2: RSA 2a:50:1b:8b:93:7c:28:0a:d4:70:00:eb:03:d1:b2:14:cb:f5:db:ec
<13>Apr 13 12:14:59 BeatGrabs AgentDevice=WindowsLog    AgentLogFile=Security    PluginVersion=7.2.7.20    Source=Microsoft-Windows-Security-Auditing    Computer=BeatGrabs    OriginatingComputer=10.0.0.228    User=    Domain=    EventID=4634    EventIDCode=4634    EventType=8    EventCategory=0    RecordNumber=644124781    TimeGenerated=1523478419    TimeWritten=1523478419    Level=Log Always    Keywords=Audit Success	Task=SE_ADT_LOGON_LOGOFF	Opcode=Info	Message=An account was logged off.  Subject:  Security ID:  NULL SID  Account Name:  -  Account Domain:  -  Logon ID:  0x0  Logon Type:   3  Impersonation Level:  Impersonation  New Logon:  Security ID:  SIOC\ddavidson  Account Name:  ddavidson  Account Domain:  SIOC  Logon ID:  0xE9A64342  Logon GUID:  {905B9F13-F6D8-8DD9-719B-933E40659F0E}  Process Information:  Process ID:  0x0  Process Name:  -  Network Information:  Workstation Name: -  Source Network Address: 10.0.0.228  Source Port:  1696  Detailed Authentication Information:  Logon Process:  Kerberos  Authentication Package
<13>Apr 13 12:15:00 Alitorce AgentDevice=WindowsLog    AgentLogFile=Security    PluginVersion=7.2.7.20    Source=Microsoft-Windows-Security-Auditing    Computer=Alitorce    OriginatingComputer=10.0.0.113    User=    Domain=    EventID=4672    EventIDCode=4672    EventType=8    EventCategory=0    RecordNumber=644124781    TimeGenerated=1523478419    TimeWritten=1523478419    Level=Log Always    Keywords=Audit Success	Task=SE_ADT_LOGON_SPECIALLOGON	Opcode=Info	Message=Special privileges assigned to new logon.  Subject:  Security ID:  NULL SID  Account Name:  -  Account Domain:  -  Logon ID:  0x0  Logon Type:   3  Impersonation Level:  Impersonation  New Logon:  Security ID:  SIOC\lmoreno  Account Name:  lmoreno  Account Domain:  SIOC  Logon ID:  0xE9A64342  Logon GUID:  {905B9F13-F6D8-8DD9-719B-933E40659F0E}  Process Information:  Process ID:  0x0  Process Name:  -  Network Information:  Workstation Name: -  Source Network Address: 10.0.0.113  Source Port:  30413  Detailed Authentication Information:  Logon Process:  Kerberos  Authentication Package
<13>Apr 13 12:15:01 Antonech AgentDevice=WindowsLog    AgentLogFile=Security    PluginVersion=7.2.7.20    Source=Microsoft-Windows-Security-Auditing    Computer=BeatGrabs    OriginatingComputer=10.0.0.228    User=    Domain=    EventID=4634    EventIDCode=4634    EventType=8    EventCategory=0    RecordNumber=644124781    TimeGenerated=1523478419    TimeWritten=1523478419    Level=Log Always    Keywords=Audit Success	Task=SE_ADT_LOGON_LOGOFF	Opcode=Info	Message=An account was logged off.  Subject:  Security ID:  NULL SID  Account Name:  -  Account Domain:  -  Logon ID:  0x0  Logon Type:   3  Impersonation Level:  Impersonation  New Logon:  Security ID:  SIOC\cbarnes  Account Name:  cbarnes  Account Domain:  SIOC  Logon ID:  0xE9A64342  Logon GUID:  {905B9F13-F6D8-8DD9-719B-933E40659F0E}  Process Information:  Process ID:  0x0  Process Name:  -  Network Information:  Workstation Name: -  Source Network Address: 10.0.0.3  Source Port:  44121  Detailed Authentication Information:  Logon Process:  Kerberos  Authentication Package
<13>Apr 13 12:15:02 Ballanomy AgentDevice=WindowsLog    AgentLogFile=Security    PluginVersion=7.2.7.20    Source=Microsoft-Windows-Security-Auditing    Computer=BeatGrabs    OriginatingComputer=10.0.0.228    User=    Domain=    EventID=4634    EventIDCode=4634    EventType=8    EventCategory=0    RecordNumber=644124781    TimeGenerated=1523478419    TimeWritten=1523478419    Level=Log Always    Keywords=Audit Success	Task=SE_ADT_LOGON_LOGOFF	Opcode=Info	Message=An account was logged off.  Subject:  Security ID:  NULL SID  Account Name:  -  Account Domain:  -  Logon ID:  0x0  Logon Type:   3  Impersonation Level:  Impersonation  New Logon:  Security ID:  SIOC\kweber  Account Name:  kweber  Account Domain:  SIOC  Logon ID:  0xE9A64342  Logon GUID:  {905B9F13-F6D8-8DD9-719B-933E40659F0E}  Process Information:  Process ID:  0x0  Process Name:  -  Network Information:  Workstation Name: -  Source Network Address: 10.0.0.192  Source Port:  56441  Detailed Authentication Information:  Logon Process:  Kerberos  Authentication Package
<14>1 2018-04-10T17:40:13.308962-04:00 Hippolytus sshd[5279]: Connection from 10.0.1.44 port 49809 on 10.0.1.44 port 22
<13>Apr 13 12:15:04 BeatGrabs AgentDevice=WindowsLog    AgentLogFile=Security    PluginVersion=7.2.7.20    Source=Microsoft-Windows-Security-Auditing    Computer=Alitorce    OriginatingComputer=10.0.0.113    User=    Domain=    EventID=4776    EventIDCode=4776    EventType=8    EventCategory=0    RecordNumber=644124781    TimeGenerated=1523478419    TimeWritten=1523478419    Level=Log Always    Keywords=Audit Success	Task=SE_ADT_ACCOUNTLOGON_CREDENTIALVALIDATION	Opcode=Info	Message=The computer attempted to validate the credentials for an account.  Subject:  Security ID:  NULL SID  Account Name:  -  Account Domain:  -  Logon ID:  0x0  Logon Type:   3  Impersonation Level:  Impersonation  New Logon:  Security ID:  SIOC\rjohnston  Account Name:  rjohnston  Account Domain:  SIOC  Logon ID:  0xE9A64342  Logon GUID:  {905B9F13-F6D8-8DD9-719B-933E40659F0E}  Process Information:  Process ID:  0x0  Process Name:  -  Network Information:  Workstation Name: -  Source Network Address: 10.0.0.228  Source Port:  38248  Detailed Authentication Information:  Logon Process:  Kerberos  Authentication Package
<14>Apr 13 12:15:05 George LEEF:1.0|Palo Alto Networks|PAN-OS Syslog Integration|7.1.14|globalprotectgateway-logout-succ| ReceiveTime=2018/04/13 12:15:05|SerialNumber=001122334455|cat=SYSTEM|subtype=globalprotect|devTime=Apr 12 2018 16:28:22 GMT|VirtualSystem=|Filename=GP-SSLVPN_Gateway2-N|Module=general|sev=1|Severity=informational|msg="GlobalProtect gateway user logout succeeded. User name: kgarza, Client OS version: Microsoft Windows 10 Pro , 64-bit, Reason: user session expired."|sequence=84466|ActionFlags=0x0|DeviceGroupHierarchyL1=0|DeviceGroupHierarchyL2=0|DeviceGroupHierarchyL3=0|DeviceGroupHierarchyL4=0|vSrcName=|DeviceName=George
<13>Apr 13 12:15:05 Antonech AgentDevice=WindowsLog    AgentLogFile=Security    PluginVersion=7.2.7.20    Source=Microsoft-Windows-Security-Auditing    Computer=Alitorce    OriginatingComputer=10.0.0.113    User=    Domain=    EventID=4634    EventIDCode=4634    EventType=8    EventCategory=0    RecordNumber=644124781    TimeGenerated=1523478419    TimeWritten=1523478419    Level=Log Always    Keywords=Audit Success	Task=SE_ADT_LOGON_LOGOFF	Opcode=Info	Message=An account was logged off.  Subject:  Security ID:  NULL SID  Account Name:  -  Account Domain:  -  Logon ID:  0x0  Logon Type:   3  Impersonation Level:  Impersonation  New Logon:  Security ID:  SIOC\abryant  Account Name:  abryant  Account Domain:  SIOC  Logon ID:  0xE9A64342  Logon GUID:  {905B9F13-F6D8-8DD9-719B-933E40659F0E}  Process Information:  Process ID:  0x0  Process Name:  -  Network Information:  Workstation Name: -  Source Network Address: 10.0.0.3  Source Port:  10780  Detailed Authentication Information:  Logon Process:  Kerberos  Authentication Package
1
Bluecoat|src=10.0.1.240|srcport=30859|dst=116.247.223.188|dstport=443|username=rpadilla|devicetime=2018/04/13 12:15:06 GMT]|s-action=TCP_RESCAN_HIT|sc-status=200|cs-method=GET|time-taken=1|sc-bytes=185|cs-bytes=216|cs-uri-scheme=tcp|cs-host=cloud-ec-asn.amp.cisco.com/|cs-uri-path=/|cs-uri-query=-|cs-uri-extension=-|cs-auth-group=SIOC\Internet|rs(Content-Type)=-|cs(User-Agent)=Mozilla/5.0 (Macintosh; Intel Mac OS X 10_10_5) AppleWebKit/603.3.8 (KHTML, like Gecko) Version/10.1.2 Safari/603.3.8|cs(Referer)=-|sc-filter-result=OBSERVED|filter-category=Technology/Internet|cs-uri=tcp://cloud-ec-asn.amp.cisco.com/:443
2
Bluecoat|src=10.0.0.192|srcport=5500|dst=101.175.176.237|dstport=443|username=spalmer|devicetime=2018/04/13 12:15:07 GMT]|s-action=TCP_AUTH_HIT|sc-status=200|cs-method=GET|time-taken=1|sc-bytes=185|cs-bytes=216|cs-uri-scheme=tcp|cs-host=grafana.com/|cs-uri-path=/|cs-uri-query=-|cs-uri-extension=-|cs-auth-group=SIOC\Internet|rs(Content-Type)=-|cs(User-Agent)=Mozilla/5.0 (Windows NT 10.0; WOW64; Trident/7.0; rv:11.0) like Gecko|cs(Referer)=-|sc-filter-result=OBSERVED|filter-category=Technology/Internet|cs-uri=tcp://grafana.com/:443
<13>Apr 13 12:15:07 BeatGrabs AgentDevice=WindowsLog    AgentLogFile=Security    PluginVersion=7.2.7.20    Source=Microsoft-Windows-Security-Auditing    Computer=BeatGrabs    OriginatingComputer=10.0.0.228    User=    Domain=    EventID=4672    EventIDCode=4672    EventType=8    EventCategory=0    RecordNumber=644124781    TimeGenerated=1523478419    TimeWritten=1523478419    Level=Log Always    Keywords=Audit Success	Task=SE_ADT_LOGON_SPECIALLOGON	Opcode=Info	Message=Special privileges assigned to new logon.  Subject:  Security ID:  NULL SID  Account Name:  -  Account Domain:  -  Logon ID:  0x0  Logon Type:   3  Impersonation Level:  Impersonation  New Logon:  Security ID:  SIOC\pallen  Account Name:  pallen  Account Domain:  SIOC  Logon ID:  0xE9A64342  Logon GUID:  {905B9F13-F6D8-8DD9-719B-933E40659F0E}  Process Information:  Process ID:  0x0  Process Name:  -  Network Information:  Workstation Name: -  Source Network Address: 10.0.0.228  Source Port:  60085  Detailed Authentication Information:  Logon Process:  Kerberos  Authentication Package
<14>Apr 13 12:15:08 Percy LEEF:1.0|Palo Alto Networks|PAN-OS Syslog Integration|7.1.14|deny|cat=PA Series Traffic|ReceiveTime=2018/04/13 12:15:08|SerialNumber=001122334455|Type=PA Series Traffic|subtype=drop|devTime=Apr 13 2018 12:15:08 GMT|src=10.0.1.45|dst=35.15.255.104|srcPostNAT=0.0.0.0|dstPostNAT=0.0.0.0|RuleName=External|usrName=SIOC\rjohnston|SourceUser=SIOC\rjohnston|DestinationUser=|Application=datadog|VirtualSystem=vsys1|SourceZone=Users|DestinationZone=External|IngressInterface=ae1.40|EgressInterface=ae1.20|LogForwardingProfile=SIOC_Alerts|SessionID=312844|RepeatCount=1|srcPort=34960|dstPort=49344|srcPostNATPort=0|dstPostNATPort=0|Flags=0x4000|proto=tcp|action=deny|totalBytes=2871|dstBytes=70|srcBytes=2801|totalPackets=5|StartTime=2018/04/13 12:15:08|ElapsedTime=0|URLCategory=computer-and-internet-info|sequence=241584115|ActionFlags=0x0|SourceLocation=10.0.0.0-10.255.255.255|DestinationLocation=10.0.0.0-10.255.255.255|dstPackets=1|srcPackets=4|SessionEndReason=n/a|DeviceGroupHierarchyL1=0|DeviceGroupHierarchyL2=0|DeviceGroupHierarchyL3=0|DeviceGroupHierarchyL4=0|vSrcName=|DeviceName=PA-3050_HA1|ActionSource=from-policy
1
Bluecoat|src=10.0.1.63|srcport=64096|dst=161.125.99.215|dstport=443|username=dstevens|devicetime=2018/04/13 12:15:09 GMT]|s-action=TCP_AUTH_HIT|sc-status=200|cs-method=GET|time-taken=1|sc-bytes=185|cs-bytes=216|cs-uri-scheme=tcp|cs-host=proxyworkerrolein3-his-eus-1.connector.his.msappproxy.net/|cs-uri-path=/|cs-uri-query=-|cs-uri-extension=-|cs-auth-group=SIOC\Internet|rs(Content-Type)=-|cs(User-Agent)=Mozilla/5.0 (Macintosh; Intel Mac OS X 10_10_5) AppleWebKit/603.3.8 (KHTML, like Gecko) Version/10.1.2 Safari/603.3.8|cs(Referer)=-|sc-filter-result=OBSERVED|filter-category=Technology/Internet|cs-uri=tcp://proxyworkerrolein3-his-eus-1.connector.his.msappproxy.net/:443
1
Bluecoat|src=10.0.1.114|srcport=16456|dst=45.225.70.60|dstport=443|username=ewallace|devicetime=2018/04/13 12:15:10 GMT]|s-action=TCP_CLIENT_REFRESH|sc-status=302|cs-method=GET|time-taken=1|sc-bytes=185|cs-bytes=216|cs-uri-scheme=tcp|cs-host=cdn.content.prod.cms.msn.com/singletile/summary/alias/experiencebyname/today?market=he-IL&source=appxmanifest&tenant=amp&vertical=news|cs-uri-path=/|cs-uri-query=-|cs-uri-extension=-|cs-auth-group=SIOC\Internet|rs(Content-Type)=-|cs(User-Agent)=Mozilla/5.0 (Windows NT 6.1; Win64; x64) AppleWebKit/537.36 (KHTML, like Gecko) Chrome/64.0.3282.186 Safari/537.36Mozilla/5.0 (Macintosh; Intel Mac OS X 10_13_3) AppleWebKit/537.36 (KHTML, like Gecko) Chrome/65.0.3325.162 Safari/537.36|cs(Referer)=-|sc-filter-result=OBSERVED|filter-category=Technology/Internet|cs-uri=tcp://cdn.content.prod.cms.msn.com/singletile/summary/alias/experiencebyname/today?market=he-IL&source=appxmanifest&tenant=amp&vertical=news:443
<14>Apr 13 12:15:10 Molly LEEF:1.0|Palo Alto Networks|PAN-OS Syslog Integration|7.1.14|allow|cat=PA Series Traffic|ReceiveTime=2018/04/13 12:15:10|SerialNumber=001122334455|Type=PA Series Traffic|subtype=end|devTime=Apr 13 2018 12:15:10 GMT|src=231.128.126.0|dst=77.239.158.97|srcPostNAT=0.0.0.0|dstPostNAT=0.0.0.0|RuleName=External|usrName=SIOC\kgarza|SourceUser=SIOC\kgarza|DestinationUser=|Application=web-browsing|VirtualSystem=vsys1|SourceZone=Users|DestinationZone=External|IngressInterface=ae1.40|EgressInterface=ae1.20|LogForwardingProfile=SIOC_Alerts|SessionID=312844|RepeatCount=1|srcPort=42138|dstPort=16726|srcPostNATPort=0|dstPostNATPort=0|Flags=0x4000|proto=tcp|action=allow|totalBytes=2871|dstBytes=70|srcBytes=2801|totalPackets=5|StartTime=2018/04/13 12:15:10|ElapsedTime=0|URLCategory=internet-portals|sequence=241584115|ActionFlags=0x0|SourceLocation=10.0.0.0-10.255.255.255|DestinationLocation=10.0.0.0-10.255.255.255|dstPackets=1|srcPackets=4|SessionEndReason=n/a|DeviceGroupHierarchyL1=0|DeviceGroupHierarchyL2=0|DeviceGroupHierarchyL3=0|DeviceGroupHierarchyL4=0|vSrcName=|DeviceName=PA-3050_HA1|ActionSource=from-policy
<13>Apr 13 12:15:10 Ballanomy AgentDevice=WindowsLog    AgentLogFile=Security    PluginVersion=7.2.7.20    Source=Microsoft-Windows-Security-Auditing    Computer=BeatGrabs    OriginatingComputer=10.0.0.228    User=    Domain=    EventID=4672    EventIDCode=4672    EventType=8    EventCategory=0    RecordNumber=644124781    TimeGenerated=1523478419    TimeWritten=1523478419    Level=Log Always    Keywords=Audit Success	Task=SE_ADT_LOGON_SPECIALLOGON	Opcode=Info	Message=Special privileges assigned to new logon.  Subject:  Security ID:  NULL SID  Account Name:  -  Account Domain:  -  Logon ID:  0x0  Logon Type:   3  Impersonation Level:  Impersonation  New Logon:  Security ID:  SIOC\  Account Name:    Account Domain:  SIOC  Logon ID:  0xE9A64342  Logon GUID:  {905B9F13-F6D8-8DD9-719B-933E40659F0E}  Process Information:  Process ID:  0x0  Process Name:  -  Network Information:  Workstation Name: -  Source Network Address: 10.0.0.192  Source Port:  18968  Detailed Authentication Information:  Logon Process:  Kerberos  Authentication Package
1
<29>Apr 13 12:15:10 ProxySG: 250047 Administrator login, user 'admin', from 10.0.1.195(0) NORMAL_EVENT authconsole.cpp 487
<13>Apr 13 12:15:11 Antonech AgentDevice=WindowsLog    AgentLogFile=Security    PluginVersion=7.2.7.20    Source=Microsoft-Windows-Security-Auditing    Computer=Antonech    OriginatingComputer=10.0.0.3    User=    Domain=    EventID=4776    EventIDCode=4776    EventType=8    EventCategory=0    RecordNumber=644124781    TimeGenerated=1523478419    TimeWritten=1523478419    Level=Log Always    Keywords=Audit Success	Task=SE_ADT_ACCOUNTLOGON_CREDENTIALVALIDATION	Opcode=Info	Message=The computer attempted to validate the credentials for an account.  Subject:  Security ID:  NULL SID  Account Name:  -  Account Domain:  -  Logon ID:  0x0  Logon Type:   3  Impersonation Level:  Impersonation  New Logon:  Security ID:  SIOC\dreid  Account Name:  dreid  Account Domain:  SIOC  Logon ID:  0xE9A64342  Logon GUID:  {905B9F13-F6D8-8DD9-719B-933E40659F0E}  Process Information:  Process ID:  0x0  Process Name:  -  Network Information:  Workstation Name: -  Source Network Address: 10.0.0.3  Source Port:  25405  Detailed Authentication Information:  Logon Process:  Kerberos  Authentication Package
1
Bluecoat|src=10.0.1.195|srcport=44709|dst=142.93.202.183|dstport=80|username=aalexander|devicetime=2018/04/13 12:15:12 GMT]|s-action=TCP_HIT|sc-status=200|cs-method=GET|time-taken=1|sc-bytes=185|cs-bytes=216|cs-uri-scheme=tcp|cs-host=1.client-channel.google.com/|cs-uri-path=/|cs-uri-query=-|cs-uri-extension=-|cs-auth-group=SIOC\Internet|rs(Content-Type)=-|cs(User-Agent)=Mozilla/5.0 (Windows NT 6.1; Win64; x64) AppleWebKit/537.36 (KHTML, like Gecko) Chrome/65.0.3325.181 Safari/537.36|cs(Referer)=-|sc-filter-result=OBSERVED|filter-category=Technology/Internet|cs-uri=tcp://1.client-channel.google.com/:443
<13>Apr 13 12:15:13 BeatGrabs AgentDevice=WindowsLog    AgentLogFile=Security    PluginVersion=7.2.7.20    Source=Microsoft-Windows-Security-Auditing    Computer=BeatGrabs    OriginatingComputer=10.0.0.228    User=    Domain=    EventID=4776    EventIDCode=4776    EventType=8    EventCategory=0    RecordNumber=644124781    TimeGenerated=1523478419    TimeWritten=1523478419    Level=Log Always    Keywords=Audit Success	Task=SE_ADT_ACCOUNTLOGON_CREDENTIALVALIDATION	Opcode=Info	Message=The computer attempted to validate the credentials for an account.  Subject:  Security ID:  NULL SID  Account Name:  -  Account Domain:  -  Logon ID:  0x0  Logon Type:   3  Impersonation Level:  Impersonation  New Logon:  Security ID:  SIOC\asmith  Account Name:  asmith  Account Domain:  SIOC  Logon ID:  0xE9A64342  Logon GUID:  {905B9F13-F6D8-8DD9-719B-933E40659F0E}  Process Information:  Process ID:  0x0  Process Name:  -  Network Information:  Workstation Name: -  Source Network Address: 10.0.0.228  Source Port:  65415  Detailed Authentication Information:  Logon Process:  Kerberos  Authentication Package
<13>Apr 13 12:15:15 Ballanomy AgentDevice=WindowsLog    AgentLogFile=Security    PluginVersion=7.2.7.20    Source=Microsoft-Windows-Security-Auditing    Computer=Alitorce    OriginatingComputer=10.0.0.113    User=    Domain=    EventID=4672    EventIDCode=4672    EventType=8    EventCategory=0    RecordNumber=644124781    TimeGenerated=1523478419    TimeWritten=1523478419    Level=Log Always    Keywords=Audit Success	Task=SE_ADT_LOGON_SPECIALLOGON	Opcode=Info	Message=Special privileges assigned to new logon.  Subject:  Security ID:  NULL SID  Account Name:  -  Account Domain:  -  Logon ID:  0x0  Logon Type:   3  Impersonation Level:  Impersonation  New Logon:  Security ID:  SIOC\asteele  Account Name:  asteele  Account Domain:  SIOC  Logon ID:  0xE9A64342  Logon GUID:  {905B9F13-F6D8-8DD9-719B-933E40659F0E}  Process Information:  Process ID:  0x0  Process Name:  -  Network Information:  Workstation Name: -  Source Network Address: 10.0.0.192  Source Port:  49398  Detailed Authentication Information:  Logon Process:  Kerberos  Authentication Package
<14>Apr 13 12:15:15 Arthur LEEF:1.0|Palo Alto Networks|PAN-OS Syslog Integration|7.1.14|allow|cat=PA Series Traffic|ReceiveTime=2018/04/13 12:15:15|SerialNumber=001122334455|Type=PA Series Traffic|subtype=end|devTime=Apr 13 2018 12:15:15 GMT|src=10.0.1.224|dst=10.0.2.178|srcPostNAT=0.0.0.0|dstPostNAT=0.0.0.0|RuleName=All_to_Servers|usrName=SIOC\dfisher|SourceUser=SIOC\dfisher|DestinationUser=|Application=web-browsing|VirtualSystem=vsys1|SourceZone=Users|DestinationZone=Servers|IngressInterface=ae1.40|EgressInterface=ae1.20|LogForwardingProfile=SIOC_Alerts|SessionID=312844|RepeatCount=1|srcPort=62409|dstPort=25306|srcPostNATPort=0|dstPostNATPort=0|Flags=0x4000|proto=tcp|action=allow|totalBytes=2871|dstBytes=70|srcBytes=2801|totalPackets=5|StartTime=2018/04/13 12:15:15|ElapsedTime=0|URLCategory=computer-and-internet-info|sequence=241584115|ActionFlags=0x0|SourceLocation=10.0.0.0-10.255.255.255|DestinationLocation=10.0.0.0-10.255.255.255|dstPackets=1|srcPackets=4|SessionEndReason=tcp-rst-from-server|DeviceGroupHierarchyL1=0|DeviceGroupHierarchyL2=0|DeviceGroupHierarchyL3=0|DeviceGroupHierarchyL4=0|vSrcName=|DeviceName=PA-3050_HA1|ActionSource=from-policy
<14>Apr 13 12:15:16 Ron LEEF:1.0|Palo Alto Networks|PAN-OS Syslog Integration|7.1.14|reset-both|cat=PA Series Traffic|ReceiveTime=2018/04/13 12:15:16|SerialNumber=001122334455|Type=PA Series Traffic|subtype=deny|devTime=Apr 13 2018 12:15:16 GMT|src=10.0.1.66|dst=137.63.147.14|srcPostNAT=0.0.0.0|dstPostNAT=0.0.0.0|RuleName=External|usrName=SIOC\hmclaughlin|SourceUser=SIOC\hmclaughlin|DestinationUser=|Application=web-browsing|VirtualSystem=vsys1|SourceZone=Users|DestinationZone=External|IngressInterface=ae1.40|EgressInterface=ae1.20|LogForwardingProfile=SIOC_Alerts|SessionID=312844|RepeatCount=1|srcPort=1169|dstPort=42131|srcPostNATPort=0|dstPostNATPort=0|Flags=0x4000|proto=tcp|action=reset-both|totalBytes=2871|dstBytes=70|srcBytes=2801|totalPackets=5|StartTime=2018/04/13 12:15:16|ElapsedTime=0|URLCategory=internet-portals|sequence=241584115|ActionFlags=0x0|SourceLocation=10.0.0.0-10.255.255.255|DestinationLocation=10.0.0.0-10.255.255.255|dstPackets=1|srcPackets=4|SessionEndReason=n/a|DeviceGroupHierarchyL1=0|DeviceGroupHierarchyL2=0|DeviceGroupHierarchyL3=0|DeviceGroupHierarchyL4=0|vSrcName=|DeviceName=PA-3050_HA1|ActionSource=from-policy
1
Bluecoat|src=10.0.1.217|srcport=34320|dst=83.125.13.176|dstport=80|username=rpeterson|devicetime=2018/04/13 12:15:18 GMT]|s-action=TCP_AUTH_HIT|sc-status=200|cs-method=GET|time-taken=1|sc-bytes=185|cs-bytes=216|cs-uri-scheme=tcp|cs-host=array611-prod.do.dsp.mp.microsoft.com/join/|cs-uri-path=/|cs-uri-query=-|cs-uri-extension=-|cs-auth-group=SIOC\Internet|rs(Content-Type)=-|cs(User-Agent)=Mozilla/5.0 (Windows NT 10.0; Win64; x64) AppleWebKit/537.36 (KHTML, like Gecko) Chrome/58.0.3029.110 Safari/537.36 Edge/16.16299|cs(Referer)=-|sc-filter-result=OBSERVED|filter-category=Technology/Internet|cs-uri=tcp://array611-prod.do.dsp.mp.microsoft.com/join/:443
<14>Apr 13 12:15:19 Bill LEEF:1.0|Palo Alto Networks|PAN-OS Syslog Integration|7.1.14|reset-both|cat=PA Series Traffic|ReceiveTime=2018/04/13 12:15:19|SerialNumber=001122334455|Type=PA Series Traffic|subtype=deny|devTime=Apr 13 2018 12:15:19 GMT|src=10.0.1.80|dst=105.22.123.169|srcPostNAT=0.0.0.0|dstPostNAT=0.0.0.0|RuleName=External|usrName=SIOC\|SourceUser=SIOC\|DestinationUser=|Application=ssl|VirtualSystem=vsys1|SourceZone=Users|DestinationZone=External|IngressInterface=ae1.40|EgressInterface=ae1.20|LogForwardingProfile=SIOC_Alerts|SessionID=312844|RepeatCount=1|srcPort=19331|dstPort=23663|srcPostNATPort=0|dstPostNATPort=0|Flags=0x4000|proto=tcp|action=reset-both|totalBytes=2871|dstBytes=70|srcBytes=2801|totalPackets=5|StartTime=2018/04/13 12:15:19|ElapsedTime=0|URLCategory=computer-and-internet-info|sequence=241584115|ActionFlags=0x0|SourceLocation=10.0.0.0-10.255.255.255|DestinationLocation=10.0.0.0-10.255.255.255|dstPackets=1|srcPackets=4|SessionEndReason=n/a|DeviceGroupHierarchyL1=0|DeviceGroupHierarchyL2=0|DeviceGroupHierarchyL3=0|DeviceGroupHierarchyL4=0|vSrcName=|DeviceName=PA-3050_HA1|ActionSource=from-policy
<13>Apr 13 12:15:20 BeatGrabs AgentDevice=WindowsLog    AgentLogFile=Security    PluginVersion=7.2.7.20    Source=Microsoft-Windows-Security-Auditing    Computer=BeatGrabs    OriginatingComputer=10.0.0.228    User=    Domain=    EventID=4776    EventIDCode=4776    EventType=8    EventCategory=0    RecordNumber=644124781    TimeGenerated=1523478419    TimeWritten=1523478419    Level=Log Always    Keywords=Audit Success	Task=SE_ADT_ACCOUNTLOGON_CREDENTIALVALIDATION	Opcode=Info	Message=The computer attempted to validate the credentials for an account.  Subject:  Security ID:  NULL SID  Account Name:  -  Account Domain:  -  Logon ID:  0x0  Logon Type:   3  Impersonation Level:  Impersonation  New Logon:  Security ID:  SIOC\jarnold  Account Name:  jarnold  Account Domain:  SIOC  Logon ID:  0xE9A64342  Logon GUID:  {905B9F13-F6D8-8DD9-719B-933E40659F0E}  Process Information:  Process ID:  0x0  Process Name:  -  Network Information:  Workstation Name: -  Source Network Address: 10.0.0.228  Source Port:  3677  Detailed Authentication Information:  Logon Process:  Kerberos  Authentication Package
