<13>Apr 13 12:23:53 Antonech AgentDevice=WindowsLog    AgentLogFile=Security    PluginVersion=7.2.7.20    Source=Microsoft-Windows-Security-Auditing    Computer=BeatGrabs    OriginatingComputer=10.0.0.228    User=    Domain=    EventID=4634    EventIDCode=4634    EventType=8    EventCategory=0    RecordNumber=644124781    TimeGenerated=1523478419    TimeWritten=1523478419    Level=Log Always    Keywords=Audit Success	Task=SE_ADT_LOGON_LOGOFF	Opcode=Info	Message=An account was logged off.  Subject:  Security ID:  NULL SID  Account Name:  -  Account Domain:  -  Logon ID:  0x0  Logon Type:   3  Impersonation Level:  Impersonation  New Logon:  Security ID:  SIOC\rwalsh  Account Name:  rwalsh  Account Domain:  SIOC  Logon ID:  0xE9A64342  Logon GUID:  {905B9F13-F6D8-8DD9-719B-933E40659F0E}  Process Information:  Process ID:  0x0  Process Name:  -  Network Information:  Workstation Name: -  Source Network Address: 10.0.0.3  Source Port:  49238  Detailed Authentication Information:  Logon Process:  Kerberos  Authentication Package
<14>1 2018-04-13T12:23:54000000-04:00 Eulalius sshd[5837]: Accepted publickey for kpratt from 10.0.1.122 port 19910 ssh2: RSA 2a:50:1b:8b:93:7c:28:0a:d4:70:00:eb:03:d1:b2:14:cb:f5:db:ec
<13>Apr 13 12:23:54 BeatGrabs AgentDevice=WindowsLog    AgentLogFile=Security    PluginVersion=7.2.7.20    Source=Microsoft-Windows-Security-Auditing    Computer=BeatGrabs    OriginatingComputer=10.0.0.228    User=    Domain=    EventID=4776    EventIDCode=4776    EventType=8    EventCategory=0    RecordNumber=644124781    TimeGenerated=1523478419    TimeWritten=1523478419    Level=Log Always    Keywords=Audit Success	Task=SE_ADT_ACCOUNTLOGON_CREDENTIALVALIDATION	Opcode=Info	Message=The computer attempted to validate the credentials for an account.  Subject:  Security ID:  NULL SID  Account Name:  -  Account Domain:  -  Logon ID:  0x0  Logon Type:   3  Impersonation Level:  Impersonation  New Logon:  Security ID:  SIOC\dstevens  Account Name:  dstevens  Account Domain:  SIOC  Logon ID:  0xE9A64342  Logon GUID:  {905B9F13-F6D8-8DD9-719B-933E40659F0E}  Process Information:  Process ID:  0x0  Process Name:  -  Network Information:  Workstation Name: -  Source Network Address: 10.0.0.228  Source Port:  24331  Detailed Authentication Information:  Logon Process:  Kerberos  Authentication Package
<13>Apr 13 12:23:54 Alitorce AgentDevice=WindowsLog    AgentLogFile=Security    PluginVersion=7.2.7.20    Source=Microsoft-Windows-Security-Auditing    Computer=Ballanomy    OriginatingComputer=10.0.0.192    User=    Domain=    EventID=4624    EventIDCode=4624    EventType=8    EventCategory=0    RecordNumber=644124781    TimeGenerated=1523478419    TimeWritten=1523478419    Level=Log Always    Keywords=Audit Success	Task=SE_ADT_LOGON_LOGON	Opcode=Info	Message=An account was successfully logged on.  Subject:  Security ID:  NULL SID  Account Name:  -  Account Domain:  -  Logon ID:  0x0  Logon Type:   3  Impersonation Level:  Impersonation  New Logon:  Security ID:  SIOC\wwalton  Account Name:  wwalton  Account Domain:  SIOC  Logon ID:  0xE9A64342  Logon GUID:  {905B9F13-F6D8-8DD9-719B-933E40659F0E}  Process Information:  Process ID:  0x0  Process Name:  -  Network Information:  Workstation Name: -  Source Network Address: 10.0.0.113  Source Port:  19357  Detailed Authentication Information:  Logon Process:  Kerberos  Authentication Package
<13>Apr 13 12:23:54 BeatGrabs AgentDevice=WindowsLog    AgentLogFile=Security    PluginVersion=7.2.7.20    Source=Microsoft-Windows-Security-Auditing    Computer=Antonech    OriginatingComputer=10.0.0.3    User=    Domain=    EventID=4776    EventIDCode=4776    EventType=8    EventCategory=0    RecordNumber=644124781    TimeGenerated=1523478419    TimeWritten=1523478419    Level=Log Always    Keywords=Audit Success	Task=SE_ADT_ACCOUNTLOGON_CREDENTIALVALIDATION	Opcode=Info	Message=The computer attempted to validate the credentials for an account.  Subject:  Security ID:  NULL SID  Account Name:  -  Account Domain:  -  Logon ID:  0x0  Logon Type:   3  Impersonation Level:  Impersonation  New Logon:  Security ID:  SIOC\spalmer  Account Name:  spalmer  Account Domain:  SIOC  Logon ID:  0xE9A64342  Logon GUID:  {905B9F13-F6D8-8DD9-719B-933E40659F0E}  Process Information:  Process ID:  0x0  Process Name:  -  Network Information:  Workstation Name: -  Source Network Address: 10.0.0.228  Source Port:  44789  Detailed Authentication Information:  Logon Process:  Kerberos  Authentication Package
2
<29>Apr 13 12:23:55 ProxySG: 250047 Administrator login, user 'admin', from 10.0.0.3(0) NORMAL_EVENT authconsole.cpp 487
<14>1 2018-04-10T17:40:13.308962-04:00 Gregory sshd[5279]: Connection from 10.0.1.97 port 25921 on 10.0.1.97 port 22
<13>Apr 13 12:23:57 Antonech AgentDevice=WindowsLog    AgentLogFile=Security    PluginVersion=7.2.7.20    Source=Microsoft-Windows-Security-Auditing    Computer=BeatGrabs    OriginatingComputer=10.0.0.228    User=    Domain=    EventID=4624    EventIDCode=4624    EventType=8    EventCategory=0    RecordNumber=644124781    TimeGenerated=1523478419    TimeWritten=1523478419    Level=Log Always    Keywords=Audit Success	Task=SE_ADT_LOGON_LOGON	Opcode=Info	Message=An account was successfully logged on.  Subject:  Security ID:  NULL SID  Account Name:  -  Account Domain:  -  Logon ID:  0x0  Logon Type:   3  Impersonation Level:  Impersonation  New Logon:  Security ID:  SIOC\rgraves  Account Name:  rgraves  Account Domain:  SIOC  Logon ID:  0xE9A64342  Logon GUID:  {905B9F13-F6D8-8DD9-719B-933E40659F0E}  Process Information:  Process ID:  0x0  Process Name:  -  Network Information:  Workstation Name: -  Source Network Address: 10.0.0.3  Source Port:  31674  Detailed Authentication Information:  Logon Process:  Kerberos  Authentication Package
<13>Apr 13 12:23:58 Alitorce AgentDevice=WindowsLog    AgentLogFile=Security    PluginVersion=7.2.7.20    Source=Microsoft-Windows-Security-Auditing    Computer=BeatGrabs    OriginatingComputer=10.0.0.228    User=    Domain=    EventID=4776    EventIDCode=4776    EventType=8    EventCategory=0    RecordNumber=644124781    TimeGenerated=1523478419    TimeWritten=1523478419    Level=Log Always    Keywords=Audit Success	Task=SE_ADT_ACCOUNTLOGON_CREDENTIALVALIDATION	Opcode=Info	Message=The computer attempted to validate the credentials for an account.  Subject:  Security ID:  NULL SID  Account Name:  -  Account Domain:  -  Logon ID:  0x0  Logon Type:   3  Impersonation Level:  Impersonation  New Logon:  Security ID:  SIOC\fbass  Account Name:  fbass  Account Domain:  SIOC  Logon ID:  0xE9A64342  Logon GUID:  {905B9F13-F6D8-8DD9-719B-933E40659F0E}  Process Information:  Process ID:  0x0  Process Name:  -  Network Information:  Workstation Name: -  Source Network Address: 10.0.0.113  Source Port:  4584  Detailed Authentication Information:  Logon Process:  Kerberos  Authentication Package
<14>1 2018-04-13T12:23:59000000-04:00 Celestine sshd[5837]: Accepted publickey for asteele from 10.0.1.206 port 57904 ssh2: RSA 2a:50:1b:8b:93:7c:28:0a:d4:70:00:eb:03:d1:b2:14:cb:f5:db:ec
1
Bluecoat|src=10.0.1.56|srcport=54478|dst=192.191.108.115|dstport=443|username=thowell|devicetime=2018/04/13 12:24:00 GMT]|s-action=DENIED|sc-status=0|cs-method=CONNECT|time-taken=1|sc-bytes=185|cs-bytes=216|cs-uri-scheme=tcp|cs-host=raw.githubusercontent.com/|cs-uri-path=/|cs-uri-query=-|cs-uri-extension=-|cs-auth-group=SIOC\Internet|rs(Content-Type)=-|cs(User-Agent)=Mozilla/5.0 (compatible; MSIE 9.0; Windows NT 6.0; Trident/5.0; Trident/5.0)|cs(Referer)=-|sc-filter-result=DENIED|filter-category=Technology/Internet|cs-uri=tcp://raw.githubusercontent.com/:443
1
Bluecoat|src=10.0.1.114|srcport=13203|dst=68.90.58.98|dstport=80|username=dwheeler|devicetime=2018/04/13 12:24:00 GMT]|s-action=TCP_AUTH_HIT|sc-status=200|cs-method=GET|time-taken=1|sc-bytes=185|cs-bytes=216|cs-uri-scheme=tcp|cs-host=ghostery-collector.ghostery.com/v2/lookuptable|cs-uri-path=/|cs-uri-query=-|cs-uri-extension=-|cs-auth-group=SIOC\Internet|rs(Content-Type)=-|cs(User-Agent)=Mozilla/5.0 (iPad; CPU OS 11_2_6 like Mac OS X) AppleWebKit/604.5.6 (KHTML, like Gecko) Version/11.0 Mobile/15D100 Safari/604.1|cs(Referer)=-|sc-filter-result=OBSERVED|filter-category=Technology/Internet|cs-uri=tcp://ghostery-collector.ghostery.com/v2/lookuptable:443
<14>Apr 13 12:24:01 Percy LEEF:1.0|Palo Alto Networks|PAN-OS Syslog Integration|7.1.14|allow|cat=PA Series Traffic|ReceiveTime=2018/04/13 12:24:01|SerialNumber=001122334455|Type=PA Series Traffic|subtype=end|devTime=Apr 13 2018 12:24:01 GMT|src=10.0.0.113|dst=141.231.183.162|srcPostNAT=0.0.0.0|dstPostNAT=0.0.0.0|RuleName=External|usrName=SIOC\spalmer|SourceUser=SIOC\spalmer|DestinationUser=|Application=web-browsing|VirtualSystem=vsys1|SourceZone=Users|DestinationZone=External|IngressInterface=ae1.40|EgressInterface=ae1.20|LogForwardingProfile=SIOC_Alerts|SessionID=312844|RepeatCount=1|srcPort=736|dstPort=58099|srcPostNATPort=0|dstPostNATPort=0|Flags=0x4000|proto=tcp|action=allow|totalBytes=2871|dstBytes=70|srcBytes=2801|totalPackets=5|StartTime=2018/04/13 12:24:01|ElapsedTime=0|URLCategory=computer-and-internet-info|sequence=241584115|ActionFlags=0x0|SourceLocation=10.0.0.0-10.255.255.255|DestinationLocation=10.0.0.0-10.255.255.255|dstPackets=1|srcPackets=4|SessionEndReason=n/a|DeviceGroupHierarchyL1=0|DeviceGroupHierarchyL2=0|DeviceGroupHierarchyL3=0|DeviceGroupHierarchyL4=0|vSrcName=|DeviceName=PA-3050_HA1|ActionSource=from-policy
<13>Apr 13 12:24:03 Alitorce AgentDevice=WindowsLog    AgentLogFile=Security    PluginVersion=7.2.7.20    Source=Microsoft-Windows-Security-Auditing    Computer=Ballanomy    OriginatingComputer=10.0.0.192    User=    Domain=    EventID=4776    EventIDCode=4776    EventType=8    EventCategory=0    RecordNumber=644124781    TimeGenerated=1523478419    TimeWritten=1523478419    Level=Log Always    Keywords=Audit Success	Task=SE_ADT_ACCOUNTLOGON_CREDENTIALVALIDATION	Opcode=Info	Message=The computer attempted to validate the credentials for an account.  Subject:  Security ID:  NULL SID  Account Name:  -  Account Domain:  -  Logon ID:  0x0  Logon Type:   3  Impersonation Level:  Impersonation  New Logon:  Security ID:  SIOC\mfoster  Account Name:  mfoster  Account Domain:  SIOC  Logon ID:  0xE9A64342  Logon GUID:  {905B9F13-F6D8-8DD9-719B-933E40659F0E}  Process Information:  Process ID:  0x0  Process Name:  -  Network Information:  Workstation Name: -  Source Network Address: 10.0.0.113  Source Port:  50512  Detailed Authentication Information:  Logon Process:  Kerberos  Authentication Package
<13>Apr 13 12:24:04 Alitorce AgentDevice=WindowsLog    AgentLogFile=Security    PluginVersion=7.2.7.20    Source=Microsoft-Windows-Security-Auditing    Computer=Alitorce    OriginatingComputer=10.0.0.113    User=    Domain=    EventID=4672    EventIDCode=4672    EventType=8    EventCategory=0    RecordNumber=644124781    TimeGenerated=1523478419    TimeWritten=1523478419    Level=Log Always    Keywords=Audit Success	Task=SE_ADT_LOGON_SPECIALLOGON	Opcode=Info	Message=Special privileges assigned to new logon.  Subject:  Security ID:  NULL SID  Account Name:  -  Account Domain:  -  Logon ID:  0x0  Logon Type:   3  Impersonation Level:  Impersonation  New Logon:  Security ID:  SIOC\hmclaughlin  Account Name:  hmclaughlin  Account Domain:  SIOC  Logon ID:  0xE9A64342  Logon GUID:  {905B9F13-F6D8-8DD9-719B-933E40659F0E}  Process Information:  Process ID:  0x0  Process Name:  -  Network Information:  Workstation Name: -  Source Network Address: 10.0.0.113  Source Port:  37208  Detailed Authentication Information:  Logon Process:  Kerberos  Authentication Package
2
Bluecoat|src=10.0.0.3|srcport=34931|dst=224.176.66.70|dstport=80|username=gfreeman|devicetime=2018/04/13 12:24:05 GMT]|s-action=TCP_DENIED|sc-status=403|cs-method=CONNECT|time-taken=1|sc-bytes=185|cs-bytes=216|cs-uri-scheme=tcp|cs-host=raw.githubusercontent.com/|cs-uri-path=/|cs-uri-query=-|cs-uri-extension=-|cs-auth-group=SIOC\Internet|rs(Content-Type)=-|cs(User-Agent)=Mozilla/5.0 (Windows NT 10.0; WOW64; Trident/7.0; Touch; rv:11.0) like Gecko|cs(Referer)=-|sc-filter-result=DENIED|filter-category=Technology/Internet|cs-uri=tcp://raw.githubusercontent.com/:443
<13>Apr 13 12:24:06 Alitorce AgentDevice=WindowsLog    AgentLogFile=Security    PluginVersion=7.2.7.20    Source=Microsoft-Windows-Security-Auditing    Computer=Alitorce    OriginatingComputer=10.0.0.113    User=    Domain=    EventID=4776    EventIDCode=4776    EventType=8    EventCategory=0    RecordNumber=644124781    TimeGenerated=1523478419    TimeWritten=1523478419    Level=Log Always    Keywords=Audit Success	Task=SE_ADT_ACCOUNTLOGON_CREDENTIALVALIDATION	Opcode=Info	Message=The computer attempted to validate the credentials for an account.  Subject:  Security ID:  NULL SID  Account Name:  -  Account Domain:  -  Logon ID:  0x0  Logon Type:   3  Impersonation Level:  Impersonation  New Logon:  Security ID:  SIOC\asmith  Account Name:  asmith  Account Domain:  SIOC  Logon ID:  0xE9A64342  Logon GUID:  {905B9F13-F6D8-8DD9-719B-933E40659F0E}  Process Information:  Process ID:  0x0  Process Name:  -  Network Information:  Workstation Name: -  Source Network Address: 10.0.0.113  Source Port:  44394  Detailed Authentication Information:  Logon Process:  Kerberos  Authentication Package
<13>Apr 13 12:24:07 BeatGrabs AgentDevice=WindowsLog    AgentLogFile=Security    PluginVersion=7.2.7.20    Source=Microsoft-Windows-Security-Auditing    Computer=BeatGrabs    OriginatingComputer=10.0.0.228    User=    Domain=    EventID=4672    EventIDCode=4672    EventType=8    EventCategory=0    RecordNumber=644124781    TimeGenerated=1523478419    TimeWritten=1523478419    Level=Log Always    Keywords=Audit Success	Task=SE_ADT_LOGON_SPECIALLOGON	Opcode=Info	Message=Special privileges assigned to new logon.  Subject:  Security ID:  NULL SID  Account Name:  -  Account Domain:  -  Logon ID:  0x0  Logon Type:   3  Impersonation Level:  Impersonation  New Logon:  Security ID:  SIOC\jsimon  Account Name:  jsimon  Account Domain:  SIOC  Logon ID:  0xE9A64342  Logon GUID:  {905B9F13-F6D8-8DD9-719B-933E40659F0E}  Process Information:  Process ID:  0x0  Process Name:  -  Network Information:  Workstation Name: -  Source Network Address: 10.0.0.228  Source Port:  3200  Detailed Authentication Information:  Logon Process:  Kerberos  Authentication Package
2
Bluecoat|src=10.0.0.228|srcport=12385|dst=252.104.215.6|dstport=443|username=dstevens|devicetime=2018/04/13 12:24:08 GMT]|s-action=TCP_NC_MISS_RST|sc-status=200|cs-method=GET|time-taken=1|sc-bytes=185|cs-bytes=216|cs-uri-scheme=tcp|cs-host=www.msftconnecttest.com|cs-uri-path=/|cs-uri-query=-|cs-uri-extension=-|cs-auth-group=SIOC\Internet|rs(Content-Type)=-|cs(User-Agent)=Mozilla/5.0 (Windows NT 10.0; WOW64; Trident/7.0; rv:11.0) like Gecko|cs(Referer)=-|sc-filter-result=OBSERVED|filter-category=Technology/Internet|cs-uri=tcp://www.msftconnecttest.com:443
<14>Apr 13 12:24:09 Charlie LEEF:1.0|Palo Alto Networks|PAN-OS Syslog Integration|7.1.14|Export RSA cipher suite detected(37493)|ReceiveTime=2018/04/13 12:24:09|SerialNumber=001122334455|cat=THREAT|subtype=vulnerability|devTime=Apr 13 2018 12:24:09 GMT|src=235.184.125.97|dst=230.223.217.252|srcPostNAT=0.0.0.0|dstPostNAT=0.0.0.0|RuleName=Server with internet access|usrName=|SourceUser=|DestinationUser=|Application=ssl|VirtualSystem=vsys1|SourceZone=Servers|DestinationZone=Interconnect|IngressInterface=ae1.20|EgressInterface=ethernet1/3.10|LogForwardingProfile=PA_Syslog_Trafic|SessionID=396225|RepeatCount=1|srcPort=36811|dstPort=443|srcPostNATPort=0|dstPostNATPort=0|Flags=0xf000|proto=tcp|action=alert|Miscellaneous="grafana.com/"|ThreatID=(9999)|URLCategory=computer-and-internet-info|sev=1|Severity=informational|Direction=client-to-server|sequence=22946006|ActionFlags=0x0|SourceLocation=10.0.0.0-10.255.255.255|DestinationLocation=US|ContentType=|PCAP_ID=0|FileDigest=|Cloud=|URLIndex=0|UserAgent=|FileType=|identSrc=|Referer=|Sender=|Subject=|Recipient=|ReportID=0|DeviceGroupHierarchyL1=0|DeviceGroupHierarchyL2=0|DeviceGroupHierarchyL3=0|DeviceGroupHierarchyL4=0|vSrcName=|DeviceName=Charlie
<86>Apr 13 12:24:10 Benedict sshd[4328]: Failed password for scrawford from 10.0.1.252 port 33616 ssh2
<14>Apr 13 12:24:12 Molly LEEF:1.0|Palo Alto Networks|PAN-OS Syslog Integration|7.1.14|allow|cat=PA Series Traffic|ReceiveTime=2018/04/13 12:24:12|SerialNumber=001122334455|Type=PA Series Traffic|subtype=deny|devTime=Apr 13 2018 12:24:12 GMT|src=5.234.113.104|dst=10.0.2.22|srcPostNAT=0.0.0.0|dstPostNAT=0.0.0.0|RuleName=All_to_Servers|usrName=SIOC\rrios|SourceUser=SIOC\rrios|DestinationUser=|Application=web-browsing|VirtualSystem=vsys1|SourceZone=Users|DestinationZone=Servers|IngressInterface=ae1.40|EgressInterface=ae1.20|LogForwardingProfile=SIOC_Alerts|SessionID=312844|RepeatCount=1|srcPort=55615|dstPort=45980|srcPostNATPort=0|dstPostNATPort=0|Flags=0x4000|proto=tcp|action=allow|totalBytes=2871|dstBytes=70|srcBytes=2801|totalPackets=5|StartTime=2018/04/13 12:24:12|ElapsedTime=0|URLCategory=internet-portals|sequence=241584115|ActionFlags=0x0|SourceLocation=10.0.0.0-10.255.255.255|DestinationLocation=10.0.0.0-10.255.255.255|dstPackets=1|srcPackets=4|SessionEndReason=policy-deny|DeviceGroupHierarchyL1=0|DeviceGroupHierarchyL2=0|DeviceGroupHierarchyL3=0|DeviceGroupHierarchyL4=0|vSrcName=|DeviceName=PA-3050_HA1|ActionSource=from-policy
<14>1 2018-04-10T17:40:13.308962-04:00 Theodoric sshd[5279]: Connection from 10.0.1.195 port 19885 on 10.0.1.195 port 22
<13>Apr 13 12:24:14 BeatGrabs AgentDevice=WindowsLog    AgentLogFile=Security    PluginVersion=7.2.7.20    Source=Microsoft-Windows-Security-Auditing    Computer=Antonech    OriginatingComputer=10.0.0.3    User=    Domain=    EventID=4776    EventIDCode=4776    EventType=8    EventCategory=0    RecordNumber=644124781    TimeGenerated=1523478419    TimeWritten=1523478419    Level=Log Always    Keywords=Audit Success	Task=SE_ADT_ACCOUNTLOGON_CREDENTIALVALIDATION	Opcode=Info	Message=The computer attempted to validate the credentials for an account.  Subject:  Security ID:  NULL SID  Account Name:  -  Account Domain:  -  Logon ID:  0x0  Logon Type:   3  Impersonation Level:  Impersonation  New Logon:  Security ID:  SIOC\smartin  Account Name:  smartin  Account Domain:  SIOC  Logon ID:  0xE9A64342  Logon GUID:  {905B9F13-F6D8-8DD9-719B-933E40659F0E}  Process Information:  Process ID:  0x0  Process Name:  -  Network Information:  Workstation Name: -  Source Network Address: 10.0.0.228  Source Port:  52224  Detailed Authentication Information:  Logon Process:  Kerberos  Authentication Package
<14>1 2018-04-13T12:24:14000000-04:00 Theodore sshd[5837]: Accepted publickey for lgreene from 10.0.1.252 port 34061 ssh2: RSA 2a:50:1b:8b:93:7c:28:0a:d4:70:00:eb:03:d1:b2:14:cb:f5:db:ec
<13>Apr 13 12:24:14 Alitorce AgentDevice=WindowsLog    AgentLogFile=Security    PluginVersion=7.2.7.20    Source=Microsoft-Windows-Security-Auditing    Computer=Alitorce    OriginatingComputer=10.0.0.113    User=    Domain=    EventID=4634    EventIDCode=4634    EventType=8    EventCategory=0    RecordNumber=644124781    TimeGenerated=1523478419    TimeWritten=1523478419    Level=Log Always    Keywords=Audit Success	Task=SE_ADT_LOGON_LOGOFF	Opcode=Info	Message=An account was logged off.  Subject:  Security ID:  NULL SID  Account Name:  -  Account Domain:  -  Logon ID:  0x0  Logon Type:   3  Impersonation Level:  Impersonation  New Logon:  Security ID:  SIOC\mriley  Account Name:  mriley  Account Domain:  SIOC  Logon ID:  0xE9A64342  Logon GUID:  {905B9F13-F6D8-8DD9-719B-933E40659F0E}  Process Information:  Process ID:  0x0  Process Name:  -  Network Information:  Workstation Name: -  Source Network Address: 10.0.0.113  Source Port:  15387  Detailed Authentication Information:  Logon Process:  Kerberos  Authentication Package
2
Bluecoat|src=10.0.0.3|srcport=52463|dst=229.24.196.178|dstport=443|username=lgreene|devicetime=2018/04/13 12:24:14 GMT]|s-action=TCP_AUTH_HIT|sc-status=200|cs-method=GET|time-taken=1|sc-bytes=185|cs-bytes=216|cs-uri-scheme=tcp|cs-host=www.greensmoke.com/|cs-uri-path=/|cs-uri-query=-|cs-uri-extension=-|cs-auth-group=SIOC\Internet|rs(Content-Type)=-|cs(User-Agent)=Mozilla/5.0 (Windows NT 10.0; Win64; x64; rv:58.0) Gecko/20100101 Firefox/58.0|cs(Referer)=-|sc-filter-result=OBSERVED|filter-category=Technology/Internet|cs-uri=tcp://www.greensmoke.com/:443
2
Bluecoat|src=10.0.0.192|srcport=58261|dst=97.91.36.94|dstport=80|username=dholt|devicetime=2018/04/13 12:24:14 GMT]|s-action=TCP_AUTH_HIT|sc-status=200|cs-method=GET|time-taken=1|sc-bytes=185|cs-bytes=216|cs-uri-scheme=tcp|cs-host=torrid.com|cs-uri-path=/|cs-uri-query=-|cs-uri-extension=-|cs-auth-group=SIOC\Internet|rs(Content-Type)=-|cs(User-Agent)=Mozilla/5.0 (Windows NT 10.0; Win64; x64) AppleWebKit/537.36 (KHTML, like Gecko) Chrome/64.0.3282.186 Safari/537.36 OPR/51.0.2830.55|cs(Referer)=-|sc-filter-result=OBSERVED|filter-category=Technology/Internet|cs-uri=tcp://torrid.com:443
<14>Apr 13 12:24:14 Bill LEEF:1.0|Palo Alto Networks|PAN-OS Syslog Integration|7.1.14|allow|cat=PA Series Traffic|ReceiveTime=2018/04/13 12:24:14|SerialNumber=001122334455|Type=PA Series Traffic|subtype=end|devTime=Apr 13 2018 12:24:14 GMT|src=10.0.1.215|dst=10.0.2.254|srcPostNAT=0.0.0.0|dstPostNAT=0.0.0.0|RuleName=All_to_Servers|usrName=SIOC\bhammond|SourceUser=SIOC\bhammond|DestinationUser=|Application=ssl|VirtualSystem=vsys1|SourceZone=Users|DestinationZone=Servers|IngressInterface=ae1.40|EgressInterface=ae1.20|LogForwardingProfile=SIOC_Alerts|SessionID=312844|RepeatCount=1|srcPort=32870|dstPort=38876|srcPostNATPort=0|dstPostNATPort=0|Flags=0x4000|proto=tcp|action=allow|totalBytes=2871|dstBytes=70|srcBytes=2801|totalPackets=5|StartTime=2018/04/13 12:24:14|ElapsedTime=0|URLCategory=computer-and-internet-info|sequence=241584115|ActionFlags=0x0|SourceLocation=10.0.0.0-10.255.255.255|DestinationLocation=10.0.0.0-10.255.255.255|dstPackets=1|srcPackets=4|SessionEndReason=tcp-rst-from-server|DeviceGroupHierarchyL1=0|DeviceGroupHierarchyL2=0|DeviceGroupHierarchyL3=0|DeviceGroupHierarchyL4=0|vSrcName=|DeviceName=PA-3050_HA1|ActionSource=from-policy
1
Bluecoat|src=10.0.1.45|srcport=55040|dst=149.164.181.67|dstport=443|username=dfisher|devicetime=2018/04/13 12:24:16 GMT]|s-action=TCP_TUNNELED|sc-status=200|cs-method=CONNECT|time-taken=1|sc-bytes=185|cs-bytes=216|cs-uri-scheme=tcp|cs-host=outlook.office365.com/|cs-uri-path=/|cs-uri-query=-|cs-uri-extension=-|cs-auth-group=SIOC\Internet|rs(Content-Type)=-|cs(User-Agent)=Mozilla/5.0 (Windows NT 10.0; WOW64; Trident/7.0; Touch; rv:11.0) like Gecko|cs(Referer)=-|sc-filter-result=OBSERVED|filter-category=Technology/Internet|cs-uri=tcp://outlook.office365.com/:443
1
<29>Apr 13 12:24:16 ProxySG: 250047 Administrator login, user 'admin', from 10.0.1.114(0) NORMAL_EVENT authconsole.cpp 487
<13>Apr 13 12:24:18 BeatGrabs AgentDevice=WindowsLog    AgentLogFile=Security    PluginVersion=7.2.7.20    Source=Microsoft-Windows-Security-Auditing    Computer=Antonech    OriginatingComputer=10.0.0.3    User=    Domain=    EventID=4672    EventIDCode=4672    EventType=8    EventCategory=0    RecordNumber=644124781    TimeGenerated=1523478419    TimeWritten=1523478419    Level=Log Always    Keywords=Audit Success	Task=SE_ADT_LOGON_SPECIALLOGON	Opcode=Info	Message=Special privileges assigned to new logon.  Subject:  Security ID:  NULL SID  Account Name:  -  Account Domain:  -  Logon ID:  0x0  Logon Type:   3  Impersonation Level:  Impersonation  New Logon:  Security ID:  SIOC\psaunders  Account Name:  psaunders  Account Domain:  SIOC  Logon ID:  0xE9A64342  Logon GUID:  {905B9F13-F6D8-8DD9-719B-933E40659F0E}  Process Information:  Process ID:  0x0  Process Name:  -  Network Information:  Workstation Name: -  Source Network Address: 10.0.0.228  Source Port:  63981  Detailed Authentication Information:  Logon Process:  Kerberos  Authentication Package
<13>Apr 13 12:24:20 Antonech AgentDevice=WindowsLog    AgentLogFile=Security    PluginVersion=7.2.7.20    Source=Microsoft-Windows-Security-Auditing    Computer=Ballanomy    OriginatingComputer=10.0.0.192    User=    Domain=    EventID=4776    EventIDCode=4776    EventType=8    EventCategory=0    RecordNumber=644124781    TimeGenerated=1523478419    TimeWritten=1523478419    Level=Log Always    Keywords=Audit Success	Task=SE_ADT_ACCOUNTLOGON_CREDENTIALVALIDATION	Opcode=Info	Message=The computer attempted to validate the credentials for an account.  Subject:  Security ID:  NULL SID  Account Name:  -  Account Domain:  -  Logon ID:  0x0  Logon Type:   3  Impersonation Level:  Impersonation  New Logon:  Security ID:  SIOC\dreid  Account Name:  dreid  Account Domain:  SIOC  Logon ID:  0xE9A64342  Logon GUID:  {905B9F13-F6D8-8DD9-719B-933E40659F0E}  Process Information:  Process ID:  0x0  Process Name:  -  Network Information:  Workstation Name: -  Source Network Address: 10.0.0.3  Source Port:  6275  Detailed Authentication Information:  Logon Process:  Kerberos  Authentication Package
<14>1 2018-04-10T17:40:13.308962-04:00 John sshd[5279]: Connection from 10.0.1.45 port 64435 on 10.0.1.45 port 22
<13>Apr 13 12:24:23 Alitorce AgentDevice=WindowsLog    AgentLogFile=Security    PluginVersion=7.2.7.20    Source=Microsoft-Windows-Security-Auditing    Computer=Antonech    OriginatingComputer=10.0.0.3    User=    Domain=    EventID=4624    EventIDCode=4624    EventType=8    EventCategory=0    RecordNumber=644124781    TimeGenerated=1523478419    TimeWritten=1523478419    Level=Log Always    Keywords=Audit Success	Task=SE_ADT_LOGON_LOGON	Opcode=Info	Message=An account was successfully logged on.  Subject:  Security ID:  NULL SID  Account Name:  -  Account Domain:  -  Logon ID:  0x0  Logon Type:   3  Impersonation Level:  Impersonation  New Logon:  Security ID:  SIOC\clowe  Account Name:  clowe  Account Domain:  SIOC  Logon ID:  0xE9A64342  Logon GUID:  {905B9F13-F6D8-8DD9-719B-933E40659F0E}  Process Information:  Process ID:  0x0  Process Name:  -  Network Information:  Workstation Name: -  Source Network Address: 10.0.0.113  Source Port:  24569  Detailed Authentication Information:  Logon Process:  Kerberos  Authentication Package
<13>Apr 13 12:24:23 Ballanomy AgentDevice=WindowsLog    AgentLogFile=Security    PluginVersion=7.2.7.20    Source=Microsoft-Windows-Security-Auditing    Computer=BeatGrabs    OriginatingComputer=10.0.0.228    User=    Domain=    EventID=4672    EventIDCode=4672    EventType=8    EventCategory=0    RecordNumber=644124781    TimeGenerated=1523478419    TimeWritten=1523478419    Level=Log Always    Keywords=Audit Success	Task=SE_ADT_LOGON_SPECIALLOGON	Opcode=Info	Message=Special privileges assigned to new logon.  Subject:  Security ID:  NULL SID  Account Name:  -  Account Domain:  -  Logon ID:  0x0  Logon Type:   3  Impersonation Level:  Impersonation  New Logon:  Security ID:  SIOC\rwarner  Account Name:  rwarner  Account Domain:  SIOC  Logon ID:  0xE9A64342  Logon GUID:  {905B9F13-F6D8-8DD9-719B-933E40659F0E}  Process Information:  Process ID:  0x0  Process Name:  -  Network Information:  Workstation Name: -  Source Network Address: 10.0.0.192  Source Port:  64054  Detailed Authentication Information:  Logon Process:  Kerberos  Authentication Package
<13>Apr 13 12:24:25 BeatGrabs AgentDevice=WindowsLog    AgentLogFile=Security    PluginVersion=7.2.7.20    Source=Microsoft-Windows-Security-Auditing    Computer=Antonech    OriginatingComputer=10.0.0.3    User=    Domain=    EventID=4634    EventIDCode=4634    EventType=8    EventCategory=0    RecordNumber=644124781    TimeGenerated=1523478419    TimeWritten=1523478419    Level=Log Always    Keywords=Audit Success	Task=SE_ADT_LOGON_LOGOFF	Opcode=Info	Message=An account was logged off.  Subject:  Security ID:  NULL SID  Account Name:  -  Account Domain:  -  Logon ID:  0x0  Logon Type:   3  Impersonation Level:  Impersonation  New Logon:  Security ID:  SIOC\ddavidson  Account Name:  ddavidson  Account Domain:  SIOC  Logon ID:  0xE9A64342  Logon GUID:  {905B9F13-F6D8-8DD9-719B-933E40659F0E}  Process Information:  Process ID:  0x0  Process Name:  -  Network Information:  Workstation Name: -  Source Network Address: 10.0.0.228  Source Port:  60510  Detailed Authentication Information:  Logon Process:  Kerberos  Authentication Package
<13>Apr 13 12:24:27 Alitorce AgentDevice=WindowsLog    AgentLogFile=Security    PluginVersion=7.2.7.20    Source=Microsoft-Windows-Security-Auditing    Computer=Alitorce    OriginatingComputer=10.0.0.113    User=    Domain=    EventID=4634    EventIDCode=4634    EventType=8    EventCategory=0    RecordNumber=644124781    TimeGenerated=1523478419    TimeWritten=1523478419    Level=Log Always    Keywords=Audit Success	Task=SE_ADT_LOGON_LOGOFF	Opcode=Info	Message=An account was logged off.  Subject:  Security ID:  NULL SID  Account Name:  -  Account Domain:  -  Logon ID:  0x0  Logon Type:   3  Impersonation Level:  Impersonation  New Logon:  Security ID:  SIOC\ewagner  Account Name:  ewagner  Account Domain:  SIOC  Logon ID:  0xE9A64342  Logon GUID:  {905B9F13-F6D8-8DD9-719B-933E40659F0E}  Process Information:  Process ID:  0x0  Process Name:  -  Network Information:  Workstation Name: -  Source Network Address: 10.0.0.113  Source Port:  12500  Detailed Authentication Information:  Logon Process:  Kerberos  Authentication Package
<13>Apr 13 12:24:29 Ballanomy AgentDevice=WindowsLog    AgentLogFile=Security    PluginVersion=7.2.7.20    Source=Microsoft-Windows-Security-Auditing    Computer=Alitorce    OriginatingComputer=10.0.0.113    User=    Domain=    EventID=4776    EventIDCode=4776    EventType=8    EventCategory=0    RecordNumber=644124781    TimeGenerated=1523478419    TimeWritten=1523478419    Level=Log Always    Keywords=Audit Success	Task=SE_ADT_ACCOUNTLOGON_CREDENTIALVALIDATION	Opcode=Info	Message=The computer attempted to validate the credentials for an account.  Subject:  Security ID:  NULL SID  Account Name:  -  Account Domain:  -  Logon ID:  0x0  Logon Type:   3  Impersonation Level:  Impersonation  New Logon:  Security ID:  SIOC\rcampbell  Account Name:  rcampbell  Account Domain:  SIOC  Logon ID:  0xE9A64342  Logon GUID:  {905B9F13-F6D8-8DD9-719B-933E40659F0E}  Process Information:  Process ID:  0x0  Process Name:  -  Network Information:  Workstation Name: -  Source Network Address: 10.0.0.192  Source Port:  56611  Detailed Authentication Information:  Logon Process:  Kerberos  Authentication Package
<13>Apr 13 12:24:30 Antonech AgentDevice=WindowsLog    AgentLogFile=Security    PluginVersion=7.2.7.20    Source=Microsoft-Windows-Security-Auditing    Computer=Antonech    OriginatingComputer=10.0.0.3    User=    Domain=    EventID=4776    EventIDCode=4776    EventType=8    EventCategory=0    RecordNumber=644124781    TimeGenerated=1523478419    TimeWritten=1523478419    Level=Log Always    Keywords=Audit Success	Task=SE_ADT_ACCOUNTLOGON_CREDENTIALVALIDATION	Opcode=Info	Message=The computer attempted to validate the credentials for an account.  Subject:  Security ID:  NULL SID  Account Name:  -  Account Domain:  -  Logon ID:  0x0  Logon Type:   3  Impersonation Level:  Impersonation  New Logon:  Security ID:  SIOC\kweber  Account Name:  kweber  Account Domain:  SIOC  Logon ID:  0xE9A64342  Logon GUID:  {905B9F13-F6D8-8DD9-719B-933E40659F0E}  Process Information:  Process ID:  0x0  Process Name:  -  Network Information:  Workstation Name: -  Source Network Address: 10.0.0.3  Source Port:  51703  Detailed Authentication Information:  Logon Process:  Kerberos  Authentication Package
<13>Apr 13 12:24:30 Antonech AgentDevice=WindowsLog    AgentLogFile=Security    PluginVersion=7.2.7.20    Source=Microsoft-Windows-Security-Auditing    Computer=BeatGrabs    OriginatingComputer=10.0.0.228    User=    Domain=    EventID=4776    EventIDCode=4776    EventType=8    EventCategory=0    RecordNumber=644124781    TimeGenerated=1523478419    TimeWritten=1523478419    Level=Log Always    Keywords=Audit Success	Task=SE_ADT_ACCOUNTLOGON_CREDENTIALVALIDATION	Opcode=Info	Message=The computer attempted to validate the credentials for an account.  Subject:  Security ID:  NULL SID  Account Name:  -  Account Domain:  -  Logon ID:  0x0  Logon Type:   3  Impersonation Level:  Impersonation  New Logon:  Security ID:  SIOC\shines  Account Name:  shines  Account Domain:  SIOC  Logon ID:  0xE9A64342  Logon GUID:  {905B9F13-F6D8-8DD9-719B-933E40659F0E}  Process Information:  Process ID:  0x0  Process Name:  -  Network Information:  Workstation Name: -  Source Network Address: 10.0.0.3  Source Port:  30575  Detailed Authentication Information:  Logon Process:  Kerberos  Authentication Package
<14>Apr 13 12:24:31 Fred LEEF:1.0|Palo Alto Networks|PAN-OS Syslog Integration|7.1.14|allow|cat=PA Series Traffic|ReceiveTime=2018/04/13 12:24:31|SerialNumber=001122334455|Type=PA Series Traffic|subtype=end|devTime=Apr 13 2018 12:24:31 GMT|src=10.0.0.228|dst=10.0.2.178|srcPostNAT=0.0.0.0|dstPostNAT=0.0.0.0|RuleName=All_to_Servers|usrName=SIOC\gstephens|SourceUser=SIOC\gstephens|DestinationUser=|Application=ssl|VirtualSystem=vsys1|SourceZone=Users|DestinationZone=Servers|IngressInterface=ae1.40|EgressInterface=ae1.20|LogForwardingProfile=SIOC_Alerts|SessionID=312844|RepeatCount=1|srcPort=17584|dstPort=5608|srcPostNATPort=0|dstPostNATPort=0|Flags=0x4000|proto=tcp|action=allow|totalBytes=2871|dstBytes=70|srcBytes=2801|totalPackets=5|StartTime=2018/04/13 12:24:31|ElapsedTime=0|URLCategory=computer-and-internet-info|sequence=241584115|ActionFlags=0x0|SourceLocation=10.0.0.0-10.255.255.255|DestinationLocation=10.0.0.0-10.255.255.255|dstPackets=1|srcPackets=4|SessionEndReason=tcp-fin|DeviceGroupHierarchyL1=0|DeviceGroupHierarchyL2=0|DeviceGroupHierarchyL3=0|DeviceGroupHierarchyL4=0|vSrcName=|DeviceName=PA-3050_HA1|ActionSource=from-policy
<13>Apr 13 12:24:32 Alitorce AgentDevice=WindowsLog    AgentLogFile=Security    PluginVersion=7.2.7.20    Source=Microsoft-Windows-Security-Auditing    Computer=Alitorce    OriginatingComputer=10.0.0.113    User=    Domain=    EventID=4624    EventIDCode=4624    EventType=8    EventCategory=0    RecordNumber=644124781    TimeGenerated=1523478419    TimeWritten=1523478419    Level=Log Always    Keywords=Audit Success	Task=SE_ADT_LOGON_LOGON	Opcode=Info	Message=An account was successfully logged on.  Subject:  Security ID:  NULL SID  Account Name:  -  Account Domain:  -  Logon ID:  0x0  Logon Type:   3  Impersonation Level:  Impersonation  New Logon:  Security ID:  SIOC\mfoster  Account Name:  mfoster  Account Domain:  SIOC  Logon ID:  0xE9A64342  Logon GUID:  {905B9F13-F6D8-8DD9-719B-933E40659F0E}  Process Information:  Process ID:  0x0  Process Name:  -  Network Information:  Workstation Name: -  Source Network Address: 10.0.0.113  Source Port:  29511  Detailed Authentication Information:  Logon Process:  Kerberos  Authentication Package
1
<29>Apr 13 12:24:33 ProxySG: 250047 Administrator login, user 'admin', from 10.0.1.129(0) NORMAL_EVENT authconsole.cpp 487
2
Bluecoat|src=10.0.0.113|srcport=29798|dst=193.38.135.56|dstport=80|username=rgraves|devicetime=2018/04/13 12:24:33 GMT]|s-action=TCP_AUTH_HIT|sc-status=200|cs-method=GET|time-taken=1|sc-bytes=185|cs-bytes=216|cs-uri-scheme=tcp|cs-host=outlook.office365.com/|cs-uri-path=/|cs-uri-query=-|cs-uri-extension=-|cs-auth-group=SIOC\Internet|rs(Content-Type)=-|cs(User-Agent)=Mozilla/5.0 (Windows NT 10.0; Win64; x64; rv:58.0) Gecko/20100101 Firefox/58.0|cs(Referer)=-|sc-filter-result=OBSERVED|filter-category=Technology/Internet|cs-uri=tcp://outlook.office365.com/:443
1
Bluecoat|src=10.0.1.66|srcport=22837|dst=232.2.173.113|dstport=80|username=jmaldonado|devicetime=2018/04/13 12:24:33 GMT]|s-action=TCP_ERR_MISS|sc-status=503|cs-method=GET|time-taken=1|sc-bytes=185|cs-bytes=216|cs-uri-scheme=tcp|cs-host=ghostery-collector.ghostery.com/v2/lookuptable|cs-uri-path=/|cs-uri-query=-|cs-uri-extension=-|cs-auth-group=SIOC\Internet|rs(Content-Type)=-|cs(User-Agent)=Mozilla/5.0 (Windows NT 10.0; Win64; x64; rv:59.0) Gecko/20100101 Firefox/59.0|cs(Referer)=-|sc-filter-result=DENIED|filter-category=Technology/Internet|cs-uri=tcp://ghostery-collector.ghostery.com/v2/lookuptable:443
1
Bluecoat|src=10.0.1.252|srcport=38627|dst=15.28.174.181|dstport=80|username=fhogan|devicetime=2018/04/13 12:24:33 GMT]|s-action=TCP_RESCAN_HIT|sc-status=200|cs-method=GET|time-taken=1|sc-bytes=185|cs-bytes=216|cs-uri-scheme=tcp|cs-host=raw.githubusercontent.com/|cs-uri-path=/|cs-uri-query=-|cs-uri-extension=-|cs-auth-group=SIOC\Internet|rs(Content-Type)=-|cs(User-Agent)=Mozilla/5.0 (Windows NT 10.0; Win64; x64) AppleWebKit/537.36 (KHTML, like Gecko) Chrome/64.0.3282.186 Safari/537.36 OPR/51.0.2830.55|cs(Referer)=-|sc-filter-result=OBSERVED|filter-category=Technology/Internet|cs-uri=tcp://raw.githubusercontent.com/:443
<14>Apr 13 12:24:34 Percy LEEF:1.0|Palo Alto Networks|PAN-OS Syslog Integration|7.1.14|Gh0st.Gen Command and Control Traffic(13264)|ReceiveTime=2018/04/13 12:24:34|SerialNumber=001122334455|cat=THREAT|subtype=spyware|devTime=Apr 13 2018 12:24:34 GMT|src=13.51.255.26|dst=151.251.119.224|srcPostNAT=0.0.0.0|dstPostNAT=0.0.0.0|RuleName=Server with internet access|usrName=|SourceUser=|DestinationUser=|Application=ssl|VirtualSystem=vsys1|SourceZone=Servers|DestinationZone=Interconnect|IngressInterface=ae1.20|EgressInterface=ethernet1/3.10|LogForwardingProfile=PA_Syslog_Trafic|SessionID=396225|RepeatCount=1|srcPort=61533|dstPort=443|srcPostNATPort=0|dstPostNATPort=0|Flags=0xf000|proto=tcp|action=sinkhole|Miscellaneous="grafana.com/"|ThreatID=(9999)|URLCategory=computer-and-internet-info|sev=1|Severity=informational|Direction=client-to-server|sequence=22946006|ActionFlags=0x0|SourceLocation=10.0.0.0-10.255.255.255|DestinationLocation=US|ContentType=|PCAP_ID=0|FileDigest=|Cloud=|URLIndex=0|UserAgent=|FileType=|identSrc=|Referer=|Sender=|Subject=|Recipient=|ReportID=0|DeviceGroupHierarchyL1=0|DeviceGroupHierarchyL2=0|DeviceGroupHierarchyL3=0|DeviceGroupHierarchyL4=0|vSrcName=|DeviceName=Percy
<13>Apr 13 12:24:35 Ballanomy AgentDevice=WindowsLog    AgentLogFile=Security    PluginVersion=7.2.7.20    Source=Microsoft-Windows-Security-Auditing    Computer=Ballanomy    OriginatingComputer=10.0.0.192    User=    Domain=    EventID=4776    EventIDCode=4776    EventType=8    EventCategory=0    RecordNumber=644124781    TimeGenerated=1523478419    TimeWritten=1523478419    Level=Log Always    Keywords=Audit Success	Task=SE_ADT_ACCOUNTLOGON_CREDENTIALVALIDATION	Opcode=Info	Message=The computer attempted to validate the credentials for an account.  Subject:  Security ID:  NULL SID  Account Name:  -  Account Domain:  -  Logon ID:  0x0  Logon Type:   3  Impersonation Level:  Impersonation  New Logon:  Security ID:  SIOC\smartin  Account Name:  smartin  Account Domain:  SIOC  Logon ID:  0xE9A64342  Logon GUID:  {905B9F13-F6D8-8DD9-719B-933E40659F0E}  Process Information:  Process ID:  0x0  Process Name:  -  Network Information:  Workstation Name: -  Source Network Address: 10.0.0.192  Source Port:  39134  Detailed Authentication Information:  Logon Process:  Kerberos  Authentication Package
<13>Apr 13 12:24:37 Alitorce AgentDevice=WindowsLog    AgentLogFile=Security    PluginVersion=7.2.7.20    Source=Microsoft-Windows-Security-Auditing    Computer=Alitorce    OriginatingComputer=10.0.0.113    User=    Domain=    EventID=4634    EventIDCode=4634    EventType=8    EventCategory=0    RecordNumber=644124781    TimeGenerated=1523478419    TimeWritten=1523478419    Level=Log Always    Keywords=Audit Success	Task=SE_ADT_LOGON_LOGOFF	Opcode=Info	Message=An account was logged off.  Subject:  Security ID:  NULL SID  Account Name:  -  Account Domain:  -  Logon ID:  0x0  Logon Type:   3  Impersonation Level:  Impersonation  New Logon:  Security ID:  SIOC\asteele  Account Name:  asteele  Account Domain:  SIOC  Logon ID:  0xE9A64342  Logon GUID:  {905B9F13-F6D8-8DD9-719B-933E40659F0E}  Process Information:  Process ID:  0x0  Process Name:  -  Network Information:  Workstation Name: -  Source Network Address: 10.0.0.113  Source Port:  46100  Detailed Authentication Information:  Logon Process:  Kerberos  Authentication Package
<13>Apr 13 12:24:37 Antonech AgentDevice=WindowsLog    AgentLogFile=Security    PluginVersion=7.2.7.20    Source=Microsoft-Windows-Security-Auditing    Computer=BeatGrabs    OriginatingComputer=10.0.0.228    User=    Domain=    EventID=4634    EventIDCode=4634    EventType=8    EventCategory=0    RecordNumber=644124781    TimeGenerated=1523478419    TimeWritten=1523478419    Level=Log Always    Keywords=Audit Success	Task=SE_ADT_LOGON_LOGOFF	Opcode=Info	Message=An account was logged off.  Subject:  Security ID:  NULL SID  Account Name:  -  Account Domain:  -  Logon ID:  0x0  Logon Type:   3  Impersonation Level:  Impersonation  New Logon:  Security ID:  SIOC\fcaldwell  Account Name:  fcaldwell  Account Domain:  SIOC  Logon ID:  0xE9A64342  Logon GUID:  {905B9F13-F6D8-8DD9-719B-933E40659F0E}  Process Information:  Process ID:  0x0  Process Name:  -  Network Information:  Workstation Name: -  Source Network Address: 10.0.0.3  Source Port:  51928  Detailed Authentication Information:  Logon Process:  Kerberos  Authentication Package
<13>Apr 13 12:24:38 Ballanomy AgentDevice=WindowsLog    AgentLogFile=Security    PluginVersion=7.2.7.20    Source=Microsoft-Windows-Security-Auditing    Computer=BeatGrabs    OriginatingComputer=10.0.0.228    User=    Domain=    EventID=4672    EventIDCode=4672    EventType=8    EventCategory=0    RecordNumber=644124781    TimeGenerated=1523478419    TimeWritten=1523478419    Level=Log Always    Keywords=Audit Success	Task=SE_ADT_LOGON_SPECIALLOGON	Opcode=Info	Message=Special privileges assigned to new logon.  Subject:  Security ID:  NULL SID  Account Name:  -  Account Domain:  -  Logon ID:  0x0  Logon Type:   3  Impersonation Level:  Impersonation  New Logon:  Security ID:  SIOC\psaunders  Account Name:  psaunders  Account Domain:  SIOC  Logon ID:  0xE9A64342  Logon GUID:  {905B9F13-F6D8-8DD9-719B-933E40659F0E}  Process Information:  Process ID:  0x0  Process Name:  -  Network Information:  Workstation Name: -  Source Network Address: 10.0.0.192  Source Port:  2131  Detailed Authentication Information:  Logon Process:  Kerberos  Authentication Package
2
Bluecoat|src=10.0.0.113|srcport=3308|dst=127.6.157.71|dstport=80|username=ewallace|devicetime=2018/04/13 12:24:38 GMT]|s-action=TCP_ERR_MISS|sc-status=503|cs-method=GET|time-taken=1|sc-bytes=185|cs-bytes=216|cs-uri-scheme=tcp|cs-host=cloud-ec-asn.amp.cisco.com/|cs-uri-path=/|cs-uri-query=-|cs-uri-extension=-|cs-auth-group=SIOC\Internet|rs(Content-Type)=-|cs(User-Agent)=Mozilla/5.0 (X11; Linux x86_64) AppleWebKit/537.36 (KHTML, like Gecko) Ubuntu Chromium/64.0.3282.167 Chrome/64.0.3282.167 Safari/537.36|cs(Referer)=-|sc-filter-result=DENIED|filter-category=Technology/Internet|cs-uri=tcp://cloud-ec-asn.amp.cisco.com/:443
<14>1 2018-04-10T17:40:13.308962-04:00 Benedict sshd[5279]: Connection from 10.0.1.252 port 19764 on 10.0.1.252 port 22
<13>Apr 13 12:24:42 Alitorce AgentDevice=WindowsLog    AgentLogFile=Security    PluginVersion=7.2.7.20    Source=Microsoft-Windows-Security-Auditing    Computer=BeatGrabs    OriginatingComputer=10.0.0.228    User=    Domain=    EventID=4624    EventIDCode=4624    EventType=8    EventCategory=0    RecordNumber=644124781    TimeGenerated=1523478419    TimeWritten=1523478419    Level=Log Always    Keywords=Audit Success	Task=SE_ADT_LOGON_LOGON	Opcode=Info	Message=An account was successfully logged on.  Subject:  Security ID:  NULL SID  Account Name:  -  Account Domain:  -  Logon ID:  0x0  Logon Type:   3  Impersonation Level:  Impersonation  New Logon:  Security ID:  SIOC\cbarnes  Account Name:  cbarnes  Account Domain:  SIOC  Logon ID:  0xE9A64342  Logon GUID:  {905B9F13-F6D8-8DD9-719B-933E40659F0E}  Process Information:  Process ID:  0x0  Process Name:  -  Network Information:  Workstation Name: -  Source Network Address: 10.0.0.113  Source Port:  1532  Detailed Authentication Information:  Logon Process:  Kerberos  Authentication Package
<13>Apr 13 12:24:43 Ballanomy AgentDevice=WindowsLog    AgentLogFile=Security    PluginVersion=7.2.7.20    Source=Microsoft-Windows-Security-Auditing    Computer=Ballanomy    OriginatingComputer=10.0.0.192    User=    Domain=    EventID=4776    EventIDCode=4776    EventType=8    EventCategory=0    RecordNumber=644124781    TimeGenerated=1523478419    TimeWritten=1523478419    Level=Log Always    Keywords=Audit Success	Task=SE_ADT_ACCOUNTLOGON_CREDENTIALVALIDATION	Opcode=Info	Message=The computer attempted to validate the credentials for an account.  Subject:  Security ID:  NULL SID  Account Name:  -  Account Domain:  -  Logon ID:  0x0  Logon Type:   3  Impersonation Level:  Impersonation  New Logon:  Security ID:  SIOC\ewagner  Account Name:  ewagner  Account Domain:  SIOC  Logon ID:  0xE9A64342  Logon GUID:  {905B9F13-F6D8-8DD9-719B-933E40659F0E}  Process Information:  Process ID:  0x0  Process Name:  -  Network Information:  Workstation Name: -  Source Network Address: 10.0.0.192  Source Port:  25380  Detailed Authentication Information:  Logon Process:  Kerberos  Authentication Package
2
<29>Apr 13 12:24:43 ProxySG: 250047 Administrator login, user 'admin', from 10.0.0.3(0) NORMAL_EVENT authconsole.cpp 487
1
Bluecoat|src=10.0.1.217|srcport=57979|dst=43.72.12.232|dstport=80|username=jwise|devicetime=2018/04/13 12:24:44 GMT]|s-action=TCP_REFRESH_MISS|sc-status=200|cs-method=GET|time-taken=1|sc-bytes=185|cs-bytes=216|cs-uri-scheme=tcp|cs-host=www.msftconnecttest.com|cs-uri-path=/|cs-uri-query=-|cs-uri-extension=-|cs-auth-group=SIOC\Internet|rs(Content-Type)=-|cs(User-Agent)=Mozilla/5.0 (Windows NT 6.1; Win64; x64) AppleWebKit/537.36 (KHTML, like Gecko) Chrome/65.0.3325.181 Safari/537.36|cs(Referer)=-|sc-filter-result=OBSERVED|filter-category=Technology/Internet|cs-uri=tcp://www.msftconnecttest.com:443
<14>Apr 13 12:24:44 Fred LEEF:1.0|Palo Alto Networks|PAN-OS Syslog Integration|7.1.14|deny|cat=PA Series Traffic|ReceiveTime=2018/04/13 12:24:44|SerialNumber=001122334455|Type=PA Series Traffic|subtype=drop|devTime=Apr 13 2018 12:24:44 GMT|src=100.74.229.250|dst=10.0.2.178|srcPostNAT=0.0.0.0|dstPostNAT=0.0.0.0|RuleName=All_to_Servers|usrName=SIOC\cnorton|SourceUser=SIOC\cnorton|DestinationUser=|Application=google-base|VirtualSystem=vsys1|SourceZone=Users|DestinationZone=Servers|IngressInterface=ae1.40|EgressInterface=ae1.20|LogForwardingProfile=SIOC_Alerts|SessionID=312844|RepeatCount=1|srcPort=1679|dstPort=46526|srcPostNATPort=0|dstPostNATPort=0|Flags=0x4000|proto=tcp|action=deny|totalBytes=2871|dstBytes=70|srcBytes=2801|totalPackets=5|StartTime=2018/04/13 12:24:44|ElapsedTime=0|URLCategory=reference-and-research|sequence=241584115|ActionFlags=0x0|SourceLocation=10.0.0.0-10.255.255.255|DestinationLocation=10.0.0.0-10.255.255.255|dstPackets=1|srcPackets=4|SessionEndReason=policy-deny|DeviceGroupHierarchyL1=0|DeviceGroupHierarchyL2=0|DeviceGroupHierarchyL3=0|DeviceGroupHierarchyL4=0|vSrcName=|DeviceName=PA-3050_HA1|ActionSource=from-policy
<14>Apr 13 12:24:45 Fred LEEF:1.0|Palo Alto Networks|PAN-OS Syslog Integration|7.1.14|allow|cat=PA Series Traffic|ReceiveTime=2018/04/13 12:24:45|SerialNumber=001122334455|Type=PA Series Traffic|subtype=end|devTime=Apr 13 2018 12:24:45 GMT|src=68.137.69.124|dst=10.0.2.52|srcPostNAT=0.0.0.0|dstPostNAT=0.0.0.0|RuleName=All_to_Servers|usrName=SIOC\jporter|SourceUser=SIOC\jporter|DestinationUser=|Application=datadog|VirtualSystem=vsys1|SourceZone=Users|DestinationZone=Servers|IngressInterface=ae1.40|EgressInterface=ae1.20|LogForwardingProfile=SIOC_Alerts|SessionID=312844|RepeatCount=1|srcPort=65056|dstPort=56731|srcPostNATPort=0|dstPostNATPort=0|Flags=0x4000|proto=tcp|action=allow|totalBytes=2871|dstBytes=70|srcBytes=2801|totalPackets=5|StartTime=2018/04/13 12:24:45|ElapsedTime=0|URLCategory=computer-and-internet-info|sequence=241584115|ActionFlags=0x0|SourceLocation=10.0.0.0-10.255.255.255|DestinationLocation=10.0.0.0-10.255.255.255|dstPackets=1|srcPackets=4|SessionEndReason=n/a|DeviceGroupHierarchyL1=0|DeviceGroupHierarchyL2=0|DeviceGroupHierarchyL3=0|DeviceGroupHierarchyL4=0|vSrcName=|DeviceName=PA-3050_HA1|ActionSource=from-policy
<14>1 2018-04-13T12:24:46000000-04:00 Honorius sshd[5837]: Accepted publickey for mneal from 10.0.1.80 port 32504 ssh2: RSA 2a:50:1b:8b:93:7c:28:0a:d4:70:00:eb:03:d1:b2:14:cb:f5:db:ec
<13>Apr 13 12:24:48 BeatGrabs AgentDevice=WindowsLog    AgentLogFile=Security    PluginVersion=7.2.7.20    Source=Microsoft-Windows-Security-Auditing    Computer=Alitorce    OriginatingComputer=10.0.0.113    User=    Domain=    EventID=4776    EventIDCode=4776    EventType=8    EventCategory=0    RecordNumber=644124781    TimeGenerated=1523478419    TimeWritten=1523478419    Level=Log Always    Keywords=Audit Success	Task=SE_ADT_ACCOUNTLOGON_CREDENTIALVALIDATION	Opcode=Info	Message=The computer attempted to validate the credentials for an account.  Subject:  Security ID:  NULL SID  Account Name:  -  Account Domain:  -  Logon ID:  0x0  Logon Type:   3  Impersonation Level:  Impersonation  New Logon:  Security ID:  SIOC\rpeterson  Account Name:  rpeterson  Account Domain:  SIOC  Logon ID:  0xE9A64342  Logon GUID:  {905B9F13-F6D8-8DD9-719B-933E40659F0E}  Process Information:  Process ID:  0x0  Process Name:  -  Network Information:  Workstation Name: -  Source Network Address: 10.0.0.228  Source Port:  60205  Detailed Authentication Information:  Logon Process:  Kerberos  Authentication Package
